[0.000000] (-) TimerEvent: {}
[0.000371] (bringup) JobQueued: {'identifier': 'bringup', 'dependencies': OrderedDict()}
[0.000597] (mission) JobQueued: {'identifier': 'mission', 'dependencies': OrderedDict()}
[0.000650] (mission_control) JobQueued: {'identifier': 'mission_control', 'dependencies': OrderedDict()}
[0.000699] (bringup) JobStarted: {'identifier': 'bringup'}
[0.011829] (mission) JobStarted: {'identifier': 'mission'}
[0.020688] (mission_control) JobStarted: {'identifier': 'mission_control'}
[0.099486] (-) TimerEvent: {}
[0.199826] (-) TimerEvent: {}
[0.300198] (-) TimerEvent: {}
[0.400629] (-) TimerEvent: {}
[0.501001] (-) TimerEvent: {}
[0.601316] (-) TimerEvent: {}
[0.701683] (-) TimerEvent: {}
[0.802085] (-) TimerEvent: {}
[0.902437] (-) TimerEvent: {}
[1.002714] (-) TimerEvent: {}
[1.103069] (-) TimerEvent: {}
[1.203483] (-) TimerEvent: {}
[1.303869] (-) TimerEvent: {}
[1.404265] (-) TimerEvent: {}
[1.421624] (mission_control) Command: {'cmd': ['/usr/bin/python3', '-W', 'ignore:setup.py install is deprecated', '-W', 'ignore:easy_install command is deprecated', 'setup.py', 'egg_info', '--egg-base', '../../build/mission_control', 'build', '--build-base', '/ros2_ws/build/mission_control/build', 'install', '--record', '/ros2_ws/build/mission_control/install.log', '--single-version-externally-managed', 'install_data'], 'cwd': '/ros2_ws/src/mission_control', 'env': {'HOSTNAME': 'Pc', 'SHLVL': '1', 'LD_LIBRARY_PATH': '/opt/ros/humble/lib/x86_64-linux-gnu:/opt/ros/humble/lib', 'HOME': '/root', 'OLDPWD': '/ros2_ws', 'ROS_PYTHON_VERSION': '3', 'ROS_DISTRO': 'humble', '_': '/usr/bin/colcon', 'ROS_VERSION': '2', 'TERM': 'xterm', 'ROS_LOCALHOST_ONLY': '0', 'QT_X11_NO_MITSHM': '1', 'PATH': '/opt/ros/humble/bin:/usr/local/sbin:/usr/local/bin:/usr/sbin:/usr/bin:/sbin:/bin', 'DISPLAY': ':0', 'LANG': 'C.UTF-8', 'RMW_IMPLEMENTATION': 'rmw_fastrtps_cpp', 'XAUTHORITY': '/root/.Xauthority', 'ROS_DOMAIN_ID': '1', 'AMENT_PREFIX_PATH': '/opt/ros/humble', 'DEBIAN_FRONTEND': 'noninteractive', 'PWD': '/ros2_ws/build/mission_control', 'LC_ALL': 'C.UTF-8', 'PYTHONPATH': '/ros2_ws/build/mission_control/prefix_override:/usr/lib/python3/dist-packages/colcon_core/task/python/colcon_distutils_commands:/ros2_ws/install/mission_control/lib/python3.10/site-packages:/opt/ros/humble/lib/python3.10/site-packages:/opt/ros/humble/local/lib/python3.10/dist-packages', 'COLCON': '1'}, 'shell': False}
[1.428300] (mission) Command: {'cmd': ['/usr/bin/python3', '-W', 'ignore:setup.py install is deprecated', '-W', 'ignore:easy_install command is deprecated', 'setup.py', 'egg_info', '--egg-base', '../../build/mission', 'build', '--build-base', '/ros2_ws/build/mission/build', 'install', '--record', '/ros2_ws/build/mission/install.log', '--single-version-externally-managed', 'install_data'], 'cwd': '/ros2_ws/src/mission', 'env': {'HOSTNAME': 'Pc', 'SHLVL': '1', 'LD_LIBRARY_PATH': '/opt/ros/humble/lib/x86_64-linux-gnu:/opt/ros/humble/lib', 'HOME': '/root', 'OLDPWD': '/ros2_ws', 'ROS_PYTHON_VERSION': '3', 'ROS_DISTRO': 'humble', '_': '/usr/bin/colcon', 'ROS_VERSION': '2', 'TERM': 'xterm', 'ROS_LOCALHOST_ONLY': '0', 'QT_X11_NO_MITSHM': '1', 'PATH': '/opt/ros/humble/bin:/usr/local/sbin:/usr/local/bin:/usr/sbin:/usr/bin:/sbin:/bin', 'DISPLAY': ':0', 'LANG': 'C.UTF-8', 'RMW_IMPLEMENTATION': 'rmw_fastrtps_cpp', 'XAUTHORITY': '/root/.Xauthority', 'ROS_DOMAIN_ID': '1', 'AMENT_PREFIX_PATH': '/opt/ros/humble', 'DEBIAN_FRONTEND': 'noninteractive', 'PWD': '/ros2_ws/build/mission', 'LC_ALL': 'C.UTF-8', 'PYTHONPATH': '/ros2_ws/build/mission/prefix_override:/usr/lib/python3/dist-packages/colcon_core/task/python/colcon_distutils_commands:/ros2_ws/install/mission/lib/python3.10/site-packages:/opt/ros/humble/lib/python3.10/site-packages:/opt/ros/humble/local/lib/python3.10/dist-packages', 'COLCON': '1'}, 'shell': False}
[1.437485] (bringup) Command: {'cmd': ['/usr/bin/python3', '-W', 'ignore:setup.py install is deprecated', '-W', 'ignore:easy_install command is deprecated', 'setup.py', 'egg_info', '--egg-base', '../../build/bringup', 'build', '--build-base', '/ros2_ws/build/bringup/build', 'install', '--record', '/ros2_ws/build/bringup/install.log', '--single-version-externally-managed', 'install_data'], 'cwd': '/ros2_ws/src/bringup', 'env': {'HOSTNAME': 'Pc', 'SHLVL': '1', 'LD_LIBRARY_PATH': '/opt/ros/humble/lib/x86_64-linux-gnu:/opt/ros/humble/lib', 'HOME': '/root', 'OLDPWD': '/ros2_ws', 'ROS_PYTHON_VERSION': '3', 'ROS_DISTRO': 'humble', '_': '/usr/bin/colcon', 'ROS_VERSION': '2', 'TERM': 'xterm', 'ROS_LOCALHOST_ONLY': '0', 'QT_X11_NO_MITSHM': '1', 'PATH': '/opt/ros/humble/bin:/usr/local/sbin:/usr/local/bin:/usr/sbin:/usr/bin:/sbin:/bin', 'DISPLAY': ':0', 'LANG': 'C.UTF-8', 'RMW_IMPLEMENTATION': 'rmw_fastrtps_cpp', 'XAUTHORITY': '/root/.Xauthority', 'ROS_DOMAIN_ID': '1', 'AMENT_PREFIX_PATH': '/opt/ros/humble', 'DEBIAN_FRONTEND': 'noninteractive', 'PWD': '/ros2_ws/build/bringup', 'LC_ALL': 'C.UTF-8', 'PYTHONPATH': '/ros2_ws/build/bringup/prefix_override:/usr/lib/python3/dist-packages/colcon_core/task/python/colcon_distutils_commands:/ros2_ws/install/bringup/lib/python3.10/site-packages:/opt/ros/humble/lib/python3.10/site-packages:/opt/ros/humble/local/lib/python3.10/dist-packages', 'COLCON': '1'}, 'shell': False}
[1.504409] (-) TimerEvent: {}
[1.604766] (-) TimerEvent: {}
[1.705119] (-) TimerEvent: {}
[1.744846] (mission) StdoutLine: {'line': b'running egg_info\n'}
[1.745166] (mission_control) StdoutLine: {'line': b'running egg_info\n'}
[1.745555] (mission_control) StdoutLine: {'line': b'creating ../../build/mission_control/mission_control.egg-info\n'}
[1.745671] (mission) StdoutLine: {'line': b'creating ../../build/mission/mission.egg-info\n'}
[1.755799] (bringup) StdoutLine: {'line': b'running egg_info\n'}
[1.756321] (bringup) StdoutLine: {'line': b'creating ../../build/bringup/bringup.egg-info\n'}
[1.756637] (mission_control) StdoutLine: {'line': b'writing ../../build/mission_control/mission_control.egg-info/PKG-INFO\n'}
[1.756945] (mission_control) StdoutLine: {'line': b'writing dependency_links to ../../build/mission_control/mission_control.egg-info/dependency_links.txt\n'}
[1.757208] (mission_control) StdoutLine: {'line': b'writing entry points to ../../build/mission_control/mission_control.egg-info/entry_points.txt\n'}
[1.757513] (mission) StdoutLine: {'line': b'writing ../../build/mission/mission.egg-info/PKG-INFO\n'}
[1.758097] (mission) StdoutLine: {'line': b'writing dependency_links to ../../build/mission/mission.egg-info/dependency_links.txt\n'}
[1.758232] (mission_control) StdoutLine: {'line': b'writing requirements to ../../build/mission_control/mission_control.egg-info/requires.txt\n'}
[1.758395] (mission_control) StdoutLine: {'line': b'writing top-level names to ../../build/mission_control/mission_control.egg-info/top_level.txt\n'}
[1.758599] (mission_control) StdoutLine: {'line': b"writing manifest file '../../build/mission_control/mission_control.egg-info/SOURCES.txt'\n"}
[1.758842] (mission) StdoutLine: {'line': b'writing entry points to ../../build/mission/mission.egg-info/entry_points.txt\n'}
[1.758904] (mission) StdoutLine: {'line': b'writing requirements to ../../build/mission/mission.egg-info/requires.txt\n'}
[1.758959] (mission) StdoutLine: {'line': b'writing top-level names to ../../build/mission/mission.egg-info/top_level.txt\n'}
[1.759011] (mission) StdoutLine: {'line': b"writing manifest file '../../build/mission/mission.egg-info/SOURCES.txt'\n"}
[1.767993] (bringup) StdoutLine: {'line': b'writing ../../build/bringup/bringup.egg-info/PKG-INFO\n'}
[1.768310] (bringup) StdoutLine: {'line': b'writing dependency_links to ../../build/bringup/bringup.egg-info/dependency_links.txt\n'}
[1.768565] (bringup) StdoutLine: {'line': b'writing requirements to ../../build/bringup/bringup.egg-info/requires.txt\n'}
[1.768751] (bringup) StdoutLine: {'line': b'writing top-level names to ../../build/bringup/bringup.egg-info/top_level.txt\n'}
[1.768929] (bringup) StdoutLine: {'line': b"writing manifest file '../../build/bringup/bringup.egg-info/SOURCES.txt'\n"}
[1.779301] (mission_control) StdoutLine: {'line': b"reading manifest file '../../build/mission_control/mission_control.egg-info/SOURCES.txt'\n"}
[1.779904] (mission) StdoutLine: {'line': b"reading manifest file '../../build/mission/mission.egg-info/SOURCES.txt'\n"}
[1.780147] (mission_control) StdoutLine: {'line': b"writing manifest file '../../build/mission_control/mission_control.egg-info/SOURCES.txt'\n"}
[1.780399] (mission_control) StdoutLine: {'line': b'running build\n'}
[1.780576] (mission_control) StdoutLine: {'line': b'running build_py\n'}
[1.780650] (mission) StdoutLine: {'line': b"writing manifest file '../../build/mission/mission.egg-info/SOURCES.txt'\n"}
[1.781062] (mission) StdoutLine: {'line': b'running build\n'}
[1.781199] (mission) StdoutLine: {'line': b'running build_py\n'}
[1.781276] (mission) StdoutLine: {'line': b'creating /ros2_ws/build/mission/build\n'}
[1.781612] (mission_control) StdoutLine: {'line': b'creating /ros2_ws/build/mission_control/build\n'}
[1.781829] (mission_control) StdoutLine: {'line': b'creating /ros2_ws/build/mission_control/build/lib\n'}
[1.782250] (mission_control) StdoutLine: {'line': b'creating /ros2_ws/build/mission_control/build/lib/mission_control\n'}
[1.782339] (mission) StdoutLine: {'line': b'creating /ros2_ws/build/mission/build/lib\n'}
[1.782541] (mission) StdoutLine: {'line': b'creating /ros2_ws/build/mission/build/lib/mission\n'}
[1.783288] (mission_control) StdoutLine: {'line': b'copying mission_control/ballon_pub.py -> /ros2_ws/build/mission_control/build/lib/mission_control\n'}
[1.783581] (mission) StdoutLine: {'line': b'copying mission/approach.py -> /ros2_ws/build/mission/build/lib/mission\n'}
[1.783747] (mission_control) StdoutLine: {'line': b'copying mission_control/__init__.py -> /ros2_ws/build/mission_control/build/lib/mission_control\n'}
[1.783939] (mission_control) StdoutLine: {'line': b'copying mission_control/monitor.py -> /ros2_ws/build/mission_control/build/lib/mission_control\n'}
[1.784157] (mission) StdoutLine: {'line': b'copying mission/colin_drone_node.py -> /ros2_ws/build/mission/build/lib/mission\n'}
[1.784227] (mission_control) StdoutLine: {'line': b'running install\n'}
[1.784565] (mission) StdoutLine: {'line': b'copying mission/__init__.py -> /ros2_ws/build/mission/build/lib/mission\n'}
[1.784884] (mission) StdoutLine: {'line': b'running install\n'}
[1.788695] (mission_control) StdoutLine: {'line': b'running install_lib\n'}
[1.789807] (mission) StdoutLine: {'line': b'running install_lib\n'}
[1.793187] (bringup) StdoutLine: {'line': b"reading manifest file '../../build/bringup/bringup.egg-info/SOURCES.txt'\n"}
[1.793842] (bringup) StdoutLine: {'line': b"writing manifest file '../../build/bringup/bringup.egg-info/SOURCES.txt'\n"}
[1.794103] (bringup) StdoutLine: {'line': b'running build\n'}
[1.794300] (bringup) StdoutLine: {'line': b'running build_py\n'}
[1.794617] (bringup) StdoutLine: {'line': b'creating /ros2_ws/build/bringup/build\n'}
[1.794945] (bringup) StdoutLine: {'line': b'creating /ros2_ws/build/bringup/build/lib\n'}
[1.795546] (bringup) StdoutLine: {'line': b'creating /ros2_ws/build/bringup/build/lib/bringup\n'}
[1.796268] (bringup) StdoutLine: {'line': b'copying bringup/colin.launch.py -> /ros2_ws/build/bringup/build/lib/bringup\n'}
[1.796520] (bringup) StdoutLine: {'line': b'copying bringup/__init__.py -> /ros2_ws/build/bringup/build/lib/bringup\n'}
[1.796809] (bringup) StdoutLine: {'line': b'running install\n'}
[1.800433] (mission_control) StdoutLine: {'line': b'creating /ros2_ws/install/mission_control/lib/python3.10/site-packages/mission_control\n'}
[1.801167] (mission_control) StdoutLine: {'line': b'copying /ros2_ws/build/mission_control/build/lib/mission_control/ballon_pub.py -> /ros2_ws/install/mission_control/lib/python3.10/site-packages/mission_control\n'}
[1.801386] (bringup) StdoutLine: {'line': b'running install_lib\n'}
[1.801548] (mission) StdoutLine: {'line': b'creating /ros2_ws/install/mission/lib/python3.10/site-packages/mission\n'}
[1.801906] (mission_control) StdoutLine: {'line': b'copying /ros2_ws/build/mission_control/build/lib/mission_control/__init__.py -> /ros2_ws/install/mission_control/lib/python3.10/site-packages/mission_control\n'}
[1.801984] (mission_control) StdoutLine: {'line': b'copying /ros2_ws/build/mission_control/build/lib/mission_control/monitor.py -> /ros2_ws/install/mission_control/lib/python3.10/site-packages/mission_control\n'}
[1.802249] (mission) StdoutLine: {'line': b'copying /ros2_ws/build/mission/build/lib/mission/approach.py -> /ros2_ws/install/mission/lib/python3.10/site-packages/mission\n'}
[1.802527] (mission_control) StdoutLine: {'line': b'byte-compiling /ros2_ws/install/mission_control/lib/python3.10/site-packages/mission_control/ballon_pub.py to ballon_pub.cpython-310.pyc\n'}
[1.802667] (mission) StdoutLine: {'line': b'copying /ros2_ws/build/mission/build/lib/mission/colin_drone_node.py -> /ros2_ws/install/mission/lib/python3.10/site-packages/mission\n'}
[1.802730] (mission) StdoutLine: {'line': b'copying /ros2_ws/build/mission/build/lib/mission/__init__.py -> /ros2_ws/install/mission/lib/python3.10/site-packages/mission\n'}
[1.803121] (mission) StdoutLine: {'line': b'byte-compiling /ros2_ws/install/mission/lib/python3.10/site-packages/mission/approach.py to approach.cpython-310.pyc\n'}
[1.804591] (mission_control) StdoutLine: {'line': b'byte-compiling /ros2_ws/install/mission_control/lib/python3.10/site-packages/mission_control/__init__.py to __init__.cpython-310.pyc\n'}
[1.804820] (mission_control) StdoutLine: {'line': b'byte-compiling /ros2_ws/install/mission_control/lib/python3.10/site-packages/mission_control/monitor.py to monitor.cpython-310.pyc\n'}
[1.805201] (-) TimerEvent: {}
[1.805417] (mission) StdoutLine: {'line': b'byte-compiling /ros2_ws/install/mission/lib/python3.10/site-packages/mission/colin_drone_node.py to colin_drone_node.cpython-310.pyc\n'}
[1.805669] (mission_control) StdoutLine: {'line': b'running install_data\n'}
[1.805895] (mission_control) StdoutLine: {'line': b'creating /ros2_ws/install/mission_control/share/ament_index\n'}
[1.806056] (mission) StdoutLine: {'line': b'byte-compiling /ros2_ws/install/mission/lib/python3.10/site-packages/mission/__init__.py to __init__.cpython-310.pyc\n'}
[1.806223] (mission) StdoutLine: {'line': b'running install_data\n'}
[1.806443] (mission) StdoutLine: {'line': b'creating /ros2_ws/install/mission/share/ament_index\n'}
[1.806635] (mission_control) StdoutLine: {'line': b'creating /ros2_ws/install/mission_control/share/ament_index/resource_index\n'}
[1.807045] (mission) StdoutLine: {'line': b'creating /ros2_ws/install/mission/share/ament_index/resource_index\n'}
[1.807488] (mission_control) StdoutLine: {'line': b'creating /ros2_ws/install/mission_control/share/ament_index/resource_index/packages\n'}
[1.807954] (mission) StdoutLine: {'line': b'creating /ros2_ws/install/mission/share/ament_index/resource_index/packages\n'}
[1.808213] (mission_control) StdoutLine: {'line': b'copying resource/mission_control -> /ros2_ws/install/mission_control/share/ament_index/resource_index/packages\n'}
[1.808407] (mission_control) StdoutLine: {'line': b'copying package.xml -> /ros2_ws/install/mission_control/share/mission_control\n'}
[1.808755] (mission_control) StdoutLine: {'line': b'running install_egg_info\n'}
[1.808855] (mission) StdoutLine: {'line': b'copying resource/mission -> /ros2_ws/install/mission/share/ament_index/resource_index/packages\n'}
[1.808934] (mission) StdoutLine: {'line': b'copying package.xml -> /ros2_ws/install/mission/share/mission\n'}
[1.809272] (mission) StdoutLine: {'line': b'running install_egg_info\n'}
[1.812163] (bringup) StdoutLine: {'line': b'creating /ros2_ws/install/bringup/lib/python3.10/site-packages/bringup\n'}
[1.812800] (bringup) StdoutLine: {'line': b'copying /ros2_ws/build/bringup/build/lib/bringup/colin.launch.py -> /ros2_ws/install/bringup/lib/python3.10/site-packages/bringup\n'}
[1.813035] (bringup) StdoutLine: {'line': b'copying /ros2_ws/build/bringup/build/lib/bringup/__init__.py -> /ros2_ws/install/bringup/lib/python3.10/site-packages/bringup\n'}
[1.813623] (bringup) StdoutLine: {'line': b'byte-compiling /ros2_ws/install/bringup/lib/python3.10/site-packages/bringup/colin.launch.py to colin.launch.cpython-310.pyc\n'}
[1.814819] (bringup) StdoutLine: {'line': b'byte-compiling /ros2_ws/install/bringup/lib/python3.10/site-packages/bringup/__init__.py to __init__.cpython-310.pyc\n'}
[1.815083] (bringup) StdoutLine: {'line': b'running install_data\n'}
[1.815274] (bringup) StdoutLine: {'line': b'creating /ros2_ws/install/bringup/share/ament_index\n'}
[1.815946] (bringup) StdoutLine: {'line': b'creating /ros2_ws/install/bringup/share/ament_index/resource_index\n'}
[1.816663] (bringup) StdoutLine: {'line': b'creating /ros2_ws/install/bringup/share/ament_index/resource_index/packages\n'}
[1.817347] (bringup) StdoutLine: {'line': b'copying resource/bringup -> /ros2_ws/install/bringup/share/ament_index/resource_index/packages\n'}
[1.817558] (bringup) StdoutLine: {'line': b'copying package.xml -> /ros2_ws/install/bringup/share/bringup\n'}
[1.817725] (bringup) StdoutLine: {'line': b'running install_egg_info\n'}
[1.822581] (mission_control) StdoutLine: {'line': b'Copying ../../build/mission_control/mission_control.egg-info to /ros2_ws/install/mission_control/lib/python3.10/site-packages/mission_control-0.0.0-py3.10.egg-info\n'}
[1.822734] (mission) StdoutLine: {'line': b'Copying ../../build/mission/mission.egg-info to /ros2_ws/install/mission/lib/python3.10/site-packages/mission-0.0.0-py3.10.egg-info\n'}
[1.824312] (mission) StdoutLine: {'line': b'running install_scripts\n'}
[1.824521] (mission_control) StdoutLine: {'line': b'running install_scripts\n'}
[1.831324] (bringup) StdoutLine: {'line': b'Copying ../../build/bringup/bringup.egg-info to /ros2_ws/install/bringup/lib/python3.10/site-packages/bringup-0.0.0-py3.10.egg-info\n'}
[1.833668] (bringup) StdoutLine: {'line': b'running install_scripts\n'}
[1.884380] (mission) StdoutLine: {'line': b'Installing approach script to /ros2_ws/install/mission/lib/mission\n'}
[1.885163] (mission) StdoutLine: {'line': b'Installing colin_drone_node script to /ros2_ws/install/mission/lib/mission\n'}
[1.885494] (mission) StdoutLine: {'line': b"writing list of installed files to '/ros2_ws/build/mission/install.log'\n"}
[1.894108] (mission_control) StdoutLine: {'line': b'Installing balloon script to /ros2_ws/install/mission_control/lib/mission_control\n'}
[1.895258] (mission_control) StdoutLine: {'line': b'Installing monitor script to /ros2_ws/install/mission_control/lib/mission_control\n'}
[1.895908] (mission_control) StdoutLine: {'line': b"writing list of installed files to '/ros2_ws/build/mission_control/install.log'\n"}
[1.902757] (bringup) StdoutLine: {'line': b"writing list of installed files to '/ros2_ws/build/bringup/install.log'\n"}
[1.905393] (-) TimerEvent: {}
[1.936015] (mission) CommandEnded: {'returncode': 0}
[1.950293] (mission) JobEnded: {'identifier': 'mission', 'rc': 0}
[1.952856] (mission_control) CommandEnded: {'returncode': 0}
[1.959778] (mission_control) JobEnded: {'identifier': 'mission_control', 'rc': 0}
[1.961464] (bringup) CommandEnded: {'returncode': 0}
[1.969591] (bringup) JobEnded: {'identifier': 'bringup', 'rc': 0}
[1.971952] (-) EventReactorShutdown: {}
