[1.356s] Invoking command in '/ros2_ws/src/bringup': PYTHONPATH=/ros2_ws/build/bringup/prefix_override:/usr/lib/python3/dist-packages/colcon_core/task/python/colcon_distutils_commands:/ros2_ws/install/bringup/lib/python3.10/site-packages:${PYTHONPATH} /usr/bin/python3 -W ignore:setup.py install is deprecated -W ignore:easy_install command is deprecated setup.py egg_info --egg-base ../../build/bringup build --build-base /ros2_ws/build/bringup/build install --record /ros2_ws/build/bringup/install.log --single-version-externally-managed install_data
[1.679s] running egg_info
[1.679s] creating ../../build/bringup/bringup.egg-info
[1.693s] writing ../../build/bringup/bringup.egg-info/PKG-INFO
[1.693s] writing dependency_links to ../../build/bringup/bringup.egg-info/dependency_links.txt
[1.694s] writing requirements to ../../build/bringup/bringup.egg-info/requires.txt
[1.694s] writing top-level names to ../../build/bringup/bringup.egg-info/top_level.txt
[1.694s] writing manifest file '../../build/bringup/bringup.egg-info/SOURCES.txt'
[1.717s] reading manifest file '../../build/bringup/bringup.egg-info/SOURCES.txt'
[1.718s] writing manifest file '../../build/bringup/bringup.egg-info/SOURCES.txt'
[1.718s] running build
[1.718s] running build_py
[1.719s] creating /ros2_ws/build/bringup/build
[1.719s] creating /ros2_ws/build/bringup/build/lib
[1.720s] creating /ros2_ws/build/bringup/build/lib/bringup
[1.720s] copying bringup/__init__.py -> /ros2_ws/build/bringup/build/lib/bringup
[1.720s] running install
[1.725s] running install_lib
[1.737s] creating /ros2_ws/install/bringup/lib/python3.10/site-packages/bringup
[1.738s] copying /ros2_ws/build/bringup/build/lib/bringup/__init__.py -> /ros2_ws/install/bringup/lib/python3.10/site-packages/bringup
[1.739s] byte-compiling /ros2_ws/install/bringup/lib/python3.10/site-packages/bringup/__init__.py to __init__.cpython-310.pyc
[1.740s] running install_data
[1.740s] creating /ros2_ws/install/bringup/share/ament_index
[1.741s] creating /ros2_ws/install/bringup/share/ament_index/resource_index
[1.741s] creating /ros2_ws/install/bringup/share/ament_index/resource_index/packages
[1.742s] copying resource/bringup -> /ros2_ws/install/bringup/share/ament_index/resource_index/packages
[1.742s] copying package.xml -> /ros2_ws/install/bringup/share/bringup
[1.742s] creating /ros2_ws/install/bringup/share/bringup/launch
[1.743s] copying launch/colin.launch.py -> /ros2_ws/install/bringup/share/bringup/launch
[1.744s] running install_egg_info
[1.758s] Copying ../../build/bringup/bringup.egg-info to /ros2_ws/install/bringup/lib/python3.10/site-packages/bringup-0.0.0-py3.10.egg-info
[1.759s] running install_scripts
[1.823s] writing list of installed files to '/ros2_ws/build/bringup/install.log'
[1.863s] Invoked command in '/ros2_ws/src/bringup' returned '0': PYTHONPATH=/ros2_ws/build/bringup/prefix_override:/usr/lib/python3/dist-packages/colcon_core/task/python/colcon_distutils_commands:/ros2_ws/install/bringup/lib/python3.10/site-packages:${PYTHONPATH} /usr/bin/python3 -W ignore:setup.py install is deprecated -W ignore:easy_install command is deprecated setup.py egg_info --egg-base ../../build/bringup build --build-base /ros2_ws/build/bringup/build install --record /ros2_ws/build/bringup/install.log --single-version-externally-managed install_data
