[1.418s] Invoking command in '/ros2_ws/src/mission': PYTHONPATH=/ros2_ws/build/mission/prefix_override:/usr/lib/python3/dist-packages/colcon_core/task/python/colcon_distutils_commands:/ros2_ws/install/mission/lib/python3.10/site-packages:${PYTHONPATH} /usr/bin/python3 -W ignore:setup.py install is deprecated -W ignore:easy_install command is deprecated setup.py egg_info --egg-base ../../build/mission build --build-base /ros2_ws/build/mission/build install --record /ros2_ws/build/mission/install.log --single-version-externally-managed install_data
[1.733s] running egg_info
[1.734s] creating ../../build/mission/mission.egg-info
[1.746s] writing ../../build/mission/mission.egg-info/PKG-INFO
[1.746s] writing dependency_links to ../../build/mission/mission.egg-info/dependency_links.txt
[1.747s] writing entry points to ../../build/mission/mission.egg-info/entry_points.txt
[1.747s] writing requirements to ../../build/mission/mission.egg-info/requires.txt
[1.747s] writing top-level names to ../../build/mission/mission.egg-info/top_level.txt
[1.747s] writing manifest file '../../build/mission/mission.egg-info/SOURCES.txt'
[1.768s] reading manifest file '../../build/mission/mission.egg-info/SOURCES.txt'
[1.769s] writing manifest file '../../build/mission/mission.egg-info/SOURCES.txt'
[1.769s] running build
[1.769s] running build_py
[1.770s] creating /ros2_ws/build/mission/build
[1.771s] creating /ros2_ws/build/mission/build/lib
[1.771s] creating /ros2_ws/build/mission/build/lib/mission
[1.772s] copying mission/approach.py -> /ros2_ws/build/mission/build/lib/mission
[1.772s] copying mission/colin_drone_node.py -> /ros2_ws/build/mission/build/lib/mission
[1.773s] copying mission/__init__.py -> /ros2_ws/build/mission/build/lib/mission
[1.773s] running install
[1.778s] running install_lib
[1.790s] creating /ros2_ws/install/mission/lib/python3.10/site-packages/mission
[1.791s] copying /ros2_ws/build/mission/build/lib/mission/approach.py -> /ros2_ws/install/mission/lib/python3.10/site-packages/mission
[1.791s] copying /ros2_ws/build/mission/build/lib/mission/colin_drone_node.py -> /ros2_ws/install/mission/lib/python3.10/site-packages/mission
[1.791s] copying /ros2_ws/build/mission/build/lib/mission/__init__.py -> /ros2_ws/install/mission/lib/python3.10/site-packages/mission
[1.791s] byte-compiling /ros2_ws/install/mission/lib/python3.10/site-packages/mission/approach.py to approach.cpython-310.pyc
[1.794s] byte-compiling /ros2_ws/install/mission/lib/python3.10/site-packages/mission/colin_drone_node.py to colin_drone_node.cpython-310.pyc
[1.794s] byte-compiling /ros2_ws/install/mission/lib/python3.10/site-packages/mission/__init__.py to __init__.cpython-310.pyc
[1.794s] running install_data
[1.795s] creating /ros2_ws/install/mission/share/ament_index
[1.795s] creating /ros2_ws/install/mission/share/ament_index/resource_index
[1.796s] creating /ros2_ws/install/mission/share/ament_index/resource_index/packages
[1.797s] copying resource/mission -> /ros2_ws/install/mission/share/ament_index/resource_index/packages
[1.797s] copying package.xml -> /ros2_ws/install/mission/share/mission
[1.797s] running install_egg_info
[1.811s] Copying ../../build/mission/mission.egg-info to /ros2_ws/install/mission/lib/python3.10/site-packages/mission-0.0.0-py3.10.egg-info
[1.812s] running install_scripts
[1.873s] Installing approach script to /ros2_ws/install/mission/lib/mission
[1.873s] Installing colin_drone_node script to /ros2_ws/install/mission/lib/mission
[1.874s] writing list of installed files to '/ros2_ws/build/mission/install.log'
[1.925s] Invoked command in '/ros2_ws/src/mission' returned '0': PYTHONPATH=/ros2_ws/build/mission/prefix_override:/usr/lib/python3/dist-packages/colcon_core/task/python/colcon_distutils_commands:/ros2_ws/install/mission/lib/python3.10/site-packages:${PYTHONPATH} /usr/bin/python3 -W ignore:setup.py install is deprecated -W ignore:easy_install command is deprecated setup.py egg_info --egg-base ../../build/mission build --build-base /ros2_ws/build/mission/build install --record /ros2_ws/build/mission/install.log --single-version-externally-managed install_data
