[2.694s] Invoking command in '/ros2_ws/src/mission': PYTHONPATH=/ros2_ws/build/mission/prefix_override:/usr/lib/python3/dist-packages/colcon_core/task/python/colcon_distutils_commands:/ros2_ws/install/mission/lib/python3.10/site-packages:${PYTHONPATH} /usr/bin/python3 -W ignore:setup.py install is deprecated -W ignore:easy_install command is deprecated setup.py egg_info --egg-base ../../build/mission build --build-base /ros2_ws/build/mission/build install --record /ros2_ws/build/mission/install.log --single-version-externally-managed install_data
[3.443s] running egg_info
[3.444s] creating ../../build/mission/mission.egg-info
[3.475s] writing ../../build/mission/mission.egg-info/PKG-INFO
[3.475s] writing dependency_links to ../../build/mission/mission.egg-info/dependency_links.txt
[3.476s] writing requirements to ../../build/mission/mission.egg-info/requires.txt
[3.476s] writing top-level names to ../../build/mission/mission.egg-info/top_level.txt
[3.477s] writing manifest file '../../build/mission/mission.egg-info/SOURCES.txt'
[3.523s] reading manifest file '../../build/mission/mission.egg-info/SOURCES.txt'
[3.525s] writing manifest file '../../build/mission/mission.egg-info/SOURCES.txt'
[3.531s] running build
[3.531s] running build_py
[3.531s] creating /ros2_ws/build/mission/build
[3.533s] creating /ros2_ws/build/mission/build/lib
[3.533s] creating /ros2_ws/build/mission/build/lib/mission
[3.535s] copying mission/__init__.py -> /ros2_ws/build/mission/build/lib/mission
[3.535s] running install
[3.547s] running install_lib
[3.580s] creating /ros2_ws/install/mission/lib/python3.10/site-packages/mission
[3.582s] copying /ros2_ws/build/mission/build/lib/mission/__init__.py -> /ros2_ws/install/mission/lib/python3.10/site-packages/mission
[3.583s] byte-compiling /ros2_ws/install/mission/lib/python3.10/site-packages/mission/__init__.py to __init__.cpython-310.pyc
[3.585s] running install_data
[3.586s] creating /ros2_ws/install/mission/share/ament_index
[3.587s] creating /ros2_ws/install/mission/share/ament_index/resource_index
[3.588s] creating /ros2_ws/install/mission/share/ament_index/resource_index/packages
[3.588s] copying resource/mission -> /ros2_ws/install/mission/share/ament_index/resource_index/packages
[3.589s] copying package.xml -> /ros2_ws/install/mission/share/mission
[3.590s] running install_egg_info
[3.627s] Copying ../../build/mission/mission.egg-info to /ros2_ws/install/mission/lib/python3.10/site-packages/mission-0.0.0-py3.10.egg-info
[3.629s] running install_scripts
[3.777s] writing list of installed files to '/ros2_ws/build/mission/install.log'
[3.926s] Invoked command in '/ros2_ws/src/mission' returned '0': PYTHONPATH=/ros2_ws/build/mission/prefix_override:/usr/lib/python3/dist-packages/colcon_core/task/python/colcon_distutils_commands:/ros2_ws/install/mission/lib/python3.10/site-packages:${PYTHONPATH} /usr/bin/python3 -W ignore:setup.py install is deprecated -W ignore:easy_install command is deprecated setup.py egg_info --egg-base ../../build/mission build --build-base /ros2_ws/build/mission/build install --record /ros2_ws/build/mission/install.log --single-version-externally-managed install_data
