[1.473s] Invoking command in '/ros2_ws/src/mission': PYTHONPATH=/ros2_ws/build/mission/prefix_override:/usr/lib/python3/dist-packages/colcon_core/task/python/colcon_distutils_commands:/ros2_ws/install/mission/lib/python3.10/site-packages:${PYTHONPATH} /usr/bin/python3 -W ignore:setup.py install is deprecated -W ignore:easy_install command is deprecated setup.py egg_info --egg-base ../../build/mission build --build-base /ros2_ws/build/mission/build install --record /ros2_ws/build/mission/install.log --single-version-externally-managed install_data
[1.826s] running egg_info
[1.842s] writing ../../build/mission/mission.egg-info/PKG-INFO
[1.842s] writing dependency_links to ../../build/mission/mission.egg-info/dependency_links.txt
[1.843s] writing entry points to ../../build/mission/mission.egg-info/entry_points.txt
[1.844s] writing requirements to ../../build/mission/mission.egg-info/requires.txt
[1.844s] writing top-level names to ../../build/mission/mission.egg-info/top_level.txt
[1.874s] reading manifest file '../../build/mission/mission.egg-info/SOURCES.txt'
[1.875s] writing manifest file '../../build/mission/mission.egg-info/SOURCES.txt'
[1.876s] running build
[1.876s] running build_py
[1.876s] copying mission/colin_drone_node.py -> /ros2_ws/build/mission/build/lib/mission
[1.876s] running install
[1.881s] running install_lib
[1.893s] copying /ros2_ws/build/mission/build/lib/mission/colin_drone_node.py -> /ros2_ws/install/mission/lib/python3.10/site-packages/mission
[1.894s] byte-compiling /ros2_ws/install/mission/lib/python3.10/site-packages/mission/colin_drone_node.py to colin_drone_node.cpython-310.pyc
[1.895s] running install_data
[1.895s] running install_egg_info
[1.913s] removing '/ros2_ws/install/mission/lib/python3.10/site-packages/mission-0.0.0-py3.10.egg-info' (and everything under it)
[1.914s] Copying ../../build/mission/mission.egg-info to /ros2_ws/install/mission/lib/python3.10/site-packages/mission-0.0.0-py3.10.egg-info
[1.916s] running install_scripts
[1.980s] Installing colin_drone_node script to /ros2_ws/install/mission/lib/mission
[1.981s] writing list of installed files to '/ros2_ws/build/mission/install.log'
[2.047s] Invoked command in '/ros2_ws/src/mission' returned '0': PYTHONPATH=/ros2_ws/build/mission/prefix_override:/usr/lib/python3/dist-packages/colcon_core/task/python/colcon_distutils_commands:/ros2_ws/install/mission/lib/python3.10/site-packages:${PYTHONPATH} /usr/bin/python3 -W ignore:setup.py install is deprecated -W ignore:easy_install command is deprecated setup.py egg_info --egg-base ../../build/mission build --build-base /ros2_ws/build/mission/build install --record /ros2_ws/build/mission/install.log --single-version-externally-managed install_data
