[1.652s] Invoking command in '/ros2_ws/src/mission': PYTHONPATH=/ros2_ws/build/mission/prefix_override:/usr/lib/python3/dist-packages/colcon_core/task/python/colcon_distutils_commands:/ros2_ws/install/mission/lib/python3.10/site-packages:${PYTHONPATH} /usr/bin/python3 -W ignore:setup.py install is deprecated -W ignore:easy_install command is deprecated setup.py egg_info --egg-base ../../build/mission build --build-base /ros2_ws/build/mission/build install --record /ros2_ws/build/mission/install.log --single-version-externally-managed install_data
[2.005s] running egg_info
[2.024s] writing ../../build/mission/mission.egg-info/PKG-INFO
[2.025s] writing dependency_links to ../../build/mission/mission.egg-info/dependency_links.txt
[2.025s] writing entry points to ../../build/mission/mission.egg-info/entry_points.txt
[2.026s] writing requirements to ../../build/mission/mission.egg-info/requires.txt
[2.026s] writing top-level names to ../../build/mission/mission.egg-info/top_level.txt
[2.053s] reading manifest file '../../build/mission/mission.egg-info/SOURCES.txt'
[2.053s] writing manifest file '../../build/mission/mission.egg-info/SOURCES.txt'
[2.054s] running build
[2.054s] running build_py
[2.055s] running install
[2.064s] running install_lib
[2.079s] running install_data
[2.080s] running install_egg_info
[2.097s] removing '/ros2_ws/install/mission/lib/python3.10/site-packages/mission-0.0.0-py3.10.egg-info' (and everything under it)
[2.097s] Copying ../../build/mission/mission.egg-info to /ros2_ws/install/mission/lib/python3.10/site-packages/mission-0.0.0-py3.10.egg-info
[2.099s] running install_scripts
[2.187s] Installing approach script to /ros2_ws/install/mission/lib/mission
[2.187s] Installing colin_drone_node script to /ros2_ws/install/mission/lib/mission
[2.188s] writing list of installed files to '/ros2_ws/build/mission/install.log'
[2.256s] Invoked command in '/ros2_ws/src/mission' returned '0': PYTHONPATH=/ros2_ws/build/mission/prefix_override:/usr/lib/python3/dist-packages/colcon_core/task/python/colcon_distutils_commands:/ros2_ws/install/mission/lib/python3.10/site-packages:${PYTHONPATH} /usr/bin/python3 -W ignore:setup.py install is deprecated -W ignore:easy_install command is deprecated setup.py egg_info --egg-base ../../build/mission build --build-base /ros2_ws/build/mission/build install --record /ros2_ws/build/mission/install.log --single-version-externally-managed install_data
