running egg_info
writing ../../build/bringup/bringup.egg-info/PKG-INFO
writing dependency_links to ../../build/bringup/bringup.egg-info/dependency_links.txt
writing requirements to ../../build/bringup/bringup.egg-info/requires.txt
writing top-level names to ../../build/bringup/bringup.egg-info/top_level.txt
reading manifest file '../../build/bringup/bringup.egg-info/SOURCES.txt'
writing manifest file '../../build/bringup/bringup.egg-info/SOURCES.txt'
running build
running build_py
copying bringup/colin.launch.py -> /ros2_ws/build/bringup/build/lib/bringup
running install
running install_lib
copying /ros2_ws/build/bringup/build/lib/bringup/colin.launch.py -> /ros2_ws/install/bringup/lib/python3.10/site-packages/bringup
byte-compiling /ros2_ws/install/bringup/lib/python3.10/site-packages/bringup/colin.launch.py to colin.launch.cpython-310.pyc
running install_data
running install_egg_info
removing '/ros2_ws/install/bringup/lib/python3.10/site-packages/bringup-0.0.0-py3.10.egg-info' (and everything under it)
Copying ../../build/bringup/bringup.egg-info to /ros2_ws/install/bringup/lib/python3.10/site-packages/bringup-0.0.0-py3.10.egg-info
running install_scripts
writing list of installed files to '/ros2_ws/build/bringup/install.log'
