[1.511s] Invoking command in '/ros2_ws/src/bringup': PYTHONPATH=/ros2_ws/build/bringup/prefix_override:/usr/lib/python3/dist-packages/colcon_core/task/python/colcon_distutils_commands:/ros2_ws/install/bringup/lib/python3.10/site-packages:${PYTHONPATH} /usr/bin/python3 -W ignore:setup.py install is deprecated -W ignore:easy_install command is deprecated setup.py egg_info --egg-base ../../build/bringup build --build-base /ros2_ws/build/bringup/build install --record /ros2_ws/build/bringup/install.log --single-version-externally-managed install_data
[1.847s] running egg_info
[1.859s] writing ../../build/bringup/bringup.egg-info/PKG-INFO
[1.860s] writing dependency_links to ../../build/bringup/bringup.egg-info/dependency_links.txt
[1.861s] writing requirements to ../../build/bringup/bringup.egg-info/requires.txt
[1.861s] writing top-level names to ../../build/bringup/bringup.egg-info/top_level.txt
[1.893s] reading manifest file '../../build/bringup/bringup.egg-info/SOURCES.txt'
[1.894s] writing manifest file '../../build/bringup/bringup.egg-info/SOURCES.txt'
[1.894s] running build
[1.895s] running build_py
[1.895s] copying bringup/colin.launch.py -> /ros2_ws/build/bringup/build/lib/bringup
[1.895s] running install
[1.900s] running install_lib
[1.918s] copying /ros2_ws/build/bringup/build/lib/bringup/colin.launch.py -> /ros2_ws/install/bringup/lib/python3.10/site-packages/bringup
[1.919s] byte-compiling /ros2_ws/install/bringup/lib/python3.10/site-packages/bringup/colin.launch.py to colin.launch.cpython-310.pyc
[1.920s] running install_data
[1.920s] running install_egg_info
[1.942s] removing '/ros2_ws/install/bringup/lib/python3.10/site-packages/bringup-0.0.0-py3.10.egg-info' (and everything under it)
[1.943s] Copying ../../build/bringup/bringup.egg-info to /ros2_ws/install/bringup/lib/python3.10/site-packages/bringup-0.0.0-py3.10.egg-info
[1.948s] running install_scripts
[2.031s] writing list of installed files to '/ros2_ws/build/bringup/install.log'
[2.107s] Invoked command in '/ros2_ws/src/bringup' returned '0': PYTHONPATH=/ros2_ws/build/bringup/prefix_override:/usr/lib/python3/dist-packages/colcon_core/task/python/colcon_distutils_commands:/ros2_ws/install/bringup/lib/python3.10/site-packages:${PYTHONPATH} /usr/bin/python3 -W ignore:setup.py install is deprecated -W ignore:easy_install command is deprecated setup.py egg_info --egg-base ../../build/bringup build --build-base /ros2_ws/build/bringup/build install --record /ros2_ws/build/bringup/install.log --single-version-externally-managed install_data
