[0.000000] (-) TimerEvent: {}
[0.000275] (bringup) JobQueued: {'identifier': 'bringup', 'dependencies': OrderedDict()}
[0.000744] (mission) JobQueued: {'identifier': 'mission', 'dependencies': OrderedDict()}
[0.000799] (mission_control) JobQueued: {'identifier': 'mission_control', 'dependencies': OrderedDict()}
[0.000849] (bringup) JobStarted: {'identifier': 'bringup'}
[0.010468] (mission) JobStarted: {'identifier': 'mission'}
[0.015802] (mission_control) JobStarted: {'identifier': 'mission_control'}
[0.099779] (-) TimerEvent: {}
[0.200135] (-) TimerEvent: {}
[0.300433] (-) TimerEvent: {}
[0.400724] (-) TimerEvent: {}
[0.501058] (-) TimerEvent: {}
[0.601409] (-) TimerEvent: {}
[0.701767] (-) TimerEvent: {}
[0.802092] (-) TimerEvent: {}
[0.902436] (-) TimerEvent: {}
[1.002777] (-) TimerEvent: {}
[1.103113] (-) TimerEvent: {}
[1.203438] (-) TimerEvent: {}
[1.303777] (-) TimerEvent: {}
[1.404133] (-) TimerEvent: {}
[1.440451] (mission_control) Command: {'cmd': ['/usr/bin/python3', '-W', 'ignore:setup.py install is deprecated', '-W', 'ignore:easy_install command is deprecated', 'setup.py', 'egg_info', '--egg-base', '../../build/mission_control', 'build', '--build-base', '/ros2_ws/build/mission_control/build', 'install', '--record', '/ros2_ws/build/mission_control/install.log', '--single-version-externally-managed', 'install_data'], 'cwd': '/ros2_ws/src/mission_control', 'env': {'HOSTNAME': 'Pc', 'SHLVL': '1', 'LD_LIBRARY_PATH': '/opt/ros/humble/lib/x86_64-linux-gnu:/opt/ros/humble/lib', 'HOME': '/root', 'OLDPWD': '/ros2_ws', 'ROS_PYTHON_VERSION': '3', 'ROS_DISTRO': 'humble', '_': '/usr/bin/colcon', 'ROS_VERSION': '2', 'TERM': 'xterm', 'ROS_LOCALHOST_ONLY': '0', 'QT_X11_NO_MITSHM': '1', 'PATH': '/opt/ros/humble/bin:/usr/local/sbin:/usr/local/bin:/usr/sbin:/usr/bin:/sbin:/bin', 'DISPLAY': ':0', 'LANG': 'C.UTF-8', 'RMW_IMPLEMENTATION': 'rmw_fastrtps_cpp', 'XAUTHORITY': '/root/.Xauthority', 'ROS_DOMAIN_ID': '1', 'AMENT_PREFIX_PATH': '/opt/ros/humble', 'DEBIAN_FRONTEND': 'noninteractive', 'PWD': '/ros2_ws/build/mission_control', 'LC_ALL': 'C.UTF-8', 'PYTHONPATH': '/ros2_ws/build/mission_control/prefix_override:/usr/lib/python3/dist-packages/colcon_core/task/python/colcon_distutils_commands:/ros2_ws/install/mission_control/lib/python3.10/site-packages:/opt/ros/humble/lib/python3.10/site-packages:/opt/ros/humble/local/lib/python3.10/dist-packages', 'COLCON': '1'}, 'shell': False}
[1.484647] (mission) Command: {'cmd': ['/usr/bin/python3', '-W', 'ignore:setup.py install is deprecated', '-W', 'ignore:easy_install command is deprecated', 'setup.py', 'egg_info', '--egg-base', '../../build/mission', 'build', '--build-base', '/ros2_ws/build/mission/build', 'install', '--record', '/ros2_ws/build/mission/install.log', '--single-version-externally-managed', 'install_data'], 'cwd': '/ros2_ws/src/mission', 'env': {'HOSTNAME': 'Pc', 'SHLVL': '1', 'LD_LIBRARY_PATH': '/opt/ros/humble/lib/x86_64-linux-gnu:/opt/ros/humble/lib', 'HOME': '/root', 'OLDPWD': '/ros2_ws', 'ROS_PYTHON_VERSION': '3', 'ROS_DISTRO': 'humble', '_': '/usr/bin/colcon', 'ROS_VERSION': '2', 'TERM': 'xterm', 'ROS_LOCALHOST_ONLY': '0', 'QT_X11_NO_MITSHM': '1', 'PATH': '/opt/ros/humble/bin:/usr/local/sbin:/usr/local/bin:/usr/sbin:/usr/bin:/sbin:/bin', 'DISPLAY': ':0', 'LANG': 'C.UTF-8', 'RMW_IMPLEMENTATION': 'rmw_fastrtps_cpp', 'XAUTHORITY': '/root/.Xauthority', 'ROS_DOMAIN_ID': '1', 'AMENT_PREFIX_PATH': '/opt/ros/humble', 'DEBIAN_FRONTEND': 'noninteractive', 'PWD': '/ros2_ws/build/mission', 'LC_ALL': 'C.UTF-8', 'PYTHONPATH': '/ros2_ws/build/mission/prefix_override:/usr/lib/python3/dist-packages/colcon_core/task/python/colcon_distutils_commands:/ros2_ws/install/mission/lib/python3.10/site-packages:/opt/ros/humble/lib/python3.10/site-packages:/opt/ros/humble/local/lib/python3.10/dist-packages', 'COLCON': '1'}, 'shell': False}
[1.489209] (bringup) Command: {'cmd': ['/usr/bin/python3', '-W', 'ignore:setup.py install is deprecated', '-W', 'ignore:easy_install command is deprecated', 'setup.py', 'egg_info', '--egg-base', '../../build/bringup', 'build', '--build-base', '/ros2_ws/build/bringup/build', 'install', '--record', '/ros2_ws/build/bringup/install.log', '--single-version-externally-managed', 'install_data'], 'cwd': '/ros2_ws/src/bringup', 'env': {'HOSTNAME': 'Pc', 'SHLVL': '1', 'LD_LIBRARY_PATH': '/opt/ros/humble/lib/x86_64-linux-gnu:/opt/ros/humble/lib', 'HOME': '/root', 'OLDPWD': '/ros2_ws', 'ROS_PYTHON_VERSION': '3', 'ROS_DISTRO': 'humble', '_': '/usr/bin/colcon', 'ROS_VERSION': '2', 'TERM': 'xterm', 'ROS_LOCALHOST_ONLY': '0', 'QT_X11_NO_MITSHM': '1', 'PATH': '/opt/ros/humble/bin:/usr/local/sbin:/usr/local/bin:/usr/sbin:/usr/bin:/sbin:/bin', 'DISPLAY': ':0', 'LANG': 'C.UTF-8', 'RMW_IMPLEMENTATION': 'rmw_fastrtps_cpp', 'XAUTHORITY': '/root/.Xauthority', 'ROS_DOMAIN_ID': '1', 'AMENT_PREFIX_PATH': '/opt/ros/humble', 'DEBIAN_FRONTEND': 'noninteractive', 'PWD': '/ros2_ws/build/bringup', 'LC_ALL': 'C.UTF-8', 'PYTHONPATH': '/ros2_ws/build/bringup/prefix_override:/usr/lib/python3/dist-packages/colcon_core/task/python/colcon_distutils_commands:/ros2_ws/install/bringup/lib/python3.10/site-packages:/opt/ros/humble/lib/python3.10/site-packages:/opt/ros/humble/local/lib/python3.10/dist-packages', 'COLCON': '1'}, 'shell': False}
[1.504237] (-) TimerEvent: {}
[1.604535] (-) TimerEvent: {}
[1.704853] (-) TimerEvent: {}
[1.752042] (mission_control) StdoutLine: {'line': b'running egg_info\n'}
[1.763494] (mission_control) StdoutLine: {'line': b'writing ../../build/mission_control/mission_control.egg-info/PKG-INFO\n'}
[1.763869] (mission_control) StdoutLine: {'line': b'writing dependency_links to ../../build/mission_control/mission_control.egg-info/dependency_links.txt\n'}
[1.764123] (mission_control) StdoutLine: {'line': b'writing entry points to ../../build/mission_control/mission_control.egg-info/entry_points.txt\n'}
[1.764386] (mission_control) StdoutLine: {'line': b'writing requirements to ../../build/mission_control/mission_control.egg-info/requires.txt\n'}
[1.764535] (mission_control) StdoutLine: {'line': b'writing top-level names to ../../build/mission_control/mission_control.egg-info/top_level.txt\n'}
[1.787303] (mission_control) StdoutLine: {'line': b"reading manifest file '../../build/mission_control/mission_control.egg-info/SOURCES.txt'\n"}
[1.788050] (mission_control) StdoutLine: {'line': b"writing manifest file '../../build/mission_control/mission_control.egg-info/SOURCES.txt'\n"}
[1.788282] (mission_control) StdoutLine: {'line': b'running build\n'}
[1.788366] (mission_control) StdoutLine: {'line': b'running build_py\n'}
[1.788713] (mission_control) StdoutLine: {'line': b'running install\n'}
[1.790673] (mission) StdoutLine: {'line': b'running egg_info\n'}
[1.792954] (mission_control) StdoutLine: {'line': b'running install_lib\n'}
[1.801396] (mission) StdoutLine: {'line': b'writing ../../build/mission/mission.egg-info/PKG-INFO\n'}
[1.801902] (mission) StdoutLine: {'line': b'writing dependency_links to ../../build/mission/mission.egg-info/dependency_links.txt\n'}
[1.802190] (mission) StdoutLine: {'line': b'writing entry points to ../../build/mission/mission.egg-info/entry_points.txt\n'}
[1.802399] (mission) StdoutLine: {'line': b'writing requirements to ../../build/mission/mission.egg-info/requires.txt\n'}
[1.802568] (mission) StdoutLine: {'line': b'writing top-level names to ../../build/mission/mission.egg-info/top_level.txt\n'}
[1.804933] (-) TimerEvent: {}
[1.805207] (mission_control) StdoutLine: {'line': b'running install_data\n'}
[1.805473] (mission_control) StdoutLine: {'line': b'running install_egg_info\n'}
[1.805557] (bringup) StdoutLine: {'line': b'running egg_info\n'}
[1.816636] (bringup) StdoutLine: {'line': b'writing ../../build/bringup/bringup.egg-info/PKG-INFO\n'}
[1.816857] (mission_control) StdoutLine: {'line': b"removing '/ros2_ws/install/mission_control/lib/python3.10/site-packages/mission_control-0.0.0-py3.10.egg-info' (and everything under it)\n"}
[1.817092] (bringup) StdoutLine: {'line': b'writing dependency_links to ../../build/bringup/bringup.egg-info/dependency_links.txt\n'}
[1.817301] (mission_control) StdoutLine: {'line': b'Copying ../../build/mission_control/mission_control.egg-info to /ros2_ws/install/mission_control/lib/python3.10/site-packages/mission_control-0.0.0-py3.10.egg-info\n'}
[1.817512] (bringup) StdoutLine: {'line': b'writing requirements to ../../build/bringup/bringup.egg-info/requires.txt\n'}
[1.817752] (bringup) StdoutLine: {'line': b'writing top-level names to ../../build/bringup/bringup.egg-info/top_level.txt\n'}
[1.818774] (mission_control) StdoutLine: {'line': b'running install_scripts\n'}
[1.829390] (mission) StdoutLine: {'line': b"reading manifest file '../../build/mission/mission.egg-info/SOURCES.txt'\n"}
[1.830557] (mission) StdoutLine: {'line': b"writing manifest file '../../build/mission/mission.egg-info/SOURCES.txt'\n"}
[1.830875] (mission) StdoutLine: {'line': b'running build\n'}
[1.831041] (mission) StdoutLine: {'line': b'running build_py\n'}
[1.831433] (mission) StdoutLine: {'line': b'running install\n'}
[1.838944] (mission) StdoutLine: {'line': b'running install_lib\n'}
[1.850778] (bringup) StdoutLine: {'line': b"reading manifest file '../../build/bringup/bringup.egg-info/SOURCES.txt'\n"}
[1.851642] (bringup) StdoutLine: {'line': b"writing manifest file '../../build/bringup/bringup.egg-info/SOURCES.txt'\n"}
[1.852004] (bringup) StdoutLine: {'line': b'running build\n'}
[1.852111] (bringup) StdoutLine: {'line': b'running build_py\n'}
[1.852335] (bringup) StdoutLine: {'line': b'running install\n'}
[1.853357] (mission) StdoutLine: {'line': b'running install_data\n'}
[1.853585] (mission) StdoutLine: {'line': b'running install_egg_info\n'}
[1.856765] (bringup) StdoutLine: {'line': b'running install_lib\n'}
[1.865489] (mission) StdoutLine: {'line': b"removing '/ros2_ws/install/mission/lib/python3.10/site-packages/mission-0.0.0-py3.10.egg-info' (and everything under it)\n"}
[1.866181] (mission) StdoutLine: {'line': b'Copying ../../build/mission/mission.egg-info to /ros2_ws/install/mission/lib/python3.10/site-packages/mission-0.0.0-py3.10.egg-info\n'}
[1.868007] (mission) StdoutLine: {'line': b'running install_scripts\n'}
[1.868417] (bringup) StdoutLine: {'line': b'running install_data\n'}
[1.868661] (bringup) StdoutLine: {'line': b'running install_egg_info\n'}
[1.874519] (mission_control) StdoutLine: {'line': b'Installing balloon script to /ros2_ws/install/mission_control/lib/mission_control\n'}
[1.874789] (mission_control) StdoutLine: {'line': b'Installing monitor script to /ros2_ws/install/mission_control/lib/mission_control\n'}
[1.875132] (mission_control) StdoutLine: {'line': b"writing list of installed files to '/ros2_ws/build/mission_control/install.log'\n"}
[1.880580] (bringup) StdoutLine: {'line': b"removing '/ros2_ws/install/bringup/lib/python3.10/site-packages/bringup-0.0.0-py3.10.egg-info' (and everything under it)\n"}
[1.881056] (bringup) StdoutLine: {'line': b'Copying ../../build/bringup/bringup.egg-info to /ros2_ws/install/bringup/lib/python3.10/site-packages/bringup-0.0.0-py3.10.egg-info\n'}
[1.882518] (bringup) StdoutLine: {'line': b'running install_scripts\n'}
[1.905118] (-) TimerEvent: {}
[1.918600] (mission_control) CommandEnded: {'returncode': 0}
[1.929144] (mission_control) JobEnded: {'identifier': 'mission_control', 'rc': 0}
[1.934854] (mission) StdoutLine: {'line': b'Installing approach script to /ros2_ws/install/mission/lib/mission\n'}
[1.935312] (mission) StdoutLine: {'line': b'Installing colin_drone_node script to /ros2_ws/install/mission/lib/mission\n'}
[1.935664] (mission) StdoutLine: {'line': b"writing list of installed files to '/ros2_ws/build/mission/install.log'\n"}
[1.951384] (bringup) StdoutLine: {'line': b"writing list of installed files to '/ros2_ws/build/bringup/install.log'\n"}
[1.996270] (mission) CommandEnded: {'returncode': 0}
[2.002828] (mission) JobEnded: {'identifier': 'mission', 'rc': 0}
[2.005246] (-) TimerEvent: {}
[2.006467] (bringup) CommandEnded: {'returncode': 0}
[2.013588] (bringup) JobEnded: {'identifier': 'bringup', 'rc': 0}
[2.015572] (-) EventReactorShutdown: {}
