[0.000000] (-) TimerEvent: {}
[0.000392] (bringup) JobQueued: {'identifier': 'bringup', 'dependencies': OrderedDict()}
[0.000704] (mission) JobQueued: {'identifier': 'mission', 'dependencies': OrderedDict()}
[0.000754] (mission_control) JobQueued: {'identifier': 'mission_control', 'dependencies': OrderedDict()}
[0.000802] (bringup) JobStarted: {'identifier': 'bringup'}
[0.010696] (mission) JobStarted: {'identifier': 'mission'}
[0.017260] (mission_control) JobStarted: {'identifier': 'mission_control'}
[0.099724] (-) TimerEvent: {}
[0.200156] (-) TimerEvent: {}
[0.300545] (-) TimerEvent: {}
[0.400895] (-) TimerEvent: {}
[0.501272] (-) TimerEvent: {}
[0.601671] (-) TimerEvent: {}
[0.702226] (-) TimerEvent: {}
[0.802608] (-) TimerEvent: {}
[0.903049] (-) TimerEvent: {}
[1.003662] (-) TimerEvent: {}
[1.104053] (-) TimerEvent: {}
[1.204419] (-) TimerEvent: {}
[1.304799] (-) TimerEvent: {}
[1.405242] (-) TimerEvent: {}
[1.438622] (mission_control) Command: {'cmd': ['/usr/bin/python3', '-W', 'ignore:setup.py install is deprecated', '-W', 'ignore:easy_install command is deprecated', 'setup.py', 'egg_info', '--egg-base', '../../build/mission_control', 'build', '--build-base', '/ros2_ws/build/mission_control/build', 'install', '--record', '/ros2_ws/build/mission_control/install.log', '--single-version-externally-managed', 'install_data'], 'cwd': '/ros2_ws/src/mission_control', 'env': {'HOSTNAME': 'Pc', 'SHLVL': '1', 'LD_LIBRARY_PATH': '/opt/ros/humble/lib/x86_64-linux-gnu:/opt/ros/humble/lib', 'HOME': '/root', 'OLDPWD': '/ros2_ws', 'ROS_PYTHON_VERSION': '3', 'ROS_DISTRO': 'humble', '_': '/usr/bin/colcon', 'ROS_VERSION': '2', 'TERM': 'xterm', 'ROS_LOCALHOST_ONLY': '0', 'QT_X11_NO_MITSHM': '1', 'PATH': '/opt/ros/humble/bin:/usr/local/sbin:/usr/local/bin:/usr/sbin:/usr/bin:/sbin:/bin', 'DISPLAY': ':0', 'LANG': 'C.UTF-8', 'RMW_IMPLEMENTATION': 'rmw_fastrtps_cpp', 'XAUTHORITY': '/root/.Xauthority', 'ROS_DOMAIN_ID': '1', 'AMENT_PREFIX_PATH': '/opt/ros/humble', 'DEBIAN_FRONTEND': 'noninteractive', 'PWD': '/ros2_ws/build/mission_control', 'LC_ALL': 'C.UTF-8', 'PYTHONPATH': '/ros2_ws/build/mission_control/prefix_override:/usr/lib/python3/dist-packages/colcon_core/task/python/colcon_distutils_commands:/ros2_ws/install/mission_control/lib/python3.10/site-packages:/opt/ros/humble/lib/python3.10/site-packages:/opt/ros/humble/local/lib/python3.10/dist-packages', 'COLCON': '1'}, 'shell': False}
[1.460276] (bringup) Command: {'cmd': ['/usr/bin/python3', '-W', 'ignore:setup.py install is deprecated', '-W', 'ignore:easy_install command is deprecated', 'setup.py', 'egg_info', '--egg-base', '../../build/bringup', 'build', '--build-base', '/ros2_ws/build/bringup/build', 'install', '--record', '/ros2_ws/build/bringup/install.log', '--single-version-externally-managed', 'install_data'], 'cwd': '/ros2_ws/src/bringup', 'env': {'HOSTNAME': 'Pc', 'SHLVL': '1', 'LD_LIBRARY_PATH': '/opt/ros/humble/lib/x86_64-linux-gnu:/opt/ros/humble/lib', 'HOME': '/root', 'OLDPWD': '/ros2_ws', 'ROS_PYTHON_VERSION': '3', 'ROS_DISTRO': 'humble', '_': '/usr/bin/colcon', 'ROS_VERSION': '2', 'TERM': 'xterm', 'ROS_LOCALHOST_ONLY': '0', 'QT_X11_NO_MITSHM': '1', 'PATH': '/opt/ros/humble/bin:/usr/local/sbin:/usr/local/bin:/usr/sbin:/usr/bin:/sbin:/bin', 'DISPLAY': ':0', 'LANG': 'C.UTF-8', 'RMW_IMPLEMENTATION': 'rmw_fastrtps_cpp', 'XAUTHORITY': '/root/.Xauthority', 'ROS_DOMAIN_ID': '1', 'AMENT_PREFIX_PATH': '/opt/ros/humble', 'DEBIAN_FRONTEND': 'noninteractive', 'PWD': '/ros2_ws/build/bringup', 'LC_ALL': 'C.UTF-8', 'PYTHONPATH': '/ros2_ws/build/bringup/prefix_override:/usr/lib/python3/dist-packages/colcon_core/task/python/colcon_distutils_commands:/ros2_ws/install/bringup/lib/python3.10/site-packages:/opt/ros/humble/lib/python3.10/site-packages:/opt/ros/humble/local/lib/python3.10/dist-packages', 'COLCON': '1'}, 'shell': False}
[1.467947] (mission) Command: {'cmd': ['/usr/bin/python3', '-W', 'ignore:setup.py install is deprecated', '-W', 'ignore:easy_install command is deprecated', 'setup.py', 'egg_info', '--egg-base', '../../build/mission', 'build', '--build-base', '/ros2_ws/build/mission/build', 'install', '--record', '/ros2_ws/build/mission/install.log', '--single-version-externally-managed', 'install_data'], 'cwd': '/ros2_ws/src/mission', 'env': {'HOSTNAME': 'Pc', 'SHLVL': '1', 'LD_LIBRARY_PATH': '/opt/ros/humble/lib/x86_64-linux-gnu:/opt/ros/humble/lib', 'HOME': '/root', 'OLDPWD': '/ros2_ws', 'ROS_PYTHON_VERSION': '3', 'ROS_DISTRO': 'humble', '_': '/usr/bin/colcon', 'ROS_VERSION': '2', 'TERM': 'xterm', 'ROS_LOCALHOST_ONLY': '0', 'QT_X11_NO_MITSHM': '1', 'PATH': '/opt/ros/humble/bin:/usr/local/sbin:/usr/local/bin:/usr/sbin:/usr/bin:/sbin:/bin', 'DISPLAY': ':0', 'LANG': 'C.UTF-8', 'RMW_IMPLEMENTATION': 'rmw_fastrtps_cpp', 'XAUTHORITY': '/root/.Xauthority', 'ROS_DOMAIN_ID': '1', 'AMENT_PREFIX_PATH': '/opt/ros/humble', 'DEBIAN_FRONTEND': 'noninteractive', 'PWD': '/ros2_ws/build/mission', 'LC_ALL': 'C.UTF-8', 'PYTHONPATH': '/ros2_ws/build/mission/prefix_override:/usr/lib/python3/dist-packages/colcon_core/task/python/colcon_distutils_commands:/ros2_ws/install/mission/lib/python3.10/site-packages:/opt/ros/humble/lib/python3.10/site-packages:/opt/ros/humble/local/lib/python3.10/dist-packages', 'COLCON': '1'}, 'shell': False}
[1.505415] (-) TimerEvent: {}
[1.605855] (-) TimerEvent: {}
[1.706262] (-) TimerEvent: {}
[1.806682] (-) TimerEvent: {}
[1.876628] (mission_control) StdoutLine: {'line': b'running egg_info\n'}
[1.888800] (bringup) StdoutLine: {'line': b'running egg_info\n'}
[1.895584] (mission_control) StdoutLine: {'line': b'writing ../../build/mission_control/mission_control.egg-info/PKG-INFO\n'}
[1.896031] (mission_control) StdoutLine: {'line': b'writing dependency_links to ../../build/mission_control/mission_control.egg-info/dependency_links.txt\n'}
[1.896575] (mission_control) StdoutLine: {'line': b'writing requirements to ../../build/mission_control/mission_control.egg-info/requires.txt\n'}
[1.896893] (mission_control) StdoutLine: {'line': b'writing top-level names to ../../build/mission_control/mission_control.egg-info/top_level.txt\n'}
[1.903235] (bringup) StdoutLine: {'line': b'writing ../../build/bringup/bringup.egg-info/PKG-INFO\n'}
[1.903869] (bringup) StdoutLine: {'line': b'writing dependency_links to ../../build/bringup/bringup.egg-info/dependency_links.txt\n'}
[1.904656] (bringup) StdoutLine: {'line': b'writing requirements to ../../build/bringup/bringup.egg-info/requires.txt\n'}
[1.904956] (bringup) StdoutLine: {'line': b'writing top-level names to ../../build/bringup/bringup.egg-info/top_level.txt\n'}
[1.906122] (mission) StdoutLine: {'line': b'running egg_info\n'}
[1.906819] (-) TimerEvent: {}
[1.919221] (mission) StdoutLine: {'line': b'writing ../../build/mission/mission.egg-info/PKG-INFO\n'}
[1.919678] (mission) StdoutLine: {'line': b'writing dependency_links to ../../build/mission/mission.egg-info/dependency_links.txt\n'}
[1.920365] (mission) StdoutLine: {'line': b'writing requirements to ../../build/mission/mission.egg-info/requires.txt\n'}
[1.920684] (mission) StdoutLine: {'line': b'writing top-level names to ../../build/mission/mission.egg-info/top_level.txt\n'}
[1.933103] (mission_control) StdoutLine: {'line': b"reading manifest file '../../build/mission_control/mission_control.egg-info/SOURCES.txt'\n"}
[1.934160] (mission_control) StdoutLine: {'line': b"writing manifest file '../../build/mission_control/mission_control.egg-info/SOURCES.txt'\n"}
[1.934394] (bringup) StdoutLine: {'line': b"reading manifest file '../../build/bringup/bringup.egg-info/SOURCES.txt'\n"}
[1.934606] (mission_control) StdoutLine: {'line': b'running build\n'}
[1.934774] (mission_control) StdoutLine: {'line': b'running build_py\n'}
[1.935187] (mission_control) StdoutLine: {'line': b'copying mission_control/ballon_pub.py -> /ros2_ws/build/mission_control/build/lib/mission_control\n'}
[1.935811] (bringup) StdoutLine: {'line': b"writing manifest file '../../build/bringup/bringup.egg-info/SOURCES.txt'\n"}
[1.936144] (mission_control) StdoutLine: {'line': b'running install\n'}
[1.936255] (bringup) StdoutLine: {'line': b'running build\n'}
[1.936498] (bringup) StdoutLine: {'line': b'running build_py\n'}
[1.936841] (bringup) StdoutLine: {'line': b'running install\n'}
[1.942569] (mission_control) StdoutLine: {'line': b'running install_lib\n'}
[1.943722] (bringup) StdoutLine: {'line': b'running install_lib\n'}
[1.954328] (mission) StdoutLine: {'line': b"reading manifest file '../../build/mission/mission.egg-info/SOURCES.txt'\n"}
[1.955175] (mission) StdoutLine: {'line': b"writing manifest file '../../build/mission/mission.egg-info/SOURCES.txt'\n"}
[1.955765] (mission) StdoutLine: {'line': b'running build\n'}
[1.955976] (mission) StdoutLine: {'line': b'running build_py\n'}
[1.956190] (mission) StdoutLine: {'line': b'running install\n'}
[1.957859] (bringup) StdoutLine: {'line': b'running install_data\n'}
[1.958339] (bringup) StdoutLine: {'line': b'running install_egg_info\n'}
[1.958855] (mission_control) StdoutLine: {'line': b'copying /ros2_ws/build/mission_control/build/lib/mission_control/ballon_pub.py -> /ros2_ws/install/mission_control/lib/python3.10/site-packages/mission_control\n'}
[1.959013] (mission_control) StdoutLine: {'line': b'byte-compiling /ros2_ws/install/mission_control/lib/python3.10/site-packages/mission_control/ballon_pub.py to ballon_pub.cpython-310.pyc\n'}
[1.960662] (mission_control) StdoutLine: {'line': b'running install_data\n'}
[1.960989] (mission_control) StdoutLine: {'line': b'running install_egg_info\n'}
[1.962814] (mission) StdoutLine: {'line': b'running install_lib\n'}
[1.971322] (bringup) StdoutLine: {'line': b"removing '/ros2_ws/install/bringup/lib/python3.10/site-packages/bringup-0.0.0-py3.10.egg-info' (and everything under it)\n"}
[1.972017] (bringup) StdoutLine: {'line': b'Copying ../../build/bringup/bringup.egg-info to /ros2_ws/install/bringup/lib/python3.10/site-packages/bringup-0.0.0-py3.10.egg-info\n'}
[1.973683] (bringup) StdoutLine: {'line': b'running install_scripts\n'}
[1.977245] (mission_control) StdoutLine: {'line': b"removing '/ros2_ws/install/mission_control/lib/python3.10/site-packages/mission_control-0.0.0-py3.10.egg-info' (and everything under it)\n"}
[1.978517] (mission_control) StdoutLine: {'line': b'Copying ../../build/mission_control/mission_control.egg-info to /ros2_ws/install/mission_control/lib/python3.10/site-packages/mission_control-0.0.0-py3.10.egg-info\n'}
[1.981598] (mission_control) StdoutLine: {'line': b'running install_scripts\n'}
[1.982010] (mission) StdoutLine: {'line': b'running install_data\n'}
[1.982154] (mission) StdoutLine: {'line': b'running install_egg_info\n'}
[2.000914] (mission) StdoutLine: {'line': b"removing '/ros2_ws/install/mission/lib/python3.10/site-packages/mission-0.0.0-py3.10.egg-info' (and everything under it)\n"}
[2.001953] (mission) StdoutLine: {'line': b'Copying ../../build/mission/mission.egg-info to /ros2_ws/install/mission/lib/python3.10/site-packages/mission-0.0.0-py3.10.egg-info\n'}
[2.005478] (mission) StdoutLine: {'line': b'running install_scripts\n'}
[2.006949] (-) TimerEvent: {}
[2.057757] (mission_control) StdoutLine: {'line': b"writing list of installed files to '/ros2_ws/build/mission_control/install.log'\n"}
[2.060500] (bringup) StdoutLine: {'line': b"writing list of installed files to '/ros2_ws/build/bringup/install.log'\n"}
[2.097629] (mission) StdoutLine: {'line': b"writing list of installed files to '/ros2_ws/build/mission/install.log'\n"}
[2.107223] (-) TimerEvent: {}
[2.129072] (mission_control) CommandEnded: {'returncode': 0}
[2.143725] (mission_control) JobEnded: {'identifier': 'mission_control', 'rc': 0}
[2.145824] (bringup) CommandEnded: {'returncode': 0}
[2.154259] (bringup) JobEnded: {'identifier': 'bringup', 'rc': 0}
[2.171221] (mission) CommandEnded: {'returncode': 0}
[2.180411] (mission) JobEnded: {'identifier': 'mission', 'rc': 0}
[2.182582] (-) EventReactorShutdown: {}
