[1.405s] Invoking command in '/ros2_ws/src/mission_control': PYTHONPATH=/ros2_ws/build/mission_control/prefix_override:/usr/lib/python3/dist-packages/colcon_core/task/python/colcon_distutils_commands:/ros2_ws/install/mission_control/lib/python3.10/site-packages:${PYTHONPATH} /usr/bin/python3 -W ignore:setup.py install is deprecated -W ignore:easy_install command is deprecated setup.py egg_info --egg-base ../../build/mission_control build --build-base /ros2_ws/build/mission_control/build install --record /ros2_ws/build/mission_control/install.log --single-version-externally-managed install_data
[1.724s] running egg_info
[1.725s] creating ../../build/mission_control/mission_control.egg-info
[1.736s] writing ../../build/mission_control/mission_control.egg-info/PKG-INFO
[1.736s] writing dependency_links to ../../build/mission_control/mission_control.egg-info/dependency_links.txt
[1.737s] writing entry points to ../../build/mission_control/mission_control.egg-info/entry_points.txt
[1.737s] writing requirements to ../../build/mission_control/mission_control.egg-info/requires.txt
[1.738s] writing top-level names to ../../build/mission_control/mission_control.egg-info/top_level.txt
[1.738s] writing manifest file '../../build/mission_control/mission_control.egg-info/SOURCES.txt'
[1.759s] reading manifest file '../../build/mission_control/mission_control.egg-info/SOURCES.txt'
[1.759s] writing manifest file '../../build/mission_control/mission_control.egg-info/SOURCES.txt'
[1.760s] running build
[1.760s] running build_py
[1.761s] creating /ros2_ws/build/mission_control/build
[1.761s] creating /ros2_ws/build/mission_control/build/lib
[1.761s] creating /ros2_ws/build/mission_control/build/lib/mission_control
[1.762s] copying mission_control/ballon_pub.py -> /ros2_ws/build/mission_control/build/lib/mission_control
[1.763s] copying mission_control/__init__.py -> /ros2_ws/build/mission_control/build/lib/mission_control
[1.763s] copying mission_control/monitor.py -> /ros2_ws/build/mission_control/build/lib/mission_control
[1.763s] running install
[1.768s] running install_lib
[1.780s] creating /ros2_ws/install/mission_control/lib/python3.10/site-packages/mission_control
[1.780s] copying /ros2_ws/build/mission_control/build/lib/mission_control/ballon_pub.py -> /ros2_ws/install/mission_control/lib/python3.10/site-packages/mission_control
[1.781s] copying /ros2_ws/build/mission_control/build/lib/mission_control/__init__.py -> /ros2_ws/install/mission_control/lib/python3.10/site-packages/mission_control
[1.781s] copying /ros2_ws/build/mission_control/build/lib/mission_control/monitor.py -> /ros2_ws/install/mission_control/lib/python3.10/site-packages/mission_control
[1.782s] byte-compiling /ros2_ws/install/mission_control/lib/python3.10/site-packages/mission_control/ballon_pub.py to ballon_pub.cpython-310.pyc
[1.784s] byte-compiling /ros2_ws/install/mission_control/lib/python3.10/site-packages/mission_control/__init__.py to __init__.cpython-310.pyc
[1.784s] byte-compiling /ros2_ws/install/mission_control/lib/python3.10/site-packages/mission_control/monitor.py to monitor.cpython-310.pyc
[1.785s] running install_data
[1.785s] creating /ros2_ws/install/mission_control/share/ament_index
[1.786s] creating /ros2_ws/install/mission_control/share/ament_index/resource_index
[1.787s] creating /ros2_ws/install/mission_control/share/ament_index/resource_index/packages
[1.787s] copying resource/mission_control -> /ros2_ws/install/mission_control/share/ament_index/resource_index/packages
[1.788s] copying package.xml -> /ros2_ws/install/mission_control/share/mission_control
[1.788s] running install_egg_info
[1.802s] Copying ../../build/mission_control/mission_control.egg-info to /ros2_ws/install/mission_control/lib/python3.10/site-packages/mission_control-0.0.0-py3.10.egg-info
[1.804s] running install_scripts
[1.873s] Installing balloon script to /ros2_ws/install/mission_control/lib/mission_control
[1.875s] Installing monitor script to /ros2_ws/install/mission_control/lib/mission_control
[1.875s] writing list of installed files to '/ros2_ws/build/mission_control/install.log'
[1.932s] Invoked command in '/ros2_ws/src/mission_control' returned '0': PYTHONPATH=/ros2_ws/build/mission_control/prefix_override:/usr/lib/python3/dist-packages/colcon_core/task/python/colcon_distutils_commands:/ros2_ws/install/mission_control/lib/python3.10/site-packages:${PYTHONPATH} /usr/bin/python3 -W ignore:setup.py install is deprecated -W ignore:easy_install command is deprecated setup.py egg_info --egg-base ../../build/mission_control build --build-base /ros2_ws/build/mission_control/build install --record /ros2_ws/build/mission_control/install.log --single-version-externally-managed install_data
