[0.000000] (-) TimerEvent: {}
[0.000161] (bringup) JobQueued: {'identifier': 'bringup', 'dependencies': OrderedDict()}
[0.000362] (mission) JobQueued: {'identifier': 'mission', 'dependencies': OrderedDict()}
[0.000676] (mission_control) JobQueued: {'identifier': 'mission_control', 'dependencies': OrderedDict()}
[0.000726] (bringup) JobStarted: {'identifier': 'bringup'}
[0.019288] (mission) JobStarted: {'identifier': 'mission'}
[0.024641] (mission_control) JobStarted: {'identifier': 'mission_control'}
[0.099836] (-) TimerEvent: {}
[0.200132] (-) TimerEvent: {}
[0.300459] (-) TimerEvent: {}
[0.400811] (-) TimerEvent: {}
[0.501133] (-) TimerEvent: {}
[0.601451] (-) TimerEvent: {}
[0.701757] (-) TimerEvent: {}
[0.802060] (-) TimerEvent: {}
[0.902396] (-) TimerEvent: {}
[1.002724] (-) TimerEvent: {}
[1.103073] (-) TimerEvent: {}
[1.203388] (-) TimerEvent: {}
[1.303683] (-) TimerEvent: {}
[1.404027] (-) TimerEvent: {}
[1.410320] (bringup) Command: {'cmd': ['/usr/bin/python3', '-W', 'ignore:setup.py install is deprecated', '-W', 'ignore:easy_install command is deprecated', 'setup.py', 'egg_info', '--egg-base', '../../build/bringup', 'build', '--build-base', '/ros2_ws/build/bringup/build', 'install', '--record', '/ros2_ws/build/bringup/install.log', '--single-version-externally-managed', 'install_data'], 'cwd': '/ros2_ws/src/bringup', 'env': {'HOSTNAME': 'Pc', 'SHLVL': '1', 'LD_LIBRARY_PATH': '/opt/ros/humble/lib/x86_64-linux-gnu:/opt/ros/humble/lib', 'HOME': '/root', 'OLDPWD': '/ros2_ws', 'ROS_PYTHON_VERSION': '3', 'ROS_DISTRO': 'humble', '_': '/usr/bin/colcon', 'ROS_VERSION': '2', 'TERM': 'xterm', 'ROS_LOCALHOST_ONLY': '0', 'QT_X11_NO_MITSHM': '1', 'PATH': '/opt/ros/humble/bin:/usr/local/sbin:/usr/local/bin:/usr/sbin:/usr/bin:/sbin:/bin', 'DISPLAY': ':0', 'LANG': 'C.UTF-8', 'RMW_IMPLEMENTATION': 'rmw_fastrtps_cpp', 'XAUTHORITY': '/root/.Xauthority', 'ROS_DOMAIN_ID': '1', 'AMENT_PREFIX_PATH': '/opt/ros/humble', 'DEBIAN_FRONTEND': 'noninteractive', 'PWD': '/ros2_ws/build/bringup', 'LC_ALL': 'C.UTF-8', 'PYTHONPATH': '/ros2_ws/build/bringup/prefix_override:/usr/lib/python3/dist-packages/colcon_core/task/python/colcon_distutils_commands:/ros2_ws/install/bringup/lib/python3.10/site-packages:/opt/ros/humble/lib/python3.10/site-packages:/opt/ros/humble/local/lib/python3.10/dist-packages', 'COLCON': '1'}, 'shell': False}
[1.418305] (mission_control) Command: {'cmd': ['/usr/bin/python3', '-W', 'ignore:setup.py install is deprecated', '-W', 'ignore:easy_install command is deprecated', 'setup.py', 'egg_info', '--egg-base', '../../build/mission_control', 'build', '--build-base', '/ros2_ws/build/mission_control/build', 'install', '--record', '/ros2_ws/build/mission_control/install.log', '--single-version-externally-managed', 'install_data'], 'cwd': '/ros2_ws/src/mission_control', 'env': {'HOSTNAME': 'Pc', 'SHLVL': '1', 'LD_LIBRARY_PATH': '/opt/ros/humble/lib/x86_64-linux-gnu:/opt/ros/humble/lib', 'HOME': '/root', 'OLDPWD': '/ros2_ws', 'ROS_PYTHON_VERSION': '3', 'ROS_DISTRO': 'humble', '_': '/usr/bin/colcon', 'ROS_VERSION': '2', 'TERM': 'xterm', 'ROS_LOCALHOST_ONLY': '0', 'QT_X11_NO_MITSHM': '1', 'PATH': '/opt/ros/humble/bin:/usr/local/sbin:/usr/local/bin:/usr/sbin:/usr/bin:/sbin:/bin', 'DISPLAY': ':0', 'LANG': 'C.UTF-8', 'RMW_IMPLEMENTATION': 'rmw_fastrtps_cpp', 'XAUTHORITY': '/root/.Xauthority', 'ROS_DOMAIN_ID': '1', 'AMENT_PREFIX_PATH': '/opt/ros/humble', 'DEBIAN_FRONTEND': 'noninteractive', 'PWD': '/ros2_ws/build/mission_control', 'LC_ALL': 'C.UTF-8', 'PYTHONPATH': '/ros2_ws/build/mission_control/prefix_override:/usr/lib/python3/dist-packages/colcon_core/task/python/colcon_distutils_commands:/ros2_ws/install/mission_control/lib/python3.10/site-packages:/opt/ros/humble/lib/python3.10/site-packages:/opt/ros/humble/local/lib/python3.10/dist-packages', 'COLCON': '1'}, 'shell': False}
[1.422317] (mission) Command: {'cmd': ['/usr/bin/python3', '-W', 'ignore:setup.py install is deprecated', '-W', 'ignore:easy_install command is deprecated', 'setup.py', 'egg_info', '--egg-base', '../../build/mission', 'build', '--build-base', '/ros2_ws/build/mission/build', 'install', '--record', '/ros2_ws/build/mission/install.log', '--single-version-externally-managed', 'install_data'], 'cwd': '/ros2_ws/src/mission', 'env': {'HOSTNAME': 'Pc', 'SHLVL': '1', 'LD_LIBRARY_PATH': '/opt/ros/humble/lib/x86_64-linux-gnu:/opt/ros/humble/lib', 'HOME': '/root', 'OLDPWD': '/ros2_ws', 'ROS_PYTHON_VERSION': '3', 'ROS_DISTRO': 'humble', '_': '/usr/bin/colcon', 'ROS_VERSION': '2', 'TERM': 'xterm', 'ROS_LOCALHOST_ONLY': '0', 'QT_X11_NO_MITSHM': '1', 'PATH': '/opt/ros/humble/bin:/usr/local/sbin:/usr/local/bin:/usr/sbin:/usr/bin:/sbin:/bin', 'DISPLAY': ':0', 'LANG': 'C.UTF-8', 'RMW_IMPLEMENTATION': 'rmw_fastrtps_cpp', 'XAUTHORITY': '/root/.Xauthority', 'ROS_DOMAIN_ID': '1', 'AMENT_PREFIX_PATH': '/opt/ros/humble', 'DEBIAN_FRONTEND': 'noninteractive', 'PWD': '/ros2_ws/build/mission', 'LC_ALL': 'C.UTF-8', 'PYTHONPATH': '/ros2_ws/build/mission/prefix_override:/usr/lib/python3/dist-packages/colcon_core/task/python/colcon_distutils_commands:/ros2_ws/install/mission/lib/python3.10/site-packages:/opt/ros/humble/lib/python3.10/site-packages:/opt/ros/humble/local/lib/python3.10/dist-packages', 'COLCON': '1'}, 'shell': False}
[1.504166] (-) TimerEvent: {}
[1.604561] (-) TimerEvent: {}
[1.704952] (-) TimerEvent: {}
[1.719057] (bringup) StdoutLine: {'line': b'running egg_info\n'}
[1.729036] (mission_control) StdoutLine: {'line': b'running egg_info\n'}
[1.730014] (bringup) StdoutLine: {'line': b'writing ../../build/bringup/bringup.egg-info/PKG-INFO\n'}
[1.730474] (bringup) StdoutLine: {'line': b'writing dependency_links to ../../build/bringup/bringup.egg-info/dependency_links.txt\n'}
[1.730710] (mission) StdoutLine: {'line': b'running egg_info\n'}
[1.730906] (bringup) StdoutLine: {'line': b'writing requirements to ../../build/bringup/bringup.egg-info/requires.txt\n'}
[1.731153] (bringup) StdoutLine: {'line': b'writing top-level names to ../../build/bringup/bringup.egg-info/top_level.txt\n'}
[1.740944] (mission_control) StdoutLine: {'line': b'writing ../../build/mission_control/mission_control.egg-info/PKG-INFO\n'}
[1.741275] (mission_control) StdoutLine: {'line': b'writing dependency_links to ../../build/mission_control/mission_control.egg-info/dependency_links.txt\n'}
[1.741495] (mission) StdoutLine: {'line': b'writing ../../build/mission/mission.egg-info/PKG-INFO\n'}
[1.741716] (mission_control) StdoutLine: {'line': b'writing entry points to ../../build/mission_control/mission_control.egg-info/entry_points.txt\n'}
[1.742025] (mission_control) StdoutLine: {'line': b'writing requirements to ../../build/mission_control/mission_control.egg-info/requires.txt\n'}
[1.742143] (mission_control) StdoutLine: {'line': b'writing top-level names to ../../build/mission_control/mission_control.egg-info/top_level.txt\n'}
[1.742361] (mission) StdoutLine: {'line': b'writing dependency_links to ../../build/mission/mission.egg-info/dependency_links.txt\n'}
[1.742640] (mission) StdoutLine: {'line': b'writing entry points to ../../build/mission/mission.egg-info/entry_points.txt\n'}
[1.742735] (mission) StdoutLine: {'line': b'writing requirements to ../../build/mission/mission.egg-info/requires.txt\n'}
[1.742811] (mission) StdoutLine: {'line': b'writing top-level names to ../../build/mission/mission.egg-info/top_level.txt\n'}
[1.754964] (bringup) StdoutLine: {'line': b"reading manifest file '../../build/bringup/bringup.egg-info/SOURCES.txt'\n"}
[1.755699] (bringup) StdoutLine: {'line': b"writing manifest file '../../build/bringup/bringup.egg-info/SOURCES.txt'\n"}
[1.755883] (bringup) StdoutLine: {'line': b'running build\n'}
[1.755952] (bringup) StdoutLine: {'line': b'running build_py\n'}
[1.756215] (bringup) StdoutLine: {'line': b'running install\n'}
[1.760762] (bringup) StdoutLine: {'line': b'running install_lib\n'}
[1.764237] (mission_control) StdoutLine: {'line': b"reading manifest file '../../build/mission_control/mission_control.egg-info/SOURCES.txt'\n"}
[1.765157] (mission) StdoutLine: {'line': b"reading manifest file '../../build/mission/mission.egg-info/SOURCES.txt'\n"}
[1.765300] (mission_control) StdoutLine: {'line': b"writing manifest file '../../build/mission_control/mission_control.egg-info/SOURCES.txt'\n"}
[1.765527] (mission_control) StdoutLine: {'line': b'running build\n'}
[1.765708] (mission_control) StdoutLine: {'line': b'running build_py\n'}
[1.766036] (mission_control) StdoutLine: {'line': b'copying mission_control/ballon_pub.py -> /ros2_ws/build/mission_control/build/lib/mission_control\n'}
[1.766112] (mission) StdoutLine: {'line': b"writing manifest file '../../build/mission/mission.egg-info/SOURCES.txt'\n"}
[1.766362] (mission) StdoutLine: {'line': b'running build\n'}
[1.766752] (mission) StdoutLine: {'line': b'running build_py\n'}
[1.766983] (mission_control) StdoutLine: {'line': b'copying mission_control/monitor.py -> /ros2_ws/build/mission_control/build/lib/mission_control\n'}
[1.767077] (mission_control) StdoutLine: {'line': b'running install\n'}
[1.767134] (mission) StdoutLine: {'line': b'copying mission/colin_drone_node.py -> /ros2_ws/build/mission/build/lib/mission\n'}
[1.767202] (mission) StdoutLine: {'line': b'running install\n'}
[1.771680] (mission) StdoutLine: {'line': b'running install_lib\n'}
[1.771971] (mission_control) StdoutLine: {'line': b'running install_lib\n'}
[1.772360] (bringup) StdoutLine: {'line': b'running install_data\n'}
[1.772626] (bringup) StdoutLine: {'line': b'running install_egg_info\n'}
[1.782977] (mission) StdoutLine: {'line': b'copying /ros2_ws/build/mission/build/lib/mission/colin_drone_node.py -> /ros2_ws/install/mission/lib/python3.10/site-packages/mission\n'}
[1.783095] (mission_control) StdoutLine: {'line': b'copying /ros2_ws/build/mission_control/build/lib/mission_control/ballon_pub.py -> /ros2_ws/install/mission_control/lib/python3.10/site-packages/mission_control\n'}
[1.783349] (mission_control) StdoutLine: {'line': b'copying /ros2_ws/build/mission_control/build/lib/mission_control/monitor.py -> /ros2_ws/install/mission_control/lib/python3.10/site-packages/mission_control\n'}
[1.783681] (mission) StdoutLine: {'line': b'byte-compiling /ros2_ws/install/mission/lib/python3.10/site-packages/mission/colin_drone_node.py to colin_drone_node.cpython-310.pyc\n'}
[1.783937] (mission_control) StdoutLine: {'line': b'byte-compiling /ros2_ws/install/mission_control/lib/python3.10/site-packages/mission_control/ballon_pub.py to ballon_pub.cpython-310.pyc\n'}
[1.784321] (bringup) StdoutLine: {'line': b"removing '/ros2_ws/install/bringup/lib/python3.10/site-packages/bringup-0.0.0-py3.10.egg-info' (and everything under it)\n"}
[1.784604] (mission) StdoutLine: {'line': b'running install_data\n'}
[1.784797] (mission) StdoutLine: {'line': b'running install_egg_info\n'}
[1.784861] (bringup) StdoutLine: {'line': b'Copying ../../build/bringup/bringup.egg-info to /ros2_ws/install/bringup/lib/python3.10/site-packages/bringup-0.0.0-py3.10.egg-info\n'}
[1.785816] (mission_control) StdoutLine: {'line': b'byte-compiling /ros2_ws/install/mission_control/lib/python3.10/site-packages/mission_control/monitor.py to monitor.cpython-310.pyc\n'}
[1.786439] (mission_control) StdoutLine: {'line': b'running install_data\n'}
[1.786687] (bringup) StdoutLine: {'line': b'running install_scripts\n'}
[1.786916] (mission_control) StdoutLine: {'line': b'running install_egg_info\n'}
[1.796431] (mission) StdoutLine: {'line': b"removing '/ros2_ws/install/mission/lib/python3.10/site-packages/mission-0.0.0-py3.10.egg-info' (and everything under it)\n"}
[1.797059] (mission) StdoutLine: {'line': b'Copying ../../build/mission/mission.egg-info to /ros2_ws/install/mission/lib/python3.10/site-packages/mission-0.0.0-py3.10.egg-info\n'}
[1.798176] (mission_control) StdoutLine: {'line': b"removing '/ros2_ws/install/mission_control/lib/python3.10/site-packages/mission_control-0.0.0-py3.10.egg-info' (and everything under it)\n"}
[1.798882] (mission_control) StdoutLine: {'line': b'Copying ../../build/mission_control/mission_control.egg-info to /ros2_ws/install/mission_control/lib/python3.10/site-packages/mission_control-0.0.0-py3.10.egg-info\n'}
[1.799538] (mission) StdoutLine: {'line': b'running install_scripts\n'}
[1.800801] (mission_control) StdoutLine: {'line': b'running install_scripts\n'}
[1.805042] (-) TimerEvent: {}
[1.842350] (bringup) StdoutLine: {'line': b"writing list of installed files to '/ros2_ws/build/bringup/install.log'\n"}
[1.855394] (mission) StdoutLine: {'line': b'Installing colin_drone_node script to /ros2_ws/install/mission/lib/mission\n'}
[1.855740] (mission) StdoutLine: {'line': b"writing list of installed files to '/ros2_ws/build/mission/install.log'\n"}
[1.860124] (mission_control) StdoutLine: {'line': b'Installing balloon script to /ros2_ws/install/mission_control/lib/mission_control\n'}
[1.860497] (mission_control) StdoutLine: {'line': b'Installing monitor script to /ros2_ws/install/mission_control/lib/mission_control\n'}
[1.860909] (mission_control) StdoutLine: {'line': b"writing list of installed files to '/ros2_ws/build/mission_control/install.log'\n"}
[1.884637] (bringup) CommandEnded: {'returncode': 0}
[1.904006] (bringup) JobEnded: {'identifier': 'bringup', 'rc': 0}
[1.906416] (-) TimerEvent: {}
[1.906537] (mission) CommandEnded: {'returncode': 0}
[1.912445] (mission) JobEnded: {'identifier': 'mission', 'rc': 0}
[1.915044] (mission_control) CommandEnded: {'returncode': 0}
[1.922253] (mission_control) JobEnded: {'identifier': 'mission_control', 'rc': 0}
[1.924504] (-) EventReactorShutdown: {}
