[1.347s] Invoking command in '/ros2_ws/src/mission_control': PYTHONPATH=/ros2_ws/build/mission_control/prefix_override:/usr/lib/python3/dist-packages/colcon_core/task/python/colcon_distutils_commands:/ros2_ws/install/mission_control/lib/python3.10/site-packages:${PYTHONPATH} /usr/bin/python3 -W ignore:setup.py install is deprecated -W ignore:easy_install command is deprecated setup.py egg_info --egg-base ../../build/mission_control build --build-base /ros2_ws/build/mission_control/build install --record /ros2_ws/build/mission_control/install.log --single-version-externally-managed install_data
[1.663s] running egg_info
[1.677s] writing ../../build/mission_control/mission_control.egg-info/PKG-INFO
[1.678s] writing dependency_links to ../../build/mission_control/mission_control.egg-info/dependency_links.txt
[1.678s] writing entry points to ../../build/mission_control/mission_control.egg-info/entry_points.txt
[1.678s] writing requirements to ../../build/mission_control/mission_control.egg-info/requires.txt
[1.678s] writing top-level names to ../../build/mission_control/mission_control.egg-info/top_level.txt
[1.678s] writing manifest file '../../build/mission_control/mission_control.egg-info/SOURCES.txt'
[1.707s] reading manifest file '../../build/mission_control/mission_control.egg-info/SOURCES.txt'
[1.707s] writing manifest file '../../build/mission_control/mission_control.egg-info/SOURCES.txt'
[1.707s] running build
[1.707s] running build_py
[1.707s] copying mission_control/__init__.py -> /ros2_ws/build/mission_control/build/lib/mission_control
[1.708s] copying mission_control/monitor.py -> /ros2_ws/build/mission_control/build/lib/mission_control
[1.708s] running install
[1.713s] running install_lib
[1.728s] copying /ros2_ws/build/mission_control/build/lib/mission_control/__init__.py -> /ros2_ws/install/mission_control/lib/python3.10/site-packages/mission_control
[1.728s] copying /ros2_ws/build/mission_control/build/lib/mission_control/monitor.py -> /ros2_ws/install/mission_control/lib/python3.10/site-packages/mission_control
[1.729s] byte-compiling /ros2_ws/install/mission_control/lib/python3.10/site-packages/mission_control/monitor.py to monitor.cpython-310.pyc
[1.731s] running install_data
[1.731s] creating /ros2_ws/install/mission_control/share/ament_index
[1.732s] creating /ros2_ws/install/mission_control/share/ament_index/resource_index
[1.733s] creating /ros2_ws/install/mission_control/share/ament_index/resource_index/packages
[1.733s] copying resource/mission_control -> /ros2_ws/install/mission_control/share/ament_index/resource_index/packages
[1.734s] copying package.xml -> /ros2_ws/install/mission_control/share/mission_control
[1.734s] running install_egg_info
[1.746s] removing '/ros2_ws/install/mission_control/lib/python3.10/site-packages/mission_control-0.0.0-py3.10.egg-info' (and everything under it)
[1.746s] Copying ../../build/mission_control/mission_control.egg-info to /ros2_ws/install/mission_control/lib/python3.10/site-packages/mission_control-0.0.0-py3.10.egg-info
[1.748s] running install_scripts
[1.817s] Installing balloon script to /ros2_ws/install/mission_control/lib/mission_control
[1.818s] Installing monitor script to /ros2_ws/install/mission_control/lib/mission_control
[1.819s] writing list of installed files to '/ros2_ws/build/mission_control/install.log'
[1.869s] Invoked command in '/ros2_ws/src/mission_control' returned '0': PYTHONPATH=/ros2_ws/build/mission_control/prefix_override:/usr/lib/python3/dist-packages/colcon_core/task/python/colcon_distutils_commands:/ros2_ws/install/mission_control/lib/python3.10/site-packages:${PYTHONPATH} /usr/bin/python3 -W ignore:setup.py install is deprecated -W ignore:easy_install command is deprecated setup.py egg_info --egg-base ../../build/mission_control build --build-base /ros2_ws/build/mission_control/build install --record /ros2_ws/build/mission_control/install.log --single-version-externally-managed install_data
