[1.480s] Invoking command in '/ros2_ws/src/bringup': PYTHONPATH=/ros2_ws/build/bringup/prefix_override:/usr/lib/python3/dist-packages/colcon_core/task/python/colcon_distutils_commands:/ros2_ws/install/bringup/lib/python3.10/site-packages:${PYTHONPATH} /usr/bin/python3 -W ignore:setup.py install is deprecated -W ignore:easy_install command is deprecated setup.py egg_info --egg-base ../../build/bringup build --build-base /ros2_ws/build/bringup/build install --record /ros2_ws/build/bringup/install.log --single-version-externally-managed install_data
[1.804s] running egg_info
[1.817s] writing ../../build/bringup/bringup.egg-info/PKG-INFO
[1.818s] writing dependency_links to ../../build/bringup/bringup.egg-info/dependency_links.txt
[1.818s] writing requirements to ../../build/bringup/bringup.egg-info/requires.txt
[1.819s] writing top-level names to ../../build/bringup/bringup.egg-info/top_level.txt
[1.844s] reading manifest file '../../build/bringup/bringup.egg-info/SOURCES.txt'
[1.845s] writing manifest file '../../build/bringup/bringup.egg-info/SOURCES.txt'
[1.845s] running build
[1.846s] running build_py
[1.846s] running install
[1.851s] running install_lib
[1.871s] running install_data
[1.871s] creating /ros2_ws/install/bringup/share/bringup/launch
[1.872s] copying launch/colin.launch.py -> /ros2_ws/install/bringup/share/bringup/launch
[1.872s] running install_egg_info
[1.886s] removing '/ros2_ws/install/bringup/lib/python3.10/site-packages/bringup-0.0.0-py3.10.egg-info' (and everything under it)
[1.886s] Copying ../../build/bringup/bringup.egg-info to /ros2_ws/install/bringup/lib/python3.10/site-packages/bringup-0.0.0-py3.10.egg-info
[1.888s] running install_scripts
[1.960s] writing list of installed files to '/ros2_ws/build/bringup/install.log'
[2.006s] Invoked command in '/ros2_ws/src/bringup' returned '0': PYTHONPATH=/ros2_ws/build/bringup/prefix_override:/usr/lib/python3/dist-packages/colcon_core/task/python/colcon_distutils_commands:/ros2_ws/install/bringup/lib/python3.10/site-packages:${PYTHONPATH} /usr/bin/python3 -W ignore:setup.py install is deprecated -W ignore:easy_install command is deprecated setup.py egg_info --egg-base ../../build/bringup build --build-base /ros2_ws/build/bringup/build install --record /ros2_ws/build/bringup/install.log --single-version-externally-managed install_data
