[1.630s] Invoking command in '/ros2_ws/src/mission': PYTHONPATH=/ros2_ws/build/mission/prefix_override:/usr/lib/python3/dist-packages/colcon_core/task/python/colcon_distutils_commands:/ros2_ws/install/mission/lib/python3.10/site-packages:${PYTHONPATH} /usr/bin/python3 -W ignore:setup.py install is deprecated -W ignore:easy_install command is deprecated setup.py egg_info --egg-base ../../build/mission build --build-base /ros2_ws/build/mission/build install --record /ros2_ws/build/mission/install.log --single-version-externally-managed install_data
[2.004s] running egg_info
[2.017s] writing ../../build/mission/mission.egg-info/PKG-INFO
[2.018s] writing dependency_links to ../../build/mission/mission.egg-info/dependency_links.txt
[2.018s] writing entry points to ../../build/mission/mission.egg-info/entry_points.txt
[2.018s] writing requirements to ../../build/mission/mission.egg-info/requires.txt
[2.018s] writing top-level names to ../../build/mission/mission.egg-info/top_level.txt
[2.047s] reading manifest file '../../build/mission/mission.egg-info/SOURCES.txt'
[2.048s] writing manifest file '../../build/mission/mission.egg-info/SOURCES.txt'
[2.049s] running build
[2.049s] running build_py
[2.049s] copying mission/colin_drone_node.py -> /ros2_ws/build/mission/build/lib/mission
[2.049s] running install
[2.054s] running install_lib
[2.067s] copying /ros2_ws/build/mission/build/lib/mission/colin_drone_node.py -> /ros2_ws/install/mission/lib/python3.10/site-packages/mission
[2.068s] byte-compiling /ros2_ws/install/mission/lib/python3.10/site-packages/mission/colin_drone_node.py to colin_drone_node.cpython-310.pyc
[2.069s] running install_data
[2.069s] running install_egg_info
[2.083s] removing '/ros2_ws/install/mission/lib/python3.10/site-packages/mission-0.0.0-py3.10.egg-info' (and everything under it)
[2.083s] Copying ../../build/mission/mission.egg-info to /ros2_ws/install/mission/lib/python3.10/site-packages/mission-0.0.0-py3.10.egg-info
[2.085s] running install_scripts
[2.152s] Installing approach script to /ros2_ws/install/mission/lib/mission
[2.152s] Installing colin_drone_node script to /ros2_ws/install/mission/lib/mission
[2.152s] writing list of installed files to '/ros2_ws/build/mission/install.log'
[2.200s] Invoked command in '/ros2_ws/src/mission' returned '0': PYTHONPATH=/ros2_ws/build/mission/prefix_override:/usr/lib/python3/dist-packages/colcon_core/task/python/colcon_distutils_commands:/ros2_ws/install/mission/lib/python3.10/site-packages:${PYTHONPATH} /usr/bin/python3 -W ignore:setup.py install is deprecated -W ignore:easy_install command is deprecated setup.py egg_info --egg-base ../../build/mission build --build-base /ros2_ws/build/mission/build install --record /ros2_ws/build/mission/install.log --single-version-externally-managed install_data
