[1.569s] Invoking command in '/ros2_ws/src/mission_control': PYTHONPATH=/ros2_ws/build/mission_control/prefix_override:/usr/lib/python3/dist-packages/colcon_core/task/python/colcon_distutils_commands:/ros2_ws/install/mission_control/lib/python3.10/site-packages:${PYTHONPATH} /usr/bin/python3 -W ignore:setup.py install is deprecated -W ignore:easy_install command is deprecated setup.py egg_info --egg-base ../../build/mission_control build --build-base /ros2_ws/build/mission_control/build install --record /ros2_ws/build/mission_control/install.log --single-version-externally-managed install_data
[1.977s] running egg_info
[1.993s] writing ../../build/mission_control/mission_control.egg-info/PKG-INFO
[1.993s] writing dependency_links to ../../build/mission_control/mission_control.egg-info/dependency_links.txt
[1.994s] writing entry points to ../../build/mission_control/mission_control.egg-info/entry_points.txt
[1.994s] writing requirements to ../../build/mission_control/mission_control.egg-info/requires.txt
[1.994s] writing top-level names to ../../build/mission_control/mission_control.egg-info/top_level.txt
[2.026s] reading manifest file '../../build/mission_control/mission_control.egg-info/SOURCES.txt'
[2.027s] writing manifest file '../../build/mission_control/mission_control.egg-info/SOURCES.txt'
[2.027s] running build
[2.027s] running build_py
[2.028s] running install
[2.033s] running install_lib
[2.047s] running install_data
[2.047s] running install_egg_info
[2.060s] removing '/ros2_ws/install/mission_control/lib/python3.10/site-packages/mission_control-0.0.0-py3.10.egg-info' (and everything under it)
[2.060s] Copying ../../build/mission_control/mission_control.egg-info to /ros2_ws/install/mission_control/lib/python3.10/site-packages/mission_control-0.0.0-py3.10.egg-info
[2.063s] running install_scripts
[2.134s] Installing balloon script to /ros2_ws/install/mission_control/lib/mission_control
[2.135s] Installing monitor script to /ros2_ws/install/mission_control/lib/mission_control
[2.135s] writing list of installed files to '/ros2_ws/build/mission_control/install.log'
[2.227s] Invoked command in '/ros2_ws/src/mission_control' returned '0': PYTHONPATH=/ros2_ws/build/mission_control/prefix_override:/usr/lib/python3/dist-packages/colcon_core/task/python/colcon_distutils_commands:/ros2_ws/install/mission_control/lib/python3.10/site-packages:${PYTHONPATH} /usr/bin/python3 -W ignore:setup.py install is deprecated -W ignore:easy_install command is deprecated setup.py egg_info --egg-base ../../build/mission_control build --build-base /ros2_ws/build/mission_control/build install --record /ros2_ws/build/mission_control/install.log --single-version-externally-managed install_data
