[1.473s] Invoking command in '/ros2_ws/src/mission': PYTHONPATH=/ros2_ws/build/mission/prefix_override:/usr/lib/python3/dist-packages/colcon_core/task/python/colcon_distutils_commands:/ros2_ws/install/mission/lib/python3.10/site-packages:${PYTHONPATH} /usr/bin/python3 -W ignore:setup.py install is deprecated -W ignore:easy_install command is deprecated setup.py egg_info --egg-base ../../build/mission build --build-base /ros2_ws/build/mission/build install --record /ros2_ws/build/mission/install.log --single-version-externally-managed install_data
[1.790s] running egg_info
[1.801s] writing ../../build/mission/mission.egg-info/PKG-INFO
[1.801s] writing dependency_links to ../../build/mission/mission.egg-info/dependency_links.txt
[1.801s] writing entry points to ../../build/mission/mission.egg-info/entry_points.txt
[1.801s] writing requirements to ../../build/mission/mission.egg-info/requires.txt
[1.802s] writing top-level names to ../../build/mission/mission.egg-info/top_level.txt
[1.832s] reading manifest file '../../build/mission/mission.egg-info/SOURCES.txt'
[1.833s] writing manifest file '../../build/mission/mission.egg-info/SOURCES.txt'
[1.834s] running build
[1.834s] running build_py
[1.834s] copying mission/colin_drone_node.py -> /ros2_ws/build/mission/build/lib/mission
[1.834s] running install
[1.839s] running install_lib
[1.851s] copying /ros2_ws/build/mission/build/lib/mission/colin_drone_node.py -> /ros2_ws/install/mission/lib/python3.10/site-packages/mission
[1.852s] byte-compiling /ros2_ws/install/mission/lib/python3.10/site-packages/mission/colin_drone_node.py to colin_drone_node.cpython-310.pyc
[1.852s] running install_data
[1.853s] running install_egg_info
[1.865s] removing '/ros2_ws/install/mission/lib/python3.10/site-packages/mission-0.0.0-py3.10.egg-info' (and everything under it)
[1.866s] Copying ../../build/mission/mission.egg-info to /ros2_ws/install/mission/lib/python3.10/site-packages/mission-0.0.0-py3.10.egg-info
[1.868s] running install_scripts
[1.934s] Installing colin_drone_node script to /ros2_ws/install/mission/lib/mission
[1.935s] writing list of installed files to '/ros2_ws/build/mission/install.log'
[1.999s] Invoked command in '/ros2_ws/src/mission' returned '0': PYTHONPATH=/ros2_ws/build/mission/prefix_override:/usr/lib/python3/dist-packages/colcon_core/task/python/colcon_distutils_commands:/ros2_ws/install/mission/lib/python3.10/site-packages:${PYTHONPATH} /usr/bin/python3 -W ignore:setup.py install is deprecated -W ignore:easy_install command is deprecated setup.py egg_info --egg-base ../../build/mission build --build-base /ros2_ws/build/mission/build install --record /ros2_ws/build/mission/install.log --single-version-externally-managed install_data
