[1.751s] Invoking command in '/ros2_ws/src/mission': PYTHONPATH=/ros2_ws/build/mission/prefix_override:/usr/lib/python3/dist-packages/colcon_core/task/python/colcon_distutils_commands:/ros2_ws/install/mission/lib/python3.10/site-packages:${PYTHONPATH} /usr/bin/python3 -W ignore:setup.py install is deprecated -W ignore:easy_install command is deprecated setup.py egg_info --egg-base ../../build/mission build --build-base /ros2_ws/build/mission/build install --record /ros2_ws/build/mission/install.log --single-version-externally-managed install_data
[2.137s] running egg_info
[2.152s] writing ../../build/mission/mission.egg-info/PKG-INFO
[2.153s] writing dependency_links to ../../build/mission/mission.egg-info/dependency_links.txt
[2.153s] writing entry points to ../../build/mission/mission.egg-info/entry_points.txt
[2.153s] writing requirements to ../../build/mission/mission.egg-info/requires.txt
[2.153s] writing top-level names to ../../build/mission/mission.egg-info/top_level.txt
[2.181s] reading manifest file '../../build/mission/mission.egg-info/SOURCES.txt'
[2.182s] writing manifest file '../../build/mission/mission.egg-info/SOURCES.txt'
[2.182s] running build
[2.182s] running build_py
[2.183s] running install
[2.189s] running install_lib
[2.203s] running install_data
[2.203s] running install_egg_info
[2.221s] removing '/ros2_ws/install/mission/lib/python3.10/site-packages/mission-0.0.0-py3.10.egg-info' (and everything under it)
[2.222s] Copying ../../build/mission/mission.egg-info to /ros2_ws/install/mission/lib/python3.10/site-packages/mission-0.0.0-py3.10.egg-info
[2.224s] running install_scripts
[2.301s] Installing approach script to /ros2_ws/install/mission/lib/mission
[2.301s] Installing colin_drone_node script to /ros2_ws/install/mission/lib/mission
[2.302s] writing list of installed files to '/ros2_ws/build/mission/install.log'
[2.355s] Invoked command in '/ros2_ws/src/mission' returned '0': PYTHONPATH=/ros2_ws/build/mission/prefix_override:/usr/lib/python3/dist-packages/colcon_core/task/python/colcon_distutils_commands:/ros2_ws/install/mission/lib/python3.10/site-packages:${PYTHONPATH} /usr/bin/python3 -W ignore:setup.py install is deprecated -W ignore:easy_install command is deprecated setup.py egg_info --egg-base ../../build/mission build --build-base /ros2_ws/build/mission/build install --record /ros2_ws/build/mission/install.log --single-version-externally-managed install_data
