[2.694s] Invoking command in '/ros2_ws/src/mission_control': PYTHONPATH=/ros2_ws/build/mission_control/prefix_override:/usr/lib/python3/dist-packages/colcon_core/task/python/colcon_distutils_commands:/ros2_ws/install/mission_control/lib/python3.10/site-packages:${PYTHONPATH} /usr/bin/python3 -W ignore:setup.py install is deprecated -W ignore:easy_install command is deprecated setup.py egg_info --egg-base ../../build/mission_control build --build-base /ros2_ws/build/mission_control/build install --record /ros2_ws/build/mission_control/install.log --single-version-externally-managed install_data
[3.458s] running egg_info
[3.460s] creating ../../build/mission_control/mission_control.egg-info
[3.487s] writing ../../build/mission_control/mission_control.egg-info/PKG-INFO
[3.488s] writing dependency_links to ../../build/mission_control/mission_control.egg-info/dependency_links.txt
[3.488s] writing requirements to ../../build/mission_control/mission_control.egg-info/requires.txt
[3.488s] writing top-level names to ../../build/mission_control/mission_control.egg-info/top_level.txt
[3.489s] writing manifest file '../../build/mission_control/mission_control.egg-info/SOURCES.txt'
[3.547s] reading manifest file '../../build/mission_control/mission_control.egg-info/SOURCES.txt'
[3.548s] writing manifest file '../../build/mission_control/mission_control.egg-info/SOURCES.txt'
[3.548s] running build
[3.549s] running build_py
[3.549s] creating /ros2_ws/build/mission_control/build
[3.550s] creating /ros2_ws/build/mission_control/build/lib
[3.550s] creating /ros2_ws/build/mission_control/build/lib/mission_control
[3.551s] copying mission_control/monitor.py -> /ros2_ws/build/mission_control/build/lib/mission_control
[3.551s] copying mission_control/__init__.py -> /ros2_ws/build/mission_control/build/lib/mission_control
[3.552s] running install
[3.561s] running install_lib
[3.590s] creating /ros2_ws/install/mission_control/lib/python3.10/site-packages/mission_control
[3.591s] copying /ros2_ws/build/mission_control/build/lib/mission_control/monitor.py -> /ros2_ws/install/mission_control/lib/python3.10/site-packages/mission_control
[3.592s] copying /ros2_ws/build/mission_control/build/lib/mission_control/__init__.py -> /ros2_ws/install/mission_control/lib/python3.10/site-packages/mission_control
[3.593s] byte-compiling /ros2_ws/install/mission_control/lib/python3.10/site-packages/mission_control/monitor.py to monitor.cpython-310.pyc
[3.595s] byte-compiling /ros2_ws/install/mission_control/lib/python3.10/site-packages/mission_control/__init__.py to __init__.cpython-310.pyc
[3.596s] running install_data
[3.596s] creating /ros2_ws/install/mission_control/share/ament_index
[3.597s] creating /ros2_ws/install/mission_control/share/ament_index/resource_index
[3.598s] creating /ros2_ws/install/mission_control/share/ament_index/resource_index/packages
[3.600s] copying resource/mission_control -> /ros2_ws/install/mission_control/share/ament_index/resource_index/packages
[3.601s] copying package.xml -> /ros2_ws/install/mission_control/share/mission_control
[3.601s] running install_egg_info
[3.637s] Copying ../../build/mission_control/mission_control.egg-info to /ros2_ws/install/mission_control/lib/python3.10/site-packages/mission_control-0.0.0-py3.10.egg-info
[3.640s] running install_scripts
[3.781s] writing list of installed files to '/ros2_ws/build/mission_control/install.log'
[3.897s] Invoked command in '/ros2_ws/src/mission_control' returned '0': PYTHONPATH=/ros2_ws/build/mission_control/prefix_override:/usr/lib/python3/dist-packages/colcon_core/task/python/colcon_distutils_commands:/ros2_ws/install/mission_control/lib/python3.10/site-packages:${PYTHONPATH} /usr/bin/python3 -W ignore:setup.py install is deprecated -W ignore:easy_install command is deprecated setup.py egg_info --egg-base ../../build/mission_control build --build-base /ros2_ws/build/mission_control/build install --record /ros2_ws/build/mission_control/install.log --single-version-externally-managed install_data
