running egg_info
creating ../../build/mission/mission.egg-info
writing ../../build/mission/mission.egg-info/PKG-INFO
writing dependency_links to ../../build/mission/mission.egg-info/dependency_links.txt
writing entry points to ../../build/mission/mission.egg-info/entry_points.txt
writing requirements to ../../build/mission/mission.egg-info/requires.txt
writing top-level names to ../../build/mission/mission.egg-info/top_level.txt
writing manifest file '../../build/mission/mission.egg-info/SOURCES.txt'
reading manifest file '../../build/mission/mission.egg-info/SOURCES.txt'
writing manifest file '../../build/mission/mission.egg-info/SOURCES.txt'
running build
running build_py
copying mission/__init__.py -> /ros2_ws/build/mission/build/lib/mission
running install
running install_lib
copying /ros2_ws/build/mission/build/lib/mission/__init__.py -> /ros2_ws/install/mission/lib/python3.10/site-packages/mission
running install_data
creating /ros2_ws/install/mission/share/ament_index
creating /ros2_ws/install/mission/share/ament_index/resource_index
creating /ros2_ws/install/mission/share/ament_index/resource_index/packages
copying resource/mission -> /ros2_ws/install/mission/share/ament_index/resource_index/packages
copying package.xml -> /ros2_ws/install/mission/share/mission
running install_egg_info
Copying ../../build/mission/mission.egg-info to /ros2_ws/install/mission/lib/python3.10/site-packages/mission-0.0.0-py3.10.egg-info
running install_scripts
Installing approach script to /ros2_ws/install/mission/lib/mission
Installing colin_drone_node script to /ros2_ws/install/mission/lib/mission
writing list of installed files to '/ros2_ws/build/mission/install.log'
