[1.351s] Invoking command in '/ros2_ws/src/mission': PYTHONPATH=/ros2_ws/build/mission/prefix_override:/usr/lib/python3/dist-packages/colcon_core/task/python/colcon_distutils_commands:/ros2_ws/install/mission/lib/python3.10/site-packages:${PYTHONPATH} /usr/bin/python3 -W ignore:setup.py install is deprecated -W ignore:easy_install command is deprecated setup.py egg_info --egg-base ../../build/mission build --build-base /ros2_ws/build/mission/build install --record /ros2_ws/build/mission/install.log --single-version-externally-managed install_data
[1.680s] running egg_info
[1.681s] creating ../../build/mission/mission.egg-info
[1.696s] writing ../../build/mission/mission.egg-info/PKG-INFO
[1.697s] writing dependency_links to ../../build/mission/mission.egg-info/dependency_links.txt
[1.697s] writing entry points to ../../build/mission/mission.egg-info/entry_points.txt
[1.697s] writing requirements to ../../build/mission/mission.egg-info/requires.txt
[1.697s] writing top-level names to ../../build/mission/mission.egg-info/top_level.txt
[1.697s] writing manifest file '../../build/mission/mission.egg-info/SOURCES.txt'
[1.722s] reading manifest file '../../build/mission/mission.egg-info/SOURCES.txt'
[1.723s] writing manifest file '../../build/mission/mission.egg-info/SOURCES.txt'
[1.723s] running build
[1.723s] running build_py
[1.724s] copying mission/__init__.py -> /ros2_ws/build/mission/build/lib/mission
[1.724s] running install
[1.729s] running install_lib
[1.742s] copying /ros2_ws/build/mission/build/lib/mission/__init__.py -> /ros2_ws/install/mission/lib/python3.10/site-packages/mission
[1.743s] running install_data
[1.743s] creating /ros2_ws/install/mission/share/ament_index
[1.744s] creating /ros2_ws/install/mission/share/ament_index/resource_index
[1.744s] creating /ros2_ws/install/mission/share/ament_index/resource_index/packages
[1.745s] copying resource/mission -> /ros2_ws/install/mission/share/ament_index/resource_index/packages
[1.745s] copying package.xml -> /ros2_ws/install/mission/share/mission
[1.745s] running install_egg_info
[1.757s] Copying ../../build/mission/mission.egg-info to /ros2_ws/install/mission/lib/python3.10/site-packages/mission-0.0.0-py3.10.egg-info
[1.759s] running install_scripts
[1.820s] Installing approach script to /ros2_ws/install/mission/lib/mission
[1.821s] Installing colin_drone_node script to /ros2_ws/install/mission/lib/mission
[1.822s] writing list of installed files to '/ros2_ws/build/mission/install.log'
[1.866s] Invoked command in '/ros2_ws/src/mission' returned '0': PYTHONPATH=/ros2_ws/build/mission/prefix_override:/usr/lib/python3/dist-packages/colcon_core/task/python/colcon_distutils_commands:/ros2_ws/install/mission/lib/python3.10/site-packages:${PYTHONPATH} /usr/bin/python3 -W ignore:setup.py install is deprecated -W ignore:easy_install command is deprecated setup.py egg_info --egg-base ../../build/mission build --build-base /ros2_ws/build/mission/build install --record /ros2_ws/build/mission/install.log --single-version-externally-managed install_data
