[2.732s] Invoking command in '/ros2_ws/src/bringup': PYTHONPATH=/ros2_ws/build/bringup/prefix_override:/usr/lib/python3/dist-packages/colcon_core/task/python/colcon_distutils_commands:/ros2_ws/install/bringup/lib/python3.10/site-packages:${PYTHONPATH} /usr/bin/python3 -W ignore:setup.py install is deprecated -W ignore:easy_install command is deprecated setup.py egg_info --egg-base ../../build/bringup build --build-base /ros2_ws/build/bringup/build install --record /ros2_ws/build/bringup/install.log --single-version-externally-managed install_data
[3.468s] running egg_info
[3.471s] creating ../../build/bringup/bringup.egg-info
[3.499s] writing ../../build/bringup/bringup.egg-info/PKG-INFO
[3.499s] writing dependency_links to ../../build/bringup/bringup.egg-info/dependency_links.txt
[3.500s] writing requirements to ../../build/bringup/bringup.egg-info/requires.txt
[3.501s] writing top-level names to ../../build/bringup/bringup.egg-info/top_level.txt
[3.501s] writing manifest file '../../build/bringup/bringup.egg-info/SOURCES.txt'
[3.557s] reading manifest file '../../build/bringup/bringup.egg-info/SOURCES.txt'
[3.559s] writing manifest file '../../build/bringup/bringup.egg-info/SOURCES.txt'
[3.559s] running build
[3.559s] running build_py
[3.560s] creating /ros2_ws/build/bringup/build
[3.561s] creating /ros2_ws/build/bringup/build/lib
[3.562s] creating /ros2_ws/build/bringup/build/lib/bringup
[3.563s] copying bringup/__init__.py -> /ros2_ws/build/bringup/build/lib/bringup
[3.564s] running install
[3.575s] running install_lib
[3.615s] creating /ros2_ws/install/bringup/lib/python3.10/site-packages/bringup
[3.616s] copying /ros2_ws/build/bringup/build/lib/bringup/__init__.py -> /ros2_ws/install/bringup/lib/python3.10/site-packages/bringup
[3.618s] byte-compiling /ros2_ws/install/bringup/lib/python3.10/site-packages/bringup/__init__.py to __init__.cpython-310.pyc
[3.619s] running install_data
[3.619s] creating /ros2_ws/install/bringup/share/ament_index
[3.620s] creating /ros2_ws/install/bringup/share/ament_index/resource_index
[3.622s] creating /ros2_ws/install/bringup/share/ament_index/resource_index/packages
[3.622s] copying resource/bringup -> /ros2_ws/install/bringup/share/ament_index/resource_index/packages
[3.623s] copying package.xml -> /ros2_ws/install/bringup/share/bringup
[3.624s] running install_egg_info
[3.666s] Copying ../../build/bringup/bringup.egg-info to /ros2_ws/install/bringup/lib/python3.10/site-packages/bringup-0.0.0-py3.10.egg-info
[3.670s] running install_scripts
[3.799s] writing list of installed files to '/ros2_ws/build/bringup/install.log'
[3.902s] Invoked command in '/ros2_ws/src/bringup' returned '0': PYTHONPATH=/ros2_ws/build/bringup/prefix_override:/usr/lib/python3/dist-packages/colcon_core/task/python/colcon_distutils_commands:/ros2_ws/install/bringup/lib/python3.10/site-packages:${PYTHONPATH} /usr/bin/python3 -W ignore:setup.py install is deprecated -W ignore:easy_install command is deprecated setup.py egg_info --egg-base ../../build/bringup build --build-base /ros2_ws/build/bringup/build install --record /ros2_ws/build/bringup/install.log --single-version-externally-managed install_data
