[1.411s] Invoking command in '/ros2_ws/src/mission_control': PYTHONPATH=/ros2_ws/build/mission_control/prefix_override:/usr/lib/python3/dist-packages/colcon_core/task/python/colcon_distutils_commands:/ros2_ws/install/mission_control/lib/python3.10/site-packages:${PYTHONPATH} /usr/bin/python3 -W ignore:setup.py install is deprecated -W ignore:easy_install command is deprecated setup.py egg_info --egg-base ../../build/mission_control build --build-base /ros2_ws/build/mission_control/build install --record /ros2_ws/build/mission_control/install.log --single-version-externally-managed install_data
[1.722s] running egg_info
[1.734s] writing ../../build/mission_control/mission_control.egg-info/PKG-INFO
[1.734s] writing dependency_links to ../../build/mission_control/mission_control.egg-info/dependency_links.txt
[1.734s] writing entry points to ../../build/mission_control/mission_control.egg-info/entry_points.txt
[1.735s] writing requirements to ../../build/mission_control/mission_control.egg-info/requires.txt
[1.735s] writing top-level names to ../../build/mission_control/mission_control.egg-info/top_level.txt
[1.758s] reading manifest file '../../build/mission_control/mission_control.egg-info/SOURCES.txt'
[1.759s] writing manifest file '../../build/mission_control/mission_control.egg-info/SOURCES.txt'
[1.759s] running build
[1.759s] running build_py
[1.760s] running install
[1.765s] running install_lib
[1.778s] running install_data
[1.778s] running install_egg_info
[1.789s] removing '/ros2_ws/install/mission_control/lib/python3.10/site-packages/mission_control-0.0.0-py3.10.egg-info' (and everything under it)
[1.790s] Copying ../../build/mission_control/mission_control.egg-info to /ros2_ws/install/mission_control/lib/python3.10/site-packages/mission_control-0.0.0-py3.10.egg-info
[1.791s] running install_scripts
[1.856s] Installing balloon script to /ros2_ws/install/mission_control/lib/mission_control
[1.856s] Installing monitor script to /ros2_ws/install/mission_control/lib/mission_control
[1.857s] writing list of installed files to '/ros2_ws/build/mission_control/install.log'
[1.912s] Invoked command in '/ros2_ws/src/mission_control' returned '0': PYTHONPATH=/ros2_ws/build/mission_control/prefix_override:/usr/lib/python3/dist-packages/colcon_core/task/python/colcon_distutils_commands:/ros2_ws/install/mission_control/lib/python3.10/site-packages:${PYTHONPATH} /usr/bin/python3 -W ignore:setup.py install is deprecated -W ignore:easy_install command is deprecated setup.py egg_info --egg-base ../../build/mission_control build --build-base /ros2_ws/build/mission_control/build install --record /ros2_ws/build/mission_control/install.log --single-version-externally-managed install_data
