[0.000000] (-) TimerEvent: {}
[0.000332] (bringup) JobQueued: {'identifier': 'bringup', 'dependencies': OrderedDict()}
[0.000386] (mission) JobQueued: {'identifier': 'mission', 'dependencies': OrderedDict()}
[0.000446] (mission_control) JobQueued: {'identifier': 'mission_control', 'dependencies': OrderedDict()}
[0.000502] (bringup) JobStarted: {'identifier': 'bringup'}
[0.010682] (mission) JobStarted: {'identifier': 'mission'}
[0.015904] (mission_control) JobStarted: {'identifier': 'mission_control'}
[0.099603] (-) TimerEvent: {}
[0.199979] (-) TimerEvent: {}
[0.300349] (-) TimerEvent: {}
[0.400930] (-) TimerEvent: {}
[0.501355] (-) TimerEvent: {}
[0.601757] (-) TimerEvent: {}
[0.702193] (-) TimerEvent: {}
[0.802510] (-) TimerEvent: {}
[0.902872] (-) TimerEvent: {}
[1.003279] (-) TimerEvent: {}
[1.103623] (-) TimerEvent: {}
[1.203969] (-) TimerEvent: {}
[1.304409] (-) TimerEvent: {}
[1.404872] (-) TimerEvent: {}
[1.437461] (bringup) Command: {'cmd': ['/usr/bin/python3', '-W', 'ignore:setup.py install is deprecated', '-W', 'ignore:easy_install command is deprecated', 'setup.py', 'egg_info', '--egg-base', '../../build/bringup', 'build', '--build-base', '/ros2_ws/build/bringup/build', 'install', '--record', '/ros2_ws/build/bringup/install.log', '--single-version-externally-managed', 'install_data'], 'cwd': '/ros2_ws/src/bringup', 'env': {'HOSTNAME': 'Pc', 'SHLVL': '1', 'LD_LIBRARY_PATH': '/opt/ros/humble/lib/x86_64-linux-gnu:/opt/ros/humble/lib', 'HOME': '/root', 'OLDPWD': '/ros2_ws', 'ROS_PYTHON_VERSION': '3', 'ROS_DISTRO': 'humble', '_': '/usr/bin/colcon', 'ROS_VERSION': '2', 'TERM': 'xterm', 'ROS_LOCALHOST_ONLY': '0', 'QT_X11_NO_MITSHM': '1', 'PATH': '/opt/ros/humble/bin:/usr/local/sbin:/usr/local/bin:/usr/sbin:/usr/bin:/sbin:/bin', 'DISPLAY': ':0', 'LANG': 'C.UTF-8', 'RMW_IMPLEMENTATION': 'rmw_fastrtps_cpp', 'XAUTHORITY': '/root/.Xauthority', 'ROS_DOMAIN_ID': '1', 'AMENT_PREFIX_PATH': '/opt/ros/humble', 'DEBIAN_FRONTEND': 'noninteractive', 'PWD': '/ros2_ws/build/bringup', 'LC_ALL': 'C.UTF-8', 'PYTHONPATH': '/ros2_ws/build/bringup/prefix_override:/usr/lib/python3/dist-packages/colcon_core/task/python/colcon_distutils_commands:/ros2_ws/install/bringup/lib/python3.10/site-packages:/opt/ros/humble/lib/python3.10/site-packages:/opt/ros/humble/local/lib/python3.10/dist-packages', 'COLCON': '1'}, 'shell': False}
[1.448286] (mission) Command: {'cmd': ['/usr/bin/python3', '-W', 'ignore:setup.py install is deprecated', '-W', 'ignore:easy_install command is deprecated', 'setup.py', 'egg_info', '--egg-base', '../../build/mission', 'build', '--build-base', '/ros2_ws/build/mission/build', 'install', '--record', '/ros2_ws/build/mission/install.log', '--single-version-externally-managed', 'install_data'], 'cwd': '/ros2_ws/src/mission', 'env': {'HOSTNAME': 'Pc', 'SHLVL': '1', 'LD_LIBRARY_PATH': '/opt/ros/humble/lib/x86_64-linux-gnu:/opt/ros/humble/lib', 'HOME': '/root', 'OLDPWD': '/ros2_ws', 'ROS_PYTHON_VERSION': '3', 'ROS_DISTRO': 'humble', '_': '/usr/bin/colcon', 'ROS_VERSION': '2', 'TERM': 'xterm', 'ROS_LOCALHOST_ONLY': '0', 'QT_X11_NO_MITSHM': '1', 'PATH': '/opt/ros/humble/bin:/usr/local/sbin:/usr/local/bin:/usr/sbin:/usr/bin:/sbin:/bin', 'DISPLAY': ':0', 'LANG': 'C.UTF-8', 'RMW_IMPLEMENTATION': 'rmw_fastrtps_cpp', 'XAUTHORITY': '/root/.Xauthority', 'ROS_DOMAIN_ID': '1', 'AMENT_PREFIX_PATH': '/opt/ros/humble', 'DEBIAN_FRONTEND': 'noninteractive', 'PWD': '/ros2_ws/build/mission', 'LC_ALL': 'C.UTF-8', 'PYTHONPATH': '/ros2_ws/build/mission/prefix_override:/usr/lib/python3/dist-packages/colcon_core/task/python/colcon_distutils_commands:/ros2_ws/install/mission/lib/python3.10/site-packages:/opt/ros/humble/lib/python3.10/site-packages:/opt/ros/humble/local/lib/python3.10/dist-packages', 'COLCON': '1'}, 'shell': False}
[1.452625] (mission_control) Command: {'cmd': ['/usr/bin/python3', '-W', 'ignore:setup.py install is deprecated', '-W', 'ignore:easy_install command is deprecated', 'setup.py', 'egg_info', '--egg-base', '../../build/mission_control', 'build', '--build-base', '/ros2_ws/build/mission_control/build', 'install', '--record', '/ros2_ws/build/mission_control/install.log', '--single-version-externally-managed', 'install_data'], 'cwd': '/ros2_ws/src/mission_control', 'env': {'HOSTNAME': 'Pc', 'SHLVL': '1', 'LD_LIBRARY_PATH': '/opt/ros/humble/lib/x86_64-linux-gnu:/opt/ros/humble/lib', 'HOME': '/root', 'OLDPWD': '/ros2_ws', 'ROS_PYTHON_VERSION': '3', 'ROS_DISTRO': 'humble', '_': '/usr/bin/colcon', 'ROS_VERSION': '2', 'TERM': 'xterm', 'ROS_LOCALHOST_ONLY': '0', 'QT_X11_NO_MITSHM': '1', 'PATH': '/opt/ros/humble/bin:/usr/local/sbin:/usr/local/bin:/usr/sbin:/usr/bin:/sbin:/bin', 'DISPLAY': ':0', 'LANG': 'C.UTF-8', 'RMW_IMPLEMENTATION': 'rmw_fastrtps_cpp', 'XAUTHORITY': '/root/.Xauthority', 'ROS_DOMAIN_ID': '1', 'AMENT_PREFIX_PATH': '/opt/ros/humble', 'DEBIAN_FRONTEND': 'noninteractive', 'PWD': '/ros2_ws/build/mission_control', 'LC_ALL': 'C.UTF-8', 'PYTHONPATH': '/ros2_ws/build/mission_control/prefix_override:/usr/lib/python3/dist-packages/colcon_core/task/python/colcon_distutils_commands:/ros2_ws/install/mission_control/lib/python3.10/site-packages:/opt/ros/humble/lib/python3.10/site-packages:/opt/ros/humble/local/lib/python3.10/dist-packages', 'COLCON': '1'}, 'shell': False}
[1.505042] (-) TimerEvent: {}
[1.605402] (-) TimerEvent: {}
[1.705756] (-) TimerEvent: {}
[1.749909] (mission) StdoutLine: {'line': b'running egg_info\n'}
[1.760821] (mission) StdoutLine: {'line': b'writing ../../build/mission/mission.egg-info/PKG-INFO\n'}
[1.761161] (mission) StdoutLine: {'line': b'writing dependency_links to ../../build/mission/mission.egg-info/dependency_links.txt\n'}
[1.761499] (mission) StdoutLine: {'line': b'writing entry points to ../../build/mission/mission.egg-info/entry_points.txt\n'}
[1.761788] (mission) StdoutLine: {'line': b'writing requirements to ../../build/mission/mission.egg-info/requires.txt\n'}
[1.761992] (mission) StdoutLine: {'line': b'writing top-level names to ../../build/mission/mission.egg-info/top_level.txt\n'}
[1.775378] (bringup) StdoutLine: {'line': b'running egg_info\n'}
[1.786046] (bringup) StdoutLine: {'line': b'writing ../../build/bringup/bringup.egg-info/PKG-INFO\n'}
[1.786393] (bringup) StdoutLine: {'line': b'writing dependency_links to ../../build/bringup/bringup.egg-info/dependency_links.txt\n'}
[1.786685] (bringup) StdoutLine: {'line': b'writing requirements to ../../build/bringup/bringup.egg-info/requires.txt\n'}
[1.786882] (bringup) StdoutLine: {'line': b'writing top-level names to ../../build/bringup/bringup.egg-info/top_level.txt\n'}
[1.789186] (mission) StdoutLine: {'line': b"reading manifest file '../../build/mission/mission.egg-info/SOURCES.txt'\n"}
[1.789995] (mission) StdoutLine: {'line': b"writing manifest file '../../build/mission/mission.egg-info/SOURCES.txt'\n"}
[1.790250] (mission) StdoutLine: {'line': b'running build\n'}
[1.790508] (mission) StdoutLine: {'line': b'running build_py\n'}
[1.790577] (mission_control) StdoutLine: {'line': b'running egg_info\n'}
[1.790759] (mission) StdoutLine: {'line': b'running install\n'}
[1.795403] (mission) StdoutLine: {'line': b'running install_lib\n'}
[1.801215] (mission_control) StdoutLine: {'line': b'writing ../../build/mission_control/mission_control.egg-info/PKG-INFO\n'}
[1.801591] (mission_control) StdoutLine: {'line': b'writing dependency_links to ../../build/mission_control/mission_control.egg-info/dependency_links.txt\n'}
[1.801832] (mission_control) StdoutLine: {'line': b'writing entry points to ../../build/mission_control/mission_control.egg-info/entry_points.txt\n'}
[1.802016] (mission_control) StdoutLine: {'line': b'writing requirements to ../../build/mission_control/mission_control.egg-info/requires.txt\n'}
[1.802194] (mission_control) StdoutLine: {'line': b'writing top-level names to ../../build/mission_control/mission_control.egg-info/top_level.txt\n'}
[1.805854] (-) TimerEvent: {}
[1.807189] (mission) StdoutLine: {'line': b'running install_data\n'}
[1.807373] (mission) StdoutLine: {'line': b'running install_egg_info\n'}
[1.808974] (bringup) StdoutLine: {'line': b"reading manifest file '../../build/bringup/bringup.egg-info/SOURCES.txt'\n"}
[1.809923] (bringup) StdoutLine: {'line': b"writing manifest file '../../build/bringup/bringup.egg-info/SOURCES.txt'\n"}
[1.810135] (bringup) StdoutLine: {'line': b'running build\n'}
[1.810242] (bringup) StdoutLine: {'line': b'running build_py\n'}
[1.810443] (bringup) StdoutLine: {'line': b'running install\n'}
[1.815091] (bringup) StdoutLine: {'line': b'running install_lib\n'}
[1.819182] (mission) StdoutLine: {'line': b"removing '/ros2_ws/install/mission/lib/python3.10/site-packages/mission-0.0.0-py3.10.egg-info' (and everything under it)\n"}
[1.819818] (mission) StdoutLine: {'line': b'Copying ../../build/mission/mission.egg-info to /ros2_ws/install/mission/lib/python3.10/site-packages/mission-0.0.0-py3.10.egg-info\n'}
[1.821460] (mission) StdoutLine: {'line': b'running install_scripts\n'}
[1.824775] (mission_control) StdoutLine: {'line': b"reading manifest file '../../build/mission_control/mission_control.egg-info/SOURCES.txt'\n"}
[1.825648] (mission_control) StdoutLine: {'line': b"writing manifest file '../../build/mission_control/mission_control.egg-info/SOURCES.txt'\n"}
[1.825892] (mission_control) StdoutLine: {'line': b'running build\n'}
[1.825973] (mission_control) StdoutLine: {'line': b'running build_py\n'}
[1.826398] (mission_control) StdoutLine: {'line': b'running install\n'}
[1.826849] (bringup) StdoutLine: {'line': b'running install_data\n'}
[1.827103] (bringup) StdoutLine: {'line': b'running install_egg_info\n'}
[1.831036] (mission_control) StdoutLine: {'line': b'running install_lib\n'}
[1.839041] (bringup) StdoutLine: {'line': b"removing '/ros2_ws/install/bringup/lib/python3.10/site-packages/bringup-0.0.0-py3.10.egg-info' (and everything under it)\n"}
[1.839590] (bringup) StdoutLine: {'line': b'Copying ../../build/bringup/bringup.egg-info to /ros2_ws/install/bringup/lib/python3.10/site-packages/bringup-0.0.0-py3.10.egg-info\n'}
[1.841015] (bringup) StdoutLine: {'line': b'running install_scripts\n'}
[1.842476] (mission_control) StdoutLine: {'line': b'running install_data\n'}
[1.842707] (mission_control) StdoutLine: {'line': b'running install_egg_info\n'}
[1.855216] (mission_control) StdoutLine: {'line': b"removing '/ros2_ws/install/mission_control/lib/python3.10/site-packages/mission_control-0.0.0-py3.10.egg-info' (and everything under it)\n"}
[1.855772] (mission_control) StdoutLine: {'line': b'Copying ../../build/mission_control/mission_control.egg-info to /ros2_ws/install/mission_control/lib/python3.10/site-packages/mission_control-0.0.0-py3.10.egg-info\n'}
[1.857355] (mission_control) StdoutLine: {'line': b'running install_scripts\n'}
[1.877032] (mission) StdoutLine: {'line': b'Installing approach script to /ros2_ws/install/mission/lib/mission\n'}
[1.877441] (mission) StdoutLine: {'line': b'Installing colin_drone_node script to /ros2_ws/install/mission/lib/mission\n'}
[1.877810] (mission) StdoutLine: {'line': b"writing list of installed files to '/ros2_ws/build/mission/install.log'\n"}
[1.901026] (bringup) StdoutLine: {'line': b"writing list of installed files to '/ros2_ws/build/bringup/install.log'\n"}
[1.906021] (-) TimerEvent: {}
[1.926585] (mission_control) StdoutLine: {'line': b'Installing balloon script to /ros2_ws/install/mission_control/lib/mission_control\n'}
[1.926908] (mission_control) StdoutLine: {'line': b'Installing monitor script to /ros2_ws/install/mission_control/lib/mission_control\n'}
[1.927295] (mission_control) StdoutLine: {'line': b"writing list of installed files to '/ros2_ws/build/mission_control/install.log'\n"}
[1.929772] (mission) CommandEnded: {'returncode': 0}
[1.943772] (mission) JobEnded: {'identifier': 'mission', 'rc': 0}
[1.948136] (bringup) CommandEnded: {'returncode': 0}
[1.956323] (bringup) JobEnded: {'identifier': 'bringup', 'rc': 0}
[1.975027] (mission_control) CommandEnded: {'returncode': 0}
[1.981889] (mission_control) JobEnded: {'identifier': 'mission_control', 'rc': 0}
[1.983601] (-) EventReactorShutdown: {}
