[0.000000] (-) TimerEvent: {}
[0.000628] (bringup) JobQueued: {'identifier': 'bringup', 'dependencies': OrderedDict()}
[0.000705] (mission) JobQueued: {'identifier': 'mission', 'dependencies': OrderedDict()}
[0.000730] (mission_control) JobQueued: {'identifier': 'mission_control', 'dependencies': OrderedDict()}
[0.000787] (bringup) JobStarted: {'identifier': 'bringup'}
[0.020269] (mission) JobStarted: {'identifier': 'mission'}
[0.033927] (mission_control) JobStarted: {'identifier': 'mission_control'}
[0.098220] (-) TimerEvent: {}
[0.199046] (-) TimerEvent: {}
[0.299497] (-) TimerEvent: {}
[0.400175] (-) TimerEvent: {}
[0.501582] (-) TimerEvent: {}
[0.603631] (-) TimerEvent: {}
[0.704707] (-) TimerEvent: {}
[0.808397] (-) TimerEvent: {}
[0.909470] (-) TimerEvent: {}
[1.010058] (-) TimerEvent: {}
[1.110811] (-) TimerEvent: {}
[1.217444] (-) TimerEvent: {}
[1.317950] (-) TimerEvent: {}
[1.418826] (-) TimerEvent: {}
[1.519889] (-) TimerEvent: {}
[1.620613] (-) TimerEvent: {}
[1.721396] (-) TimerEvent: {}
[1.821870] (-) TimerEvent: {}
[1.922920] (-) TimerEvent: {}
[2.023525] (-) TimerEvent: {}
[2.124098] (-) TimerEvent: {}
[2.224623] (-) TimerEvent: {}
[2.266396] (mission_control) Command: {'cmd': ['/usr/bin/python3', '-W', 'ignore:setup.py install is deprecated', '-W', 'ignore:easy_install command is deprecated', 'setup.py', 'egg_info', '--egg-base', '../../build/mission_control', 'build', '--build-base', '/ros2_ws/build/mission_control/build', 'install', '--record', '/ros2_ws/build/mission_control/install.log', '--single-version-externally-managed', 'install_data'], 'cwd': '/ros2_ws/src/mission_control', 'env': {'HOSTNAME': 'Astro-Bot', 'SHLVL': '1', 'LD_LIBRARY_PATH': '/opt/ros/humble/lib/x86_64-linux-gnu:/opt/ros/humble/lib', 'HOME': '/root', 'OLDPWD': '/ros2_ws', 'ROS_PYTHON_VERSION': '3', 'ROS_DISTRO': 'humble', '_': '/usr/bin/colcon', 'ROS_VERSION': '2', 'TERM': 'xterm', 'ROS_LOCALHOST_ONLY': '0', 'QT_X11_NO_MITSHM': '1', 'PATH': '/opt/ros/humble/bin:/usr/local/sbin:/usr/local/bin:/usr/sbin:/usr/bin:/sbin:/bin', 'DISPLAY': ':0', 'LANG': 'C.UTF-8', 'RMW_IMPLEMENTATION': 'rmw_fastrtps_cpp', 'XAUTHORITY': '/root/.Xauthority', 'ROS_DOMAIN_ID': '1', 'AMENT_PREFIX_PATH': '/opt/ros/humble', 'DEBIAN_FRONTEND': 'noninteractive', 'PWD': '/ros2_ws/build/mission_control', 'LC_ALL': 'C.UTF-8', 'PYTHONPATH': '/ros2_ws/build/mission_control/prefix_override:/usr/lib/python3/dist-packages/colcon_core/task/python/colcon_distutils_commands:/ros2_ws/install/mission_control/lib/python3.10/site-packages:/opt/ros/humble/lib/python3.10/site-packages:/opt/ros/humble/local/lib/python3.10/dist-packages', 'COLCON': '1'}, 'shell': False}
[2.288844] (mission) Command: {'cmd': ['/usr/bin/python3', '-W', 'ignore:setup.py install is deprecated', '-W', 'ignore:easy_install command is deprecated', 'setup.py', 'egg_info', '--egg-base', '../../build/mission', 'build', '--build-base', '/ros2_ws/build/mission/build', 'install', '--record', '/ros2_ws/build/mission/install.log', '--single-version-externally-managed', 'install_data'], 'cwd': '/ros2_ws/src/mission', 'env': {'HOSTNAME': 'Astro-Bot', 'SHLVL': '1', 'LD_LIBRARY_PATH': '/opt/ros/humble/lib/x86_64-linux-gnu:/opt/ros/humble/lib', 'HOME': '/root', 'OLDPWD': '/ros2_ws', 'ROS_PYTHON_VERSION': '3', 'ROS_DISTRO': 'humble', '_': '/usr/bin/colcon', 'ROS_VERSION': '2', 'TERM': 'xterm', 'ROS_LOCALHOST_ONLY': '0', 'QT_X11_NO_MITSHM': '1', 'PATH': '/opt/ros/humble/bin:/usr/local/sbin:/usr/local/bin:/usr/sbin:/usr/bin:/sbin:/bin', 'DISPLAY': ':0', 'LANG': 'C.UTF-8', 'RMW_IMPLEMENTATION': 'rmw_fastrtps_cpp', 'XAUTHORITY': '/root/.Xauthority', 'ROS_DOMAIN_ID': '1', 'AMENT_PREFIX_PATH': '/opt/ros/humble', 'DEBIAN_FRONTEND': 'noninteractive', 'PWD': '/ros2_ws/build/mission', 'LC_ALL': 'C.UTF-8', 'PYTHONPATH': '/ros2_ws/build/mission/prefix_override:/usr/lib/python3/dist-packages/colcon_core/task/python/colcon_distutils_commands:/ros2_ws/install/mission/lib/python3.10/site-packages:/opt/ros/humble/lib/python3.10/site-packages:/opt/ros/humble/local/lib/python3.10/dist-packages', 'COLCON': '1'}, 'shell': False}
[2.304499] (bringup) Command: {'cmd': ['/usr/bin/python3', '-W', 'ignore:setup.py install is deprecated', '-W', 'ignore:easy_install command is deprecated', 'setup.py', 'egg_info', '--egg-base', '../../build/bringup', 'build', '--build-base', '/ros2_ws/build/bringup/build', 'install', '--record', '/ros2_ws/build/bringup/install.log', '--single-version-externally-managed', 'install_data'], 'cwd': '/ros2_ws/src/bringup', 'env': {'HOSTNAME': 'Astro-Bot', 'SHLVL': '1', 'LD_LIBRARY_PATH': '/opt/ros/humble/lib/x86_64-linux-gnu:/opt/ros/humble/lib', 'HOME': '/root', 'OLDPWD': '/ros2_ws', 'ROS_PYTHON_VERSION': '3', 'ROS_DISTRO': 'humble', '_': '/usr/bin/colcon', 'ROS_VERSION': '2', 'TERM': 'xterm', 'ROS_LOCALHOST_ONLY': '0', 'QT_X11_NO_MITSHM': '1', 'PATH': '/opt/ros/humble/bin:/usr/local/sbin:/usr/local/bin:/usr/sbin:/usr/bin:/sbin:/bin', 'DISPLAY': ':0', 'LANG': 'C.UTF-8', 'RMW_IMPLEMENTATION': 'rmw_fastrtps_cpp', 'XAUTHORITY': '/root/.Xauthority', 'ROS_DOMAIN_ID': '1', 'AMENT_PREFIX_PATH': '/opt/ros/humble', 'DEBIAN_FRONTEND': 'noninteractive', 'PWD': '/ros2_ws/build/bringup', 'LC_ALL': 'C.UTF-8', 'PYTHONPATH': '/ros2_ws/build/bringup/prefix_override:/usr/lib/python3/dist-packages/colcon_core/task/python/colcon_distutils_commands:/ros2_ws/install/bringup/lib/python3.10/site-packages:/opt/ros/humble/lib/python3.10/site-packages:/opt/ros/humble/local/lib/python3.10/dist-packages', 'COLCON': '1'}, 'shell': False}
[2.325044] (-) TimerEvent: {}
[2.425861] (-) TimerEvent: {}
[2.526420] (-) TimerEvent: {}
[2.626940] (-) TimerEvent: {}
[2.728180] (-) TimerEvent: {}
[2.828864] (-) TimerEvent: {}
[2.899437] (mission_control) StdoutLine: {'line': b'running egg_info\n'}
[2.901948] (mission) StdoutLine: {'line': b'running egg_info\n'}
[2.909987] (bringup) StdoutLine: {'line': b'running egg_info\n'}
[2.927537] (bringup) StdoutLine: {'line': b'writing ../../build/bringup/bringup.egg-info/PKG-INFO\n'}
[2.927987] (bringup) StdoutLine: {'line': b'writing dependency_links to ../../build/bringup/bringup.egg-info/dependency_links.txt\n'}
[2.928579] (bringup) StdoutLine: {'line': b'writing requirements to ../../build/bringup/bringup.egg-info/requires.txt\n'}
[2.932579] (-) TimerEvent: {}
[2.932933] (bringup) StdoutLine: {'line': b'writing top-level names to ../../build/bringup/bringup.egg-info/top_level.txt\n'}
[2.935065] (mission_control) StdoutLine: {'line': b'writing ../../build/mission_control/mission_control.egg-info/PKG-INFO\n'}
[2.935830] (mission_control) StdoutLine: {'line': b'writing dependency_links to ../../build/mission_control/mission_control.egg-info/dependency_links.txt\n'}
[2.936378] (mission) StdoutLine: {'line': b'writing ../../build/mission/mission.egg-info/PKG-INFO\n'}
[2.937157] (mission_control) StdoutLine: {'line': b'writing requirements to ../../build/mission_control/mission_control.egg-info/requires.txt\n'}
[2.937895] (mission_control) StdoutLine: {'line': b'writing top-level names to ../../build/mission_control/mission_control.egg-info/top_level.txt\n'}
[2.938419] (mission) StdoutLine: {'line': b'writing dependency_links to ../../build/mission/mission.egg-info/dependency_links.txt\n'}
[2.939096] (mission) StdoutLine: {'line': b'writing requirements to ../../build/mission/mission.egg-info/requires.txt\n'}
[2.939832] (mission) StdoutLine: {'line': b'writing top-level names to ../../build/mission/mission.egg-info/top_level.txt\n'}
[2.977376] (bringup) StdoutLine: {'line': b"reading manifest file '../../build/bringup/bringup.egg-info/SOURCES.txt'\n"}
[2.978784] (bringup) StdoutLine: {'line': b"writing manifest file '../../build/bringup/bringup.egg-info/SOURCES.txt'\n"}
[2.979406] (bringup) StdoutLine: {'line': b'running build\n'}
[2.979623] (bringup) StdoutLine: {'line': b'running build_py\n'}
[2.980182] (mission) StdoutLine: {'line': b"reading manifest file '../../build/mission/mission.egg-info/SOURCES.txt'\n"}
[2.980835] (bringup) StdoutLine: {'line': b'running install\n'}
[2.981356] (mission) StdoutLine: {'line': b"writing manifest file '../../build/mission/mission.egg-info/SOURCES.txt'\n"}
[2.982117] (mission) StdoutLine: {'line': b'running build\n'}
[2.982379] (mission) StdoutLine: {'line': b'running build_py\n'}
[2.982996] (mission_control) StdoutLine: {'line': b"reading manifest file '../../build/mission_control/mission_control.egg-info/SOURCES.txt'\n"}
[2.983642] (mission) StdoutLine: {'line': b'running install\n'}
[2.984582] (mission_control) StdoutLine: {'line': b"writing manifest file '../../build/mission_control/mission_control.egg-info/SOURCES.txt'\n"}
[2.985138] (mission_control) StdoutLine: {'line': b'running build\n'}
[2.985309] (mission_control) StdoutLine: {'line': b'running build_py\n'}
[2.985977] (mission_control) StdoutLine: {'line': b'running install\n'}
[2.990126] (bringup) StdoutLine: {'line': b'running install_lib\n'}
[2.994120] (mission) StdoutLine: {'line': b'running install_lib\n'}
[2.996244] (mission_control) StdoutLine: {'line': b'running install_lib\n'}
[3.012606] (bringup) StdoutLine: {'line': b'running install_data\n'}
[3.013170] (bringup) StdoutLine: {'line': b'running install_egg_info\n'}
[3.017765] (mission) StdoutLine: {'line': b'running install_data\n'}
[3.018530] (mission) StdoutLine: {'line': b'running install_egg_info\n'}
[3.020490] (mission_control) StdoutLine: {'line': b'running install_data\n'}
[3.020941] (mission_control) StdoutLine: {'line': b'running install_egg_info\n'}
[3.033608] (-) TimerEvent: {}
[3.037770] (bringup) StdoutLine: {'line': b"removing '/ros2_ws/install/bringup/lib/python3.10/site-packages/bringup-0.0.0-py3.10.egg-info' (and everything under it)\n"}
[3.038332] (bringup) StdoutLine: {'line': b'Copying ../../build/bringup/bringup.egg-info to /ros2_ws/install/bringup/lib/python3.10/site-packages/bringup-0.0.0-py3.10.egg-info\n'}
[3.040290] (bringup) StdoutLine: {'line': b'running install_scripts\n'}
[3.041117] (mission) StdoutLine: {'line': b"removing '/ros2_ws/install/mission/lib/python3.10/site-packages/mission-0.0.0-py3.10.egg-info' (and everything under it)\n"}
[3.041784] (mission) StdoutLine: {'line': b'Copying ../../build/mission/mission.egg-info to /ros2_ws/install/mission/lib/python3.10/site-packages/mission-0.0.0-py3.10.egg-info\n'}
[3.043876] (mission) StdoutLine: {'line': b'running install_scripts\n'}
[3.046233] (mission_control) StdoutLine: {'line': b"removing '/ros2_ws/install/mission_control/lib/python3.10/site-packages/mission_control-0.0.0-py3.10.egg-info' (and everything under it)\n"}
[3.048188] (mission_control) StdoutLine: {'line': b'Copying ../../build/mission_control/mission_control.egg-info to /ros2_ws/install/mission_control/lib/python3.10/site-packages/mission_control-0.0.0-py3.10.egg-info\n'}
[3.050709] (mission_control) StdoutLine: {'line': b'running install_scripts\n'}
[3.134141] (-) TimerEvent: {}
[3.159765] (bringup) StdoutLine: {'line': b"writing list of installed files to '/ros2_ws/build/bringup/install.log'\n"}
[3.160751] (mission) StdoutLine: {'line': b"writing list of installed files to '/ros2_ws/build/mission/install.log'\n"}
[3.179872] (mission_control) StdoutLine: {'line': b"writing list of installed files to '/ros2_ws/build/mission_control/install.log'\n"}
[3.234725] (-) TimerEvent: {}
[3.248728] (bringup) CommandEnded: {'returncode': 0}
[3.269306] (bringup) JobEnded: {'identifier': 'bringup', 'rc': 0}
[3.274963] (mission) CommandEnded: {'returncode': 0}
[3.287672] (mission) JobEnded: {'identifier': 'mission', 'rc': 0}
[3.290005] (mission_control) CommandEnded: {'returncode': 0}
[3.309374] (mission_control) JobEnded: {'identifier': 'mission_control', 'rc': 0}
[3.311242] (-) EventReactorShutdown: {}
