[1.522s] Invoking command in '/ros2_ws/src/bringup': PYTHONPATH=/ros2_ws/build/bringup/prefix_override:/usr/lib/python3/dist-packages/colcon_core/task/python/colcon_distutils_commands:/ros2_ws/install/bringup/lib/python3.10/site-packages:${PYTHONPATH} /usr/bin/python3 -W ignore:setup.py install is deprecated -W ignore:easy_install command is deprecated setup.py egg_info --egg-base ../../build/bringup build --build-base /ros2_ws/build/bringup/build install --record /ros2_ws/build/bringup/install.log --single-version-externally-managed install_data
[1.847s] running egg_info
[1.858s] writing ../../build/bringup/bringup.egg-info/PKG-INFO
[1.858s] writing dependency_links to ../../build/bringup/bringup.egg-info/dependency_links.txt
[1.859s] writing requirements to ../../build/bringup/bringup.egg-info/requires.txt
[1.859s] writing top-level names to ../../build/bringup/bringup.egg-info/top_level.txt
[1.885s] reading manifest file '../../build/bringup/bringup.egg-info/SOURCES.txt'
[1.886s] writing manifest file '../../build/bringup/bringup.egg-info/SOURCES.txt'
[1.886s] running build
[1.886s] running build_py
[1.886s] running install
[1.891s] running install_lib
[1.904s] running install_data
[1.904s] copying launch/colin.launch.py -> /ros2_ws/install/bringup/share/bringup/launch
[1.904s] running install_egg_info
[1.924s] removing '/ros2_ws/install/bringup/lib/python3.10/site-packages/bringup-0.0.0-py3.10.egg-info' (and everything under it)
[1.924s] Copying ../../build/bringup/bringup.egg-info to /ros2_ws/install/bringup/lib/python3.10/site-packages/bringup-0.0.0-py3.10.egg-info
[1.926s] running install_scripts
[1.991s] writing list of installed files to '/ros2_ws/build/bringup/install.log'
[2.052s] Invoked command in '/ros2_ws/src/bringup' returned '0': PYTHONPATH=/ros2_ws/build/bringup/prefix_override:/usr/lib/python3/dist-packages/colcon_core/task/python/colcon_distutils_commands:/ros2_ws/install/bringup/lib/python3.10/site-packages:${PYTHONPATH} /usr/bin/python3 -W ignore:setup.py install is deprecated -W ignore:easy_install command is deprecated setup.py egg_info --egg-base ../../build/bringup build --build-base /ros2_ws/build/bringup/build install --record /ros2_ws/build/bringup/install.log --single-version-externally-managed install_data
