[0.000000] (-) TimerEvent: {}
[0.000172] (bringup) JobQueued: {'identifier': 'bringup', 'dependencies': OrderedDict()}
[0.000235] (mission) JobQueued: {'identifier': 'mission', 'dependencies': OrderedDict()}
[0.000257] (mission_control) JobQueued: {'identifier': 'mission_control', 'dependencies': OrderedDict()}
[0.001244] (bringup) JobStarted: {'identifier': 'bringup'}
[0.020207] (mission) JobStarted: {'identifier': 'mission'}
[0.031606] (mission_control) JobStarted: {'identifier': 'mission_control'}
[0.099736] (-) TimerEvent: {}
[0.201581] (-) TimerEvent: {}
[0.302188] (-) TimerEvent: {}
[0.405949] (-) TimerEvent: {}
[0.506559] (-) TimerEvent: {}
[0.607313] (-) TimerEvent: {}
[0.707945] (-) TimerEvent: {}
[0.808792] (-) TimerEvent: {}
[0.909333] (-) TimerEvent: {}
[1.010078] (-) TimerEvent: {}
[1.111445] (-) TimerEvent: {}
[1.211873] (-) TimerEvent: {}
[1.313225] (-) TimerEvent: {}
[1.413864] (-) TimerEvent: {}
[1.515034] (-) TimerEvent: {}
[1.616409] (-) TimerEvent: {}
[1.717029] (-) TimerEvent: {}
[1.817758] (-) TimerEvent: {}
[1.918488] (-) TimerEvent: {}
[2.019274] (-) TimerEvent: {}
[2.120182] (-) TimerEvent: {}
[2.192093] (mission) Command: {'cmd': ['/usr/bin/python3', '-W', 'ignore:setup.py install is deprecated', '-W', 'ignore:easy_install command is deprecated', 'setup.py', 'egg_info', '--egg-base', '../../build/mission', 'build', '--build-base', '/ros2_ws/build/mission/build', 'install', '--record', '/ros2_ws/build/mission/install.log', '--single-version-externally-managed', 'install_data'], 'cwd': '/ros2_ws/src/mission', 'env': {'HOSTNAME': 'Astro-Bot', 'SHLVL': '1', 'LD_LIBRARY_PATH': '/opt/ros/humble/lib/x86_64-linux-gnu:/opt/ros/humble/lib', 'HOME': '/root', 'OLDPWD': '/ros2_ws', 'ROS_PYTHON_VERSION': '3', 'ROS_DISTRO': 'humble', '_': '/usr/bin/colcon', 'ROS_VERSION': '2', 'TERM': 'xterm', 'ROS_LOCALHOST_ONLY': '0', 'QT_X11_NO_MITSHM': '1', 'PATH': '/opt/ros/humble/bin:/usr/local/sbin:/usr/local/bin:/usr/sbin:/usr/bin:/sbin:/bin', 'DISPLAY': ':0', 'LANG': 'C.UTF-8', 'RMW_IMPLEMENTATION': 'rmw_fastrtps_cpp', 'XAUTHORITY': '/root/.Xauthority', 'ROS_DOMAIN_ID': '1', 'AMENT_PREFIX_PATH': '/opt/ros/humble', 'DEBIAN_FRONTEND': 'noninteractive', 'PWD': '/ros2_ws/build/mission', 'LC_ALL': 'C.UTF-8', 'PYTHONPATH': '/ros2_ws/build/mission/prefix_override:/usr/lib/python3/dist-packages/colcon_core/task/python/colcon_distutils_commands:/ros2_ws/install/mission/lib/python3.10/site-packages:/opt/ros/humble/lib/python3.10/site-packages:/opt/ros/humble/local/lib/python3.10/dist-packages', 'COLCON': '1'}, 'shell': False}
[2.202405] (mission_control) Command: {'cmd': ['/usr/bin/python3', '-W', 'ignore:setup.py install is deprecated', '-W', 'ignore:easy_install command is deprecated', 'setup.py', 'egg_info', '--egg-base', '../../build/mission_control', 'build', '--build-base', '/ros2_ws/build/mission_control/build', 'install', '--record', '/ros2_ws/build/mission_control/install.log', '--single-version-externally-managed', 'install_data'], 'cwd': '/ros2_ws/src/mission_control', 'env': {'HOSTNAME': 'Astro-Bot', 'SHLVL': '1', 'LD_LIBRARY_PATH': '/opt/ros/humble/lib/x86_64-linux-gnu:/opt/ros/humble/lib', 'HOME': '/root', 'OLDPWD': '/ros2_ws', 'ROS_PYTHON_VERSION': '3', 'ROS_DISTRO': 'humble', '_': '/usr/bin/colcon', 'ROS_VERSION': '2', 'TERM': 'xterm', 'ROS_LOCALHOST_ONLY': '0', 'QT_X11_NO_MITSHM': '1', 'PATH': '/opt/ros/humble/bin:/usr/local/sbin:/usr/local/bin:/usr/sbin:/usr/bin:/sbin:/bin', 'DISPLAY': ':0', 'LANG': 'C.UTF-8', 'RMW_IMPLEMENTATION': 'rmw_fastrtps_cpp', 'XAUTHORITY': '/root/.Xauthority', 'ROS_DOMAIN_ID': '1', 'AMENT_PREFIX_PATH': '/opt/ros/humble', 'DEBIAN_FRONTEND': 'noninteractive', 'PWD': '/ros2_ws/build/mission_control', 'LC_ALL': 'C.UTF-8', 'PYTHONPATH': '/ros2_ws/build/mission_control/prefix_override:/usr/lib/python3/dist-packages/colcon_core/task/python/colcon_distutils_commands:/ros2_ws/install/mission_control/lib/python3.10/site-packages:/opt/ros/humble/lib/python3.10/site-packages:/opt/ros/humble/local/lib/python3.10/dist-packages', 'COLCON': '1'}, 'shell': False}
[2.220491] (-) TimerEvent: {}
[2.251502] (bringup) Command: {'cmd': ['/usr/bin/python3', '-W', 'ignore:setup.py install is deprecated', '-W', 'ignore:easy_install command is deprecated', 'setup.py', 'egg_info', '--egg-base', '../../build/bringup', 'build', '--build-base', '/ros2_ws/build/bringup/build', 'install', '--record', '/ros2_ws/build/bringup/install.log', '--single-version-externally-managed', 'install_data'], 'cwd': '/ros2_ws/src/bringup', 'env': {'HOSTNAME': 'Astro-Bot', 'SHLVL': '1', 'LD_LIBRARY_PATH': '/opt/ros/humble/lib/x86_64-linux-gnu:/opt/ros/humble/lib', 'HOME': '/root', 'OLDPWD': '/ros2_ws', 'ROS_PYTHON_VERSION': '3', 'ROS_DISTRO': 'humble', '_': '/usr/bin/colcon', 'ROS_VERSION': '2', 'TERM': 'xterm', 'ROS_LOCALHOST_ONLY': '0', 'QT_X11_NO_MITSHM': '1', 'PATH': '/opt/ros/humble/bin:/usr/local/sbin:/usr/local/bin:/usr/sbin:/usr/bin:/sbin:/bin', 'DISPLAY': ':0', 'LANG': 'C.UTF-8', 'RMW_IMPLEMENTATION': 'rmw_fastrtps_cpp', 'XAUTHORITY': '/root/.Xauthority', 'ROS_DOMAIN_ID': '1', 'AMENT_PREFIX_PATH': '/opt/ros/humble', 'DEBIAN_FRONTEND': 'noninteractive', 'PWD': '/ros2_ws/build/bringup', 'LC_ALL': 'C.UTF-8', 'PYTHONPATH': '/ros2_ws/build/bringup/prefix_override:/usr/lib/python3/dist-packages/colcon_core/task/python/colcon_distutils_commands:/ros2_ws/install/bringup/lib/python3.10/site-packages:/opt/ros/humble/lib/python3.10/site-packages:/opt/ros/humble/local/lib/python3.10/dist-packages', 'COLCON': '1'}, 'shell': False}
[2.322933] (-) TimerEvent: {}
[2.423629] (-) TimerEvent: {}
[2.524278] (-) TimerEvent: {}
[2.625124] (-) TimerEvent: {}
[2.725739] (-) TimerEvent: {}
[2.756434] (mission) StdoutLine: {'line': b'running egg_info\n'}
[2.774698] (mission) StdoutLine: {'line': b'writing ../../build/mission/mission.egg-info/PKG-INFO\n'}
[2.779895] (mission) StdoutLine: {'line': b'writing dependency_links to ../../build/mission/mission.egg-info/dependency_links.txt\n'}
[2.780083] (mission) StdoutLine: {'line': b'writing requirements to ../../build/mission/mission.egg-info/requires.txt\n'}
[2.780165] (mission) StdoutLine: {'line': b'writing top-level names to ../../build/mission/mission.egg-info/top_level.txt\n'}
[2.812292] (mission_control) StdoutLine: {'line': b'running egg_info\n'}
[2.825988] (-) TimerEvent: {}
[2.828576] (mission) StdoutLine: {'line': b"reading manifest file '../../build/mission/mission.egg-info/SOURCES.txt'\n"}
[2.830698] (mission) StdoutLine: {'line': b"writing manifest file '../../build/mission/mission.egg-info/SOURCES.txt'\n"}
[2.831193] (mission) StdoutLine: {'line': b'running build\n'}
[2.831681] (mission) StdoutLine: {'line': b'running build_py\n'}
[2.832041] (mission) StdoutLine: {'line': b'running install\n'}
[2.833022] (mission_control) StdoutLine: {'line': b'writing ../../build/mission_control/mission_control.egg-info/PKG-INFO\n'}
[2.833728] (mission_control) StdoutLine: {'line': b'writing dependency_links to ../../build/mission_control/mission_control.egg-info/dependency_links.txt\n'}
[2.834311] (mission_control) StdoutLine: {'line': b'writing requirements to ../../build/mission_control/mission_control.egg-info/requires.txt\n'}
[2.834761] (mission_control) StdoutLine: {'line': b'writing top-level names to ../../build/mission_control/mission_control.egg-info/top_level.txt\n'}
[2.844802] (bringup) StdoutLine: {'line': b'running egg_info\n'}
[2.846255] (mission) StdoutLine: {'line': b'running install_lib\n'}
[2.866805] (bringup) StdoutLine: {'line': b'writing ../../build/bringup/bringup.egg-info/PKG-INFO\n'}
[2.867247] (bringup) StdoutLine: {'line': b'writing dependency_links to ../../build/bringup/bringup.egg-info/dependency_links.txt\n'}
[2.867975] (bringup) StdoutLine: {'line': b'writing requirements to ../../build/bringup/bringup.egg-info/requires.txt\n'}
[2.868492] (bringup) StdoutLine: {'line': b'writing top-level names to ../../build/bringup/bringup.egg-info/top_level.txt\n'}
[2.881933] (mission) StdoutLine: {'line': b'running install_data\n'}
[2.882416] (mission) StdoutLine: {'line': b'running install_egg_info\n'}
[2.892355] (mission_control) StdoutLine: {'line': b"reading manifest file '../../build/mission_control/mission_control.egg-info/SOURCES.txt'\n"}
[2.893878] (mission_control) StdoutLine: {'line': b"writing manifest file '../../build/mission_control/mission_control.egg-info/SOURCES.txt'\n"}
[2.894483] (mission_control) StdoutLine: {'line': b'running build\n'}
[2.894675] (mission_control) StdoutLine: {'line': b'running build_py\n'}
[2.896463] (mission_control) StdoutLine: {'line': b'running install\n'}
[2.905482] (mission_control) StdoutLine: {'line': b'running install_lib\n'}
[2.910426] (mission) StdoutLine: {'line': b"removing '/ros2_ws/install/mission/lib/python3.10/site-packages/mission-0.0.0-py3.10.egg-info' (and everything under it)\n"}
[2.910990] (mission) StdoutLine: {'line': b'Copying ../../build/mission/mission.egg-info to /ros2_ws/install/mission/lib/python3.10/site-packages/mission-0.0.0-py3.10.egg-info\n'}
[2.911731] (bringup) StdoutLine: {'line': b"reading manifest file '../../build/bringup/bringup.egg-info/SOURCES.txt'\n"}
[2.913202] (mission) StdoutLine: {'line': b'running install_scripts\n'}
[2.913531] (bringup) StdoutLine: {'line': b"writing manifest file '../../build/bringup/bringup.egg-info/SOURCES.txt'\n"}
[2.914006] (bringup) StdoutLine: {'line': b'running build\n'}
[2.914552] (bringup) StdoutLine: {'line': b'running build_py\n'}
[2.914724] (bringup) StdoutLine: {'line': b'running install\n'}
[2.923242] (bringup) StdoutLine: {'line': b'running install_lib\n'}
[2.926416] (-) TimerEvent: {}
[2.928965] (mission_control) StdoutLine: {'line': b'running install_data\n'}
[2.929469] (mission_control) StdoutLine: {'line': b'running install_egg_info\n'}
[2.945398] (bringup) StdoutLine: {'line': b'running install_data\n'}
[2.945923] (bringup) StdoutLine: {'line': b'running install_egg_info\n'}
[2.953076] (mission_control) StdoutLine: {'line': b"removing '/ros2_ws/install/mission_control/lib/python3.10/site-packages/mission_control-0.0.0-py3.10.egg-info' (and everything under it)\n"}
[2.953595] (mission_control) StdoutLine: {'line': b'Copying ../../build/mission_control/mission_control.egg-info to /ros2_ws/install/mission_control/lib/python3.10/site-packages/mission_control-0.0.0-py3.10.egg-info\n'}
[2.956814] (mission_control) StdoutLine: {'line': b'running install_scripts\n'}
[2.968317] (bringup) StdoutLine: {'line': b"removing '/ros2_ws/install/bringup/lib/python3.10/site-packages/bringup-0.0.0-py3.10.egg-info' (and everything under it)\n"}
[2.968941] (bringup) StdoutLine: {'line': b'Copying ../../build/bringup/bringup.egg-info to /ros2_ws/install/bringup/lib/python3.10/site-packages/bringup-0.0.0-py3.10.egg-info\n'}
[2.971445] (bringup) StdoutLine: {'line': b'running install_scripts\n'}
[3.026901] (-) TimerEvent: {}
[3.027625] (mission) StdoutLine: {'line': b"writing list of installed files to '/ros2_ws/build/mission/install.log'\n"}
[3.067592] (mission_control) StdoutLine: {'line': b"writing list of installed files to '/ros2_ws/build/mission_control/install.log'\n"}
[3.081085] (bringup) StdoutLine: {'line': b"writing list of installed files to '/ros2_ws/build/bringup/install.log'\n"}
[3.112490] (mission) CommandEnded: {'returncode': 0}
[3.127806] (-) TimerEvent: {}
[3.135868] (mission) JobEnded: {'identifier': 'mission', 'rc': 0}
[3.158686] (mission_control) CommandEnded: {'returncode': 0}
[3.173627] (mission_control) JobEnded: {'identifier': 'mission_control', 'rc': 0}
[3.178458] (bringup) CommandEnded: {'returncode': 0}
[3.190431] (bringup) JobEnded: {'identifier': 'bringup', 'rc': 0}
[3.193545] (-) EventReactorShutdown: {}
