[0.175s] DEBUG:colcon:Command line arguments: ['/usr/bin/colcon', 'build']
[0.175s] DEBUG:colcon:Parsed command line arguments: Namespace(log_base=None, log_level=None, verb_name='build', build_base='build', install_base='install', merge_install=False, symlink_install=False, test_result_base=None, continue_on_error=False, executor='parallel', parallel_workers=8, event_handlers=None, ignore_user_meta=False, metas=['./colcon.meta'], base_paths=['.'], packages_ignore=None, packages_ignore_regex=None, paths=None, packages_up_to=None, packages_up_to_regex=None, packages_above=None, packages_above_and_dependencies=None, packages_above_depth=None, packages_select_by_dep=None, packages_skip_by_dep=None, packages_skip_up_to=None, packages_select_build_failed=False, packages_skip_build_finished=False, packages_select_test_failures=False, packages_skip_test_passed=False, packages_select=None, packages_skip=None, packages_select_regex=None, packages_skip_regex=None, packages_start=None, packages_end=None, cmake_args=None, cmake_target=None, cmake_target_skip_unavailable=False, cmake_clean_cache=False, cmake_clean_first=False, cmake_force_configure=False, ament_cmake_args=None, catkin_cmake_args=None, catkin_skip_building_tests=False, mixin_files=None, mixin=None, verb_parser=<colcon_mixin.mixin.mixin_argument.MixinArgumentDecorator object at 0x72883209b5e0>, verb_extension=<colcon_core.verb.build.BuildVerb object at 0x7288321f45b0>, main=<bound method BuildVerb.main of <colcon_core.verb.build.BuildVerb object at 0x7288321f45b0>>, mixin_verb=('build',))
[0.452s] Level 1:colcon.colcon_core.package_discovery:discover_packages(colcon_meta) check parameters
[0.453s] INFO:colcon.colcon_metadata.package_discovery.colcon_meta:Using configuration from '/root/.colcon/metadata/default/Gazebo.meta'
[0.454s] INFO:colcon.colcon_metadata.package_discovery.colcon_meta:Using configuration from '/root/.colcon/metadata/default/fastdds.meta'
[0.454s] INFO:colcon.colcon_metadata.package_discovery.colcon_meta:Using configuration from '/root/.colcon/metadata/default/fastrtps.meta'
[0.454s] Level 1:colcon.colcon_core.package_discovery:discover_packages(recursive) check parameters
[0.454s] Level 1:colcon.colcon_core.package_discovery:discover_packages(ignore) check parameters
[0.455s] Level 1:colcon.colcon_core.package_discovery:discover_packages(path) check parameters
[0.455s] Level 1:colcon.colcon_core.package_discovery:discover_packages(colcon_meta) discover
[0.455s] Level 1:colcon.colcon_core.package_discovery:discover_packages(recursive) discover
[0.455s] INFO:colcon.colcon_core.package_discovery:Crawling recursively for packages in '/ros2_ws'
[0.455s] Level 1:colcon.colcon_core.package_identification:_identify(.) by extensions ['ignore', 'ignore_ament_install']
[0.455s] Level 1:colcon.colcon_core.package_identification:_identify(.) by extension 'ignore'
[0.455s] Level 1:colcon.colcon_core.package_identification:_identify(.) by extension 'ignore_ament_install'
[0.455s] Level 1:colcon.colcon_core.package_identification:_identify(.) by extensions ['colcon_pkg']
[0.455s] Level 1:colcon.colcon_core.package_identification:_identify(.) by extension 'colcon_pkg'
[0.455s] Level 1:colcon.colcon_core.package_identification:_identify(.) by extensions ['colcon_meta']
[0.455s] Level 1:colcon.colcon_core.package_identification:_identify(.) by extension 'colcon_meta'
[0.455s] Level 1:colcon.colcon_core.package_identification:_identify(.) by extensions ['ros']
[0.455s] Level 1:colcon.colcon_core.package_identification:_identify(.) by extension 'ros'
[0.473s] Level 1:colcon.colcon_core.package_identification:_identify(.) by extensions ['cmake', 'python']
[0.473s] Level 1:colcon.colcon_core.package_identification:_identify(.) by extension 'cmake'
[0.473s] Level 1:colcon.colcon_core.package_identification:_identify(.) by extension 'python'
[0.474s] Level 1:colcon.colcon_core.package_identification:_identify(.) by extensions ['python_setup_py']
[0.474s] Level 1:colcon.colcon_core.package_identification:_identify(.) by extension 'python_setup_py'
[0.474s] Level 1:colcon.colcon_core.package_identification:_identify(build) by extensions ['ignore', 'ignore_ament_install']
[0.474s] Level 1:colcon.colcon_core.package_identification:_identify(build) by extension 'ignore'
[0.474s] Level 1:colcon.colcon_core.package_identification:_identify(build) ignored
[0.474s] Level 1:colcon.colcon_core.package_identification:_identify(install) by extensions ['ignore', 'ignore_ament_install']
[0.474s] Level 1:colcon.colcon_core.package_identification:_identify(install) by extension 'ignore'
[0.474s] Level 1:colcon.colcon_core.package_identification:_identify(install) ignored
[0.474s] Level 1:colcon.colcon_core.package_identification:_identify(log) by extensions ['ignore', 'ignore_ament_install']
[0.474s] Level 1:colcon.colcon_core.package_identification:_identify(log) by extension 'ignore'
[0.474s] Level 1:colcon.colcon_core.package_identification:_identify(log) ignored
[0.474s] Level 1:colcon.colcon_core.package_identification:_identify(src) by extensions ['ignore', 'ignore_ament_install']
[0.475s] Level 1:colcon.colcon_core.package_identification:_identify(src) by extension 'ignore'
[0.475s] Level 1:colcon.colcon_core.package_identification:_identify(src) by extension 'ignore_ament_install'
[0.475s] Level 1:colcon.colcon_core.package_identification:_identify(src) by extensions ['colcon_pkg']
[0.475s] Level 1:colcon.colcon_core.package_identification:_identify(src) by extension 'colcon_pkg'
[0.475s] Level 1:colcon.colcon_core.package_identification:_identify(src) by extensions ['colcon_meta']
[0.475s] Level 1:colcon.colcon_core.package_identification:_identify(src) by extension 'colcon_meta'
[0.475s] Level 1:colcon.colcon_core.package_identification:_identify(src) by extensions ['ros']
[0.475s] Level 1:colcon.colcon_core.package_identification:_identify(src) by extension 'ros'
[0.475s] Level 1:colcon.colcon_core.package_identification:_identify(src) by extensions ['cmake', 'python']
[0.475s] Level 1:colcon.colcon_core.package_identification:_identify(src) by extension 'cmake'
[0.475s] Level 1:colcon.colcon_core.package_identification:_identify(src) by extension 'python'
[0.475s] Level 1:colcon.colcon_core.package_identification:_identify(src) by extensions ['python_setup_py']
[0.475s] Level 1:colcon.colcon_core.package_identification:_identify(src) by extension 'python_setup_py'
[0.475s] Level 1:colcon.colcon_core.package_identification:_identify(src/bringup) by extensions ['ignore', 'ignore_ament_install']
[0.475s] Level 1:colcon.colcon_core.package_identification:_identify(src/bringup) by extension 'ignore'
[0.475s] Level 1:colcon.colcon_core.package_identification:_identify(src/bringup) by extension 'ignore_ament_install'
[0.475s] Level 1:colcon.colcon_core.package_identification:_identify(src/bringup) by extensions ['colcon_pkg']
[0.475s] Level 1:colcon.colcon_core.package_identification:_identify(src/bringup) by extension 'colcon_pkg'
[0.476s] Level 1:colcon.colcon_core.package_identification:_identify(src/bringup) by extensions ['colcon_meta']
[0.476s] Level 1:colcon.colcon_core.package_identification:_identify(src/bringup) by extension 'colcon_meta'
[0.476s] Level 1:colcon.colcon_core.package_identification:_identify(src/bringup) by extensions ['ros']
[0.476s] Level 1:colcon.colcon_core.package_identification:_identify(src/bringup) by extension 'ros'
[0.479s] DEBUG:colcon.colcon_core.package_identification:Package 'src/bringup' with type 'ros.ament_python' and name 'bringup'
[0.479s] Level 1:colcon.colcon_core.package_identification:_identify(src/mission) by extensions ['ignore', 'ignore_ament_install']
[0.479s] Level 1:colcon.colcon_core.package_identification:_identify(src/mission) by extension 'ignore'
[0.479s] Level 1:colcon.colcon_core.package_identification:_identify(src/mission) by extension 'ignore_ament_install'
[0.480s] Level 1:colcon.colcon_core.package_identification:_identify(src/mission) by extensions ['colcon_pkg']
[0.480s] Level 1:colcon.colcon_core.package_identification:_identify(src/mission) by extension 'colcon_pkg'
[0.480s] Level 1:colcon.colcon_core.package_identification:_identify(src/mission) by extensions ['colcon_meta']
[0.480s] Level 1:colcon.colcon_core.package_identification:_identify(src/mission) by extension 'colcon_meta'
[0.480s] Level 1:colcon.colcon_core.package_identification:_identify(src/mission) by extensions ['ros']
[0.480s] Level 1:colcon.colcon_core.package_identification:_identify(src/mission) by extension 'ros'
[0.480s] DEBUG:colcon.colcon_core.package_identification:Package 'src/mission' with type 'ros.ament_python' and name 'mission'
[0.481s] Level 1:colcon.colcon_core.package_identification:_identify(src/mission_control) by extensions ['ignore', 'ignore_ament_install']
[0.481s] Level 1:colcon.colcon_core.package_identification:_identify(src/mission_control) by extension 'ignore'
[0.481s] Level 1:colcon.colcon_core.package_identification:_identify(src/mission_control) by extension 'ignore_ament_install'
[0.481s] Level 1:colcon.colcon_core.package_identification:_identify(src/mission_control) by extensions ['colcon_pkg']
[0.481s] Level 1:colcon.colcon_core.package_identification:_identify(src/mission_control) by extension 'colcon_pkg'
[0.481s] Level 1:colcon.colcon_core.package_identification:_identify(src/mission_control) by extensions ['colcon_meta']
[0.481s] Level 1:colcon.colcon_core.package_identification:_identify(src/mission_control) by extension 'colcon_meta'
[0.481s] Level 1:colcon.colcon_core.package_identification:_identify(src/mission_control) by extensions ['ros']
[0.481s] Level 1:colcon.colcon_core.package_identification:_identify(src/mission_control) by extension 'ros'
[0.482s] DEBUG:colcon.colcon_core.package_identification:Package 'src/mission_control' with type 'ros.ament_python' and name 'mission_control'
[0.482s] Level 1:colcon.colcon_core.package_discovery:discover_packages(recursive) using defaults
[0.482s] Level 1:colcon.colcon_core.package_discovery:discover_packages(ignore) discover
[0.482s] Level 1:colcon.colcon_core.package_discovery:discover_packages(ignore) using defaults
[0.482s] Level 1:colcon.colcon_core.package_discovery:discover_packages(path) discover
[0.482s] Level 1:colcon.colcon_core.package_discovery:discover_packages(path) using defaults
[0.506s] Level 5:colcon.colcon_core.verb:set package 'bringup' build argument 'cmake_args' from command line to 'None'
[0.506s] Level 5:colcon.colcon_core.verb:set package 'bringup' build argument 'cmake_target' from command line to 'None'
[0.506s] Level 5:colcon.colcon_core.verb:set package 'bringup' build argument 'cmake_target_skip_unavailable' from command line to 'False'
[0.506s] Level 5:colcon.colcon_core.verb:set package 'bringup' build argument 'cmake_clean_cache' from command line to 'False'
[0.506s] Level 5:colcon.colcon_core.verb:set package 'bringup' build argument 'cmake_clean_first' from command line to 'False'
[0.506s] Level 5:colcon.colcon_core.verb:set package 'bringup' build argument 'cmake_force_configure' from command line to 'False'
[0.506s] Level 5:colcon.colcon_core.verb:set package 'bringup' build argument 'ament_cmake_args' from command line to 'None'
[0.506s] Level 5:colcon.colcon_core.verb:set package 'bringup' build argument 'catkin_cmake_args' from command line to 'None'
[0.506s] Level 5:colcon.colcon_core.verb:set package 'bringup' build argument 'catkin_skip_building_tests' from command line to 'False'
[0.506s] DEBUG:colcon.colcon_core.verb:Building package 'bringup' with the following arguments: {'ament_cmake_args': None, 'build_base': '/ros2_ws/build/bringup', 'catkin_cmake_args': None, 'catkin_skip_building_tests': False, 'cmake_args': None, 'cmake_clean_cache': False, 'cmake_clean_first': False, 'cmake_force_configure': False, 'cmake_target': None, 'cmake_target_skip_unavailable': False, 'install_base': '/ros2_ws/install/bringup', 'merge_install': False, 'path': '/ros2_ws/src/bringup', 'symlink_install': False, 'test_result_base': None}
[0.507s] Level 5:colcon.colcon_core.verb:set package 'mission' build argument 'cmake_args' from command line to 'None'
[0.507s] Level 5:colcon.colcon_core.verb:set package 'mission' build argument 'cmake_target' from command line to 'None'
[0.507s] Level 5:colcon.colcon_core.verb:set package 'mission' build argument 'cmake_target_skip_unavailable' from command line to 'False'
[0.507s] Level 5:colcon.colcon_core.verb:set package 'mission' build argument 'cmake_clean_cache' from command line to 'False'
[0.507s] Level 5:colcon.colcon_core.verb:set package 'mission' build argument 'cmake_clean_first' from command line to 'False'
[0.507s] Level 5:colcon.colcon_core.verb:set package 'mission' build argument 'cmake_force_configure' from command line to 'False'
[0.507s] Level 5:colcon.colcon_core.verb:set package 'mission' build argument 'ament_cmake_args' from command line to 'None'
[0.507s] Level 5:colcon.colcon_core.verb:set package 'mission' build argument 'catkin_cmake_args' from command line to 'None'
[0.507s] Level 5:colcon.colcon_core.verb:set package 'mission' build argument 'catkin_skip_building_tests' from command line to 'False'
[0.507s] DEBUG:colcon.colcon_core.verb:Building package 'mission' with the following arguments: {'ament_cmake_args': None, 'build_base': '/ros2_ws/build/mission', 'catkin_cmake_args': None, 'catkin_skip_building_tests': False, 'cmake_args': None, 'cmake_clean_cache': False, 'cmake_clean_first': False, 'cmake_force_configure': False, 'cmake_target': None, 'cmake_target_skip_unavailable': False, 'install_base': '/ros2_ws/install/mission', 'merge_install': False, 'path': '/ros2_ws/src/mission', 'symlink_install': False, 'test_result_base': None}
[0.507s] Level 5:colcon.colcon_core.verb:set package 'mission_control' build argument 'cmake_args' from command line to 'None'
[0.507s] Level 5:colcon.colcon_core.verb:set package 'mission_control' build argument 'cmake_target' from command line to 'None'
[0.507s] Level 5:colcon.colcon_core.verb:set package 'mission_control' build argument 'cmake_target_skip_unavailable' from command line to 'False'
[0.507s] Level 5:colcon.colcon_core.verb:set package 'mission_control' build argument 'cmake_clean_cache' from command line to 'False'
[0.507s] Level 5:colcon.colcon_core.verb:set package 'mission_control' build argument 'cmake_clean_first' from command line to 'False'
[0.507s] Level 5:colcon.colcon_core.verb:set package 'mission_control' build argument 'cmake_force_configure' from command line to 'False'
[0.507s] Level 5:colcon.colcon_core.verb:set package 'mission_control' build argument 'ament_cmake_args' from command line to 'None'
[0.507s] Level 5:colcon.colcon_core.verb:set package 'mission_control' build argument 'catkin_cmake_args' from command line to 'None'
[0.507s] Level 5:colcon.colcon_core.verb:set package 'mission_control' build argument 'catkin_skip_building_tests' from command line to 'False'
[0.507s] DEBUG:colcon.colcon_core.verb:Building package 'mission_control' with the following arguments: {'ament_cmake_args': None, 'build_base': '/ros2_ws/build/mission_control', 'catkin_cmake_args': None, 'catkin_skip_building_tests': False, 'cmake_args': None, 'cmake_clean_cache': False, 'cmake_clean_first': False, 'cmake_force_configure': False, 'cmake_target': None, 'cmake_target_skip_unavailable': False, 'install_base': '/ros2_ws/install/mission_control', 'merge_install': False, 'path': '/ros2_ws/src/mission_control', 'symlink_install': False, 'test_result_base': None}
[0.508s] INFO:colcon.colcon_core.executor:Executing jobs using 'parallel' executor
[0.509s] DEBUG:colcon.colcon_parallel_executor.executor.parallel:run_until_complete
[0.510s] INFO:colcon.colcon_ros.task.ament_python.build:Building ROS package in '/ros2_ws/src/bringup' with build type 'ament_python'
[0.510s] Level 1:colcon.colcon_core.shell:create_environment_hook('bringup', 'ament_prefix_path')
[0.514s] INFO:colcon.colcon_core.plugin_system:Skipping extension 'colcon_core.shell.bat': Not used on non-Windows systems
[0.514s] INFO:colcon.colcon_core.shell:Creating environment hook '/ros2_ws/install/bringup/share/bringup/hook/ament_prefix_path.ps1'
[0.515s] INFO:colcon.colcon_core.shell:Creating environment descriptor '/ros2_ws/install/bringup/share/bringup/hook/ament_prefix_path.dsv'
[0.520s] INFO:colcon.colcon_core.shell:Creating environment hook '/ros2_ws/install/bringup/share/bringup/hook/ament_prefix_path.sh'
[0.521s] INFO:colcon.colcon_core.shell:Skip shell extension 'powershell' for command environment: Not usable outside of PowerShell
[0.521s] DEBUG:colcon.colcon_core.shell:Skip shell extension 'dsv' for command environment
[0.529s] INFO:colcon.colcon_ros.task.ament_python.build:Building ROS package in '/ros2_ws/src/mission' with build type 'ament_python'
[0.530s] Level 1:colcon.colcon_core.shell:create_environment_hook('mission', 'ament_prefix_path')
[0.532s] INFO:colcon.colcon_core.shell:Creating environment hook '/ros2_ws/install/mission/share/mission/hook/ament_prefix_path.ps1'
[0.534s] INFO:colcon.colcon_core.shell:Creating environment descriptor '/ros2_ws/install/mission/share/mission/hook/ament_prefix_path.dsv'
[0.534s] INFO:colcon.colcon_core.shell:Creating environment hook '/ros2_ws/install/mission/share/mission/hook/ament_prefix_path.sh'
[0.536s] INFO:colcon.colcon_core.shell:Skip shell extension 'powershell' for command environment: Not usable outside of PowerShell
[0.536s] DEBUG:colcon.colcon_core.shell:Skip shell extension 'dsv' for command environment
[0.540s] INFO:colcon.colcon_ros.task.ament_python.build:Building ROS package in '/ros2_ws/src/mission_control' with build type 'ament_python'
[0.541s] Level 1:colcon.colcon_core.shell:create_environment_hook('mission_control', 'ament_prefix_path')
[0.542s] INFO:colcon.colcon_core.shell:Creating environment hook '/ros2_ws/install/mission_control/share/mission_control/hook/ament_prefix_path.ps1'
[0.546s] INFO:colcon.colcon_core.shell:Creating environment descriptor '/ros2_ws/install/mission_control/share/mission_control/hook/ament_prefix_path.dsv'
[0.548s] INFO:colcon.colcon_core.shell:Creating environment hook '/ros2_ws/install/mission_control/share/mission_control/hook/ament_prefix_path.sh'
[0.550s] INFO:colcon.colcon_core.shell:Skip shell extension 'powershell' for command environment: Not usable outside of PowerShell
[0.550s] DEBUG:colcon.colcon_core.shell:Skip shell extension 'dsv' for command environment
[0.964s] INFO:colcon.colcon_core.task.python.build:Building Python package in '/ros2_ws/src/bringup'
[0.964s] INFO:colcon.colcon_core.shell:Skip shell extension 'powershell' for command environment: Not usable outside of PowerShell
[0.964s] DEBUG:colcon.colcon_core.shell:Skip shell extension 'dsv' for command environment
[1.352s] INFO:colcon.colcon_core.task.python.build:Building Python package in '/ros2_ws/src/mission'
[1.353s] INFO:colcon.colcon_core.shell:Skip shell extension 'powershell' for command environment: Not usable outside of PowerShell
[1.353s] DEBUG:colcon.colcon_core.shell:Skip shell extension 'dsv' for command environment
[1.746s] INFO:colcon.colcon_core.task.python.build:Building Python package in '/ros2_ws/src/mission_control'
[1.746s] INFO:colcon.colcon_core.shell:Skip shell extension 'powershell' for command environment: Not usable outside of PowerShell
[1.746s] DEBUG:colcon.colcon_core.shell:Skip shell extension 'dsv' for command environment
[2.706s] DEBUG:colcon.colcon_core.event_handler.log_command:Invoking command in '/ros2_ws/src/mission': PYTHONPATH=/ros2_ws/build/mission/prefix_override:/usr/lib/python3/dist-packages/colcon_core/task/python/colcon_distutils_commands:/ros2_ws/install/mission/lib/python3.10/site-packages:${PYTHONPATH} /usr/bin/python3 -W ignore:setup.py install is deprecated -W ignore:easy_install command is deprecated setup.py egg_info --egg-base ../../build/mission build --build-base /ros2_ws/build/mission/build install --record /ros2_ws/build/mission/install.log --single-version-externally-managed install_data
[2.715s] DEBUG:colcon.colcon_core.event_handler.log_command:Invoking command in '/ros2_ws/src/mission_control': PYTHONPATH=/ros2_ws/build/mission_control/prefix_override:/usr/lib/python3/dist-packages/colcon_core/task/python/colcon_distutils_commands:/ros2_ws/install/mission_control/lib/python3.10/site-packages:${PYTHONPATH} /usr/bin/python3 -W ignore:setup.py install is deprecated -W ignore:easy_install command is deprecated setup.py egg_info --egg-base ../../build/mission_control build --build-base /ros2_ws/build/mission_control/build install --record /ros2_ws/build/mission_control/install.log --single-version-externally-managed install_data
[2.765s] DEBUG:colcon.colcon_core.event_handler.log_command:Invoking command in '/ros2_ws/src/bringup': PYTHONPATH=/ros2_ws/build/bringup/prefix_override:/usr/lib/python3/dist-packages/colcon_core/task/python/colcon_distutils_commands:/ros2_ws/install/bringup/lib/python3.10/site-packages:${PYTHONPATH} /usr/bin/python3 -W ignore:setup.py install is deprecated -W ignore:easy_install command is deprecated setup.py egg_info --egg-base ../../build/bringup build --build-base /ros2_ws/build/bringup/build install --record /ros2_ws/build/bringup/install.log --single-version-externally-managed install_data
[3.622s] DEBUG:colcon.colcon_core.event_handler.log_command:Invoked command in '/ros2_ws/src/mission' returned '0': PYTHONPATH=/ros2_ws/build/mission/prefix_override:/usr/lib/python3/dist-packages/colcon_core/task/python/colcon_distutils_commands:/ros2_ws/install/mission/lib/python3.10/site-packages:${PYTHONPATH} /usr/bin/python3 -W ignore:setup.py install is deprecated -W ignore:easy_install command is deprecated setup.py egg_info --egg-base ../../build/mission build --build-base /ros2_ws/build/mission/build install --record /ros2_ws/build/mission/install.log --single-version-externally-managed install_data
[3.628s] Level 1:colcon.colcon_core.environment:checking '/ros2_ws/install/mission' for CMake module files
[3.629s] Level 1:colcon.colcon_core.environment:checking '/ros2_ws/install/mission' for CMake config files
[3.630s] Level 1:colcon.colcon_core.environment:checking '/ros2_ws/install/mission/lib'
[3.630s] Level 1:colcon.colcon_core.environment:checking '/ros2_ws/install/mission/bin'
[3.630s] Level 1:colcon.colcon_core.environment:checking '/ros2_ws/install/mission/lib/pkgconfig/mission.pc'
[3.631s] Level 1:colcon.colcon_core.environment:checking '/ros2_ws/install/mission/lib/python3.10/site-packages'
[3.631s] Level 1:colcon.colcon_core.shell:create_environment_hook('mission', 'pythonpath')
[3.631s] INFO:colcon.colcon_core.shell:Creating environment hook '/ros2_ws/install/mission/share/mission/hook/pythonpath.ps1'
[3.632s] INFO:colcon.colcon_core.shell:Creating environment descriptor '/ros2_ws/install/mission/share/mission/hook/pythonpath.dsv'
[3.633s] INFO:colcon.colcon_core.shell:Creating environment hook '/ros2_ws/install/mission/share/mission/hook/pythonpath.sh'
[3.634s] Level 1:colcon.colcon_core.environment:checking '/ros2_ws/install/mission/bin'
[3.634s] Level 1:colcon.colcon_core.environment:create_environment_scripts_only(mission)
[3.635s] INFO:colcon.colcon_core.shell:Creating package script '/ros2_ws/install/mission/share/mission/package.ps1'
[3.637s] INFO:colcon.colcon_core.shell:Creating package descriptor '/ros2_ws/install/mission/share/mission/package.dsv'
[3.639s] INFO:colcon.colcon_core.shell:Creating package script '/ros2_ws/install/mission/share/mission/package.sh'
[3.641s] INFO:colcon.colcon_core.shell:Creating package script '/ros2_ws/install/mission/share/mission/package.bash'
[3.643s] INFO:colcon.colcon_core.shell:Creating package script '/ros2_ws/install/mission/share/mission/package.zsh'
[3.644s] Level 1:colcon.colcon_core.environment:create_file_with_runtime_dependencies(/ros2_ws/install/mission/share/colcon-core/packages/mission)
[3.667s] Level 1:colcon.colcon_core.environment:checking '/ros2_ws/install/mission_control' for CMake module files
[3.668s] DEBUG:colcon.colcon_core.event_handler.log_command:Invoked command in '/ros2_ws/src/mission_control' returned '0': PYTHONPATH=/ros2_ws/build/mission_control/prefix_override:/usr/lib/python3/dist-packages/colcon_core/task/python/colcon_distutils_commands:/ros2_ws/install/mission_control/lib/python3.10/site-packages:${PYTHONPATH} /usr/bin/python3 -W ignore:setup.py install is deprecated -W ignore:easy_install command is deprecated setup.py egg_info --egg-base ../../build/mission_control build --build-base /ros2_ws/build/mission_control/build install --record /ros2_ws/build/mission_control/install.log --single-version-externally-managed install_data
[3.669s] Level 1:colcon.colcon_core.environment:checking '/ros2_ws/install/mission_control' for CMake config files
[3.670s] Level 1:colcon.colcon_core.environment:checking '/ros2_ws/install/mission_control/lib'
[3.670s] Level 1:colcon.colcon_core.environment:checking '/ros2_ws/install/mission_control/bin'
[3.670s] Level 1:colcon.colcon_core.environment:checking '/ros2_ws/install/mission_control/lib/pkgconfig/mission_control.pc'
[3.671s] Level 1:colcon.colcon_core.environment:checking '/ros2_ws/install/mission_control/lib/python3.10/site-packages'
[3.671s] Level 1:colcon.colcon_core.shell:create_environment_hook('mission_control', 'pythonpath')
[3.671s] INFO:colcon.colcon_core.shell:Creating environment hook '/ros2_ws/install/mission_control/share/mission_control/hook/pythonpath.ps1'
[3.672s] INFO:colcon.colcon_core.shell:Creating environment descriptor '/ros2_ws/install/mission_control/share/mission_control/hook/pythonpath.dsv'
[3.673s] INFO:colcon.colcon_core.shell:Creating environment hook '/ros2_ws/install/mission_control/share/mission_control/hook/pythonpath.sh'
[3.675s] Level 1:colcon.colcon_core.environment:checking '/ros2_ws/install/mission_control/bin'
[3.675s] Level 1:colcon.colcon_core.environment:create_environment_scripts_only(mission_control)
[3.676s] INFO:colcon.colcon_core.shell:Creating package script '/ros2_ws/install/mission_control/share/mission_control/package.ps1'
[3.677s] INFO:colcon.colcon_core.shell:Creating package descriptor '/ros2_ws/install/mission_control/share/mission_control/package.dsv'
[3.679s] INFO:colcon.colcon_core.shell:Creating package script '/ros2_ws/install/mission_control/share/mission_control/package.sh'
[3.680s] INFO:colcon.colcon_core.shell:Creating package script '/ros2_ws/install/mission_control/share/mission_control/package.bash'
[3.681s] INFO:colcon.colcon_core.shell:Creating package script '/ros2_ws/install/mission_control/share/mission_control/package.zsh'
[3.682s] Level 1:colcon.colcon_core.environment:create_file_with_runtime_dependencies(/ros2_ws/install/mission_control/share/colcon-core/packages/mission_control)
[3.685s] Level 1:colcon.colcon_core.environment:checking '/ros2_ws/install/bringup' for CMake module files
[3.688s] DEBUG:colcon.colcon_core.event_handler.log_command:Invoked command in '/ros2_ws/src/bringup' returned '0': PYTHONPATH=/ros2_ws/build/bringup/prefix_override:/usr/lib/python3/dist-packages/colcon_core/task/python/colcon_distutils_commands:/ros2_ws/install/bringup/lib/python3.10/site-packages:${PYTHONPATH} /usr/bin/python3 -W ignore:setup.py install is deprecated -W ignore:easy_install command is deprecated setup.py egg_info --egg-base ../../build/bringup build --build-base /ros2_ws/build/bringup/build install --record /ros2_ws/build/bringup/install.log --single-version-externally-managed install_data
[3.689s] Level 1:colcon.colcon_core.environment:checking '/ros2_ws/install/bringup' for CMake config files
[3.690s] Level 1:colcon.colcon_core.environment:checking '/ros2_ws/install/bringup/lib'
[3.690s] Level 1:colcon.colcon_core.environment:checking '/ros2_ws/install/bringup/bin'
[3.690s] Level 1:colcon.colcon_core.environment:checking '/ros2_ws/install/bringup/lib/pkgconfig/bringup.pc'
[3.690s] Level 1:colcon.colcon_core.environment:checking '/ros2_ws/install/bringup/lib/python3.10/site-packages'
[3.690s] Level 1:colcon.colcon_core.shell:create_environment_hook('bringup', 'pythonpath')
[3.691s] INFO:colcon.colcon_core.shell:Creating environment hook '/ros2_ws/install/bringup/share/bringup/hook/pythonpath.ps1'
[3.691s] INFO:colcon.colcon_core.shell:Creating environment descriptor '/ros2_ws/install/bringup/share/bringup/hook/pythonpath.dsv'
[3.692s] INFO:colcon.colcon_core.shell:Creating environment hook '/ros2_ws/install/bringup/share/bringup/hook/pythonpath.sh'
[3.693s] Level 1:colcon.colcon_core.environment:checking '/ros2_ws/install/bringup/bin'
[3.693s] Level 1:colcon.colcon_core.environment:create_environment_scripts_only(bringup)
[3.693s] INFO:colcon.colcon_core.shell:Creating package script '/ros2_ws/install/bringup/share/bringup/package.ps1'
[3.694s] INFO:colcon.colcon_core.shell:Creating package descriptor '/ros2_ws/install/bringup/share/bringup/package.dsv'
[3.695s] INFO:colcon.colcon_core.shell:Creating package script '/ros2_ws/install/bringup/share/bringup/package.sh'
[3.696s] INFO:colcon.colcon_core.shell:Creating package script '/ros2_ws/install/bringup/share/bringup/package.bash'
[3.697s] INFO:colcon.colcon_core.shell:Creating package script '/ros2_ws/install/bringup/share/bringup/package.zsh'
[3.698s] Level 1:colcon.colcon_core.environment:create_file_with_runtime_dependencies(/ros2_ws/install/bringup/share/colcon-core/packages/bringup)
[3.699s] DEBUG:colcon.colcon_parallel_executor.executor.parallel:closing loop
[3.700s] DEBUG:colcon.colcon_parallel_executor.executor.parallel:loop closed
[3.700s] DEBUG:colcon.colcon_parallel_executor.executor.parallel:run_until_complete finished with '0'
[3.701s] DEBUG:colcon.colcon_core.event_reactor:joining thread
[3.715s] INFO:colcon.colcon_core.plugin_system:Skipping extension 'colcon_notification.desktop_notification.notify_send': Could not find 'notify-send'
[3.715s] INFO:colcon.colcon_core.plugin_system:Skipping extension 'colcon_notification.desktop_notification.terminal_notifier': Not used on non-Darwin systems
[3.715s] INFO:colcon.colcon_core.plugin_system:Skipping extension 'colcon_notification.desktop_notification.win32': Not used on non-Windows systems
[3.715s] INFO:colcon.colcon_notification.desktop_notification:Sending desktop notification using 'notify2'
[3.721s] DEBUG:colcon.colcon_notification.desktop_notification.notify2:Failed to initialize notify2: org.freedesktop.DBus.Error.Spawn.ExecFailed: /usr/bin/dbus-launch terminated abnormally without any error message
[3.722s] DEBUG:colcon.colcon_core.event_reactor:joined thread
[3.723s] INFO:colcon.colcon_core.shell:Creating prefix script '/ros2_ws/install/local_setup.ps1'
[3.725s] INFO:colcon.colcon_core.shell:Creating prefix util module '/ros2_ws/install/_local_setup_util_ps1.py'
[3.728s] INFO:colcon.colcon_core.shell:Creating prefix chain script '/ros2_ws/install/setup.ps1'
[3.730s] INFO:colcon.colcon_core.shell:Creating prefix script '/ros2_ws/install/local_setup.sh'
[3.731s] INFO:colcon.colcon_core.shell:Creating prefix util module '/ros2_ws/install/_local_setup_util_sh.py'
[3.732s] INFO:colcon.colcon_core.shell:Creating prefix chain script '/ros2_ws/install/setup.sh'
[3.734s] INFO:colcon.colcon_core.shell:Creating prefix script '/ros2_ws/install/local_setup.bash'
[3.735s] INFO:colcon.colcon_core.shell:Creating prefix chain script '/ros2_ws/install/setup.bash'
[3.737s] INFO:colcon.colcon_core.shell:Creating prefix script '/ros2_ws/install/local_setup.zsh'
[3.738s] INFO:colcon.colcon_core.shell:Creating prefix chain script '/ros2_ws/install/setup.zsh'
